<?xml version="1.0" encoding="UTF-8"?>
<testsuite xmlns:xsi="http://www.w3.org/2001/XMLSchema-instance" xsi:noNamespaceSchemaLocation="https://maven.apache.org/surefire/maven-failsafe-plugin/xsd/failsafe-test-report-3.0.xsd" version="3.0" name="Run a simple performance test using a give JMX file" time="30.96" tests="1" errors="0" skipped="0" failures="0">
  <properties>
[...]
</properties>
  <testcase name="Performance testing using a preconfigured JMX file" classname="Run a simple performance test using a give JMX file" time="30.96">
    <system-out><![CDATA[SLF4J: Class path contains multiple SLF4J bindings.
SLF4J: Found binding in [jar:file:/C:/Users/MartinS/.m2/repository/ch/qos/logback/logback-classic/1.0.13/logback-classic-1.0.13.jar!/org/slf4j/impl/StaticLoggerBinder.class]
SLF4J: Found binding in [jar:file:/C:/Users/MartinS/.m2/repository/org/apache/logging/log4j/log4j-slf4j-impl/2.13.3/log4j-slf4j-impl-2.13.3.jar!/org/slf4j/impl/StaticLoggerBinder.class]
SLF4J: See http://www.slf4j.org/codes.html#multiple_bindings for an explanation.
SLF4J: Actual binding is of type [ch.qos.logback.classic.util.ContextSelectorStaticBinder]
10:13:50.309 [main] INFO  i.c.core.plugin.SerenityReporter - Running feature from file:///C:/Users/MartinS/OneDrive%20-%202i%20Limited/Jmeter_framework/generated-framework/src/test/resources/features/API/ApiTesting.feature

10:13:50.643 [main] INFO   - 

-------------------------------------------------------------------------------------
     _______. _______ .______       _______ .__   __.  __  .___________.____    ____ 
    /       ||   ____||   _  \     |   ____||  \ |  | |  | |           |\   \  /   / 
   |   (----`|  |__   |  |_)  |    |  |__   |   \|  | |  | `---|  |----` \   \/   /  
    \   \    |   __|  |      /     |   __|  |  . `  | |  |     |  |       \_    _/   
.----)   |   |  |____ |  |\  \----.|  |____ |  |\   | |  |     |  |         |  |     
|_______/    |_______|| _| `._____||_______||__| \__| |__|     |__|         |__|    
                                                                                     
 News and tutorials at http://www.serenity-bdd.info                                  
 Documentation at https://wakaleo.gitbooks.io/the-serenity-book/content/             
 Join the Serenity Community on Gitter: https://gitter.im/serenity-bdd/serenity-core 
 Serenity BDD Support and Training at http://serenity-bdd.info/#/trainingandsupport  
-------------------------------------------------------------------------------------


10:13:50.654 [main] INFO   - Test Suite Started: Automated API Test using restassured

10:13:50.683 [main] INFO  i.c.core.plugin.SerenityReporter - Running feature from file:///C:/Users/MartinS/OneDrive%20-%202i%20Limited/Jmeter_framework/generated-framework/src/test/resources/features/Jmeter/JmeterPerformanceTest.feature

10:13:50.691 [main] INFO   - Test Suite Started: Run a simple performance test using a give JMX file

10:13:50.691 [main] INFO  i.c.core.plugin.SerenityReporter - Running feature from file:///C:/Users/MartinS/OneDrive%20-%202i%20Limited/Jmeter_framework/generated-framework/src/test/resources/features/UI/duckduckgo.feature

10:13:50.703 [main] INFO   - Test Suite Started: Duckduckgo automated test



1
 Scenarios (
&amp#27;[32m1 passed&amp#27;[0m
)


2
 Steps (
&amp#27;[32m2 passed&amp#27;[0m
)


0m
31.383s






10:14:21.706 [pool-3-thread-1] INFO  n.t.core.reports.ReportService - net.thucydides.core.reports.json.JSONTestOutcomeReporter@74aa9c72: Generating report for test outcome: Run a simple performance test using a give JMX file:Performance testing using a preconfigured JMX file

10:14:21.776 [pool-4-thread-1] INFO  n.t.core.reports.ReportService - net.thucydides.core.reports.html.HtmlAcceptanceTestReporter@6ab4ba9f: Generating report for test outcome: Run a simple performance test using a give JMX file:Performance testing using a preconfigured JMX file

10:14:25.947 [main] INFO  i.c.core.plugin.SerenityReporter - Cleanup test resources for URI file:///C:/Users/MartinS/OneDrive%20-%202i%20Limited/Jmeter_framework/generated-framework/src/test/resources/features/Jmeter/JmeterPerformanceTest.feature


@Jmeter @Performance
Scenario: Performance testing using a preconfigured JMX file                        &amp#27;[90m# src/test/resources/features/Jmeter/JmeterPerformanceTest.feature:4&amp#27;[0m
10:13:52.440 [pool-2-thread-1] INFO  i.c.core.plugin.SerenityReporter - Running feature from file:///C:/Users/MartinS/OneDrive%20-%202i%20Limited/Jmeter_framework/generated-framework/src/test/resources/features/Jmeter/JmeterPerformanceTest.feature
10:13:52.640 [pool-2-thread-1] INFO   - 
  _____   ___   ___   _____     ___   _____     _     ___   _____   ___   ___  
 |_   _| | __| / __| |_   _|   / __| |_   _|   /_\   | _ \ |_   _| | __| |   \ 
   | |   | _|  \__ \   | |     \__ \   | |    / _ \  |   /   | |   | _|  | |) |
   |_|   |___| |___/   |_|     |___/   |_|   /_/ \_\ |_|_\   |_|   |___| |___/ 

Performance testing using a preconfigured JMX file(run-a-simple-performance-test-using-a-give-jmx-file;performance-testing-using-a-preconfigured-jmx-file)
--------------------------------------------------------------------------------
  &amp#27;[32mWhen &amp#27;[0m&amp#27;[32mthe following volumetrics are used for the JMX file: "&amp#27;[0m&amp#27;[32m&amp#27;[1mView Results Tree.jmx&amp#27;[0m&amp#27;[32m"&amp#27;[0m &amp#27;[90m# jmeter.stepdefinitions.JmeterSteps.useVolumetrics(java.lang.String,io.cucumber.datatable.DataTable)&amp#27;[0m
10:13:54.363 [pool-2-thread-1] WARN  org.apache.jmeter.util.JMeterUtils - Exception 'null' occurred when fetching boolean property:'server.exitaftertest', defaulting to: false
10:13:54.365 [pool-2-thread-1] WARN  org.apache.jmeter.util.JMeterUtils - Exception 'null' occurred when fetching boolean property:'jmeterengine.remote.system.exit', defaulting to: false
10:13:54.365 [pool-2-thread-1] WARN  org.apache.jmeter.util.JMeterUtils - Exception 'null' occurred when fetching boolean property:'jmeterengine.stopfail.system.exit', defaulting to: true
10:13:54.366 [pool-2-thread-1] WARN  org.apache.jmeter.util.JMeterUtils - Exception 'null' occurred when fetching boolean property:'jmeterengine.force.system.exit', defaulting to: false
10:13:54.369 [pool-2-thread-1] INFO  org.apache.jmeter.util.JMeterUtils - Setting Locale to en_GB
10:13:55.003 [pool-2-thread-1] INFO  org.apache.jmeter.save.SaveService - Testplan (JMX) version: 2.2. Testlog (JTL) version: 2.2
10:13:55.029 [pool-2-thread-1] INFO  org.apache.jmeter.save.SaveService - Using SaveService properties version 3.2
10:13:55.041 [pool-2-thread-1] INFO  org.apache.jmeter.save.SaveService - Using SaveService properties file encoding UTF-8
10:13:55.052 [pool-2-thread-1] WARN  org.apache.jmeter.save.SaveService - Bad _version - expected 5.0, found 3.2.
10:13:55.054 [pool-2-thread-1] INFO  org.apache.jmeter.save.SaveService - Loading file: src\test\java\jmeter\jmx\View Results Tree.jmx
10:13:55.153 [pool-2-thread-1] INFO  o.a.j.p.http.sampler.HTTPSamplerBase - Parser for text/html is org.apache.jmeter.protocol.http.parser.LagartoBasedHtmlParser
10:13:55.153 [pool-2-thread-1] INFO  o.a.j.p.http.sampler.HTTPSamplerBase - Parser for application/xhtml+xml is org.apache.jmeter.protocol.http.parser.LagartoBasedHtmlParser
10:13:55.153 [pool-2-thread-1] INFO  o.a.j.p.http.sampler.HTTPSamplerBase - Parser for application/xml is org.apache.jmeter.protocol.http.parser.LagartoBasedHtmlParser
10:13:55.153 [pool-2-thread-1] INFO  o.a.j.p.http.sampler.HTTPSamplerBase - Parser for text/xml is org.apache.jmeter.protocol.http.parser.LagartoBasedHtmlParser
10:13:55.153 [pool-2-thread-1] INFO  o.a.j.p.http.sampler.HTTPSamplerBase - Parser for text/vnd.wap.wml is org.apache.jmeter.protocol.http.parser.RegexpHTMLParser
10:13:55.153 [pool-2-thread-1] INFO  o.a.j.p.http.sampler.HTTPSamplerBase - Parser for text/css is org.apache.jmeter.protocol.http.parser.CssParser
10:13:55.206 [pool-2-thread-1] INFO  o.a.j.engine.StandardJMeterEngine - Running the test!
10:13:55.220 [pool-2-thread-1] INFO  o.apache.jmeter.samplers.SampleEvent - List of sample_variables: []
10:13:55.220 [pool-2-thread-1] INFO  o.apache.jmeter.samplers.SampleEvent - List of sample_variables: []
10:13:55.226 [pool-2-thread-1] INFO  o.a.j.engine.util.CompoundVariable - Note: Function class names must contain the string: '.functions.'
10:13:55.227 [pool-2-thread-1] INFO  o.a.j.engine.util.CompoundVariable - Note: Function class names must not contain the string: '.gui.'
10:13:55.235 [pool-2-thread-1] WARN  o.a.j.engine.util.CompoundVariable - Did not find any functions
10:13:55.251 [pool-2-thread-1] INFO  o.apache.jmeter.services.FileServer - Default base='C:\Users\MartinS\OneDrive - 2i Limited\Jmeter_framework\generated-framework'
10:13:55.319 [pool-2-thread-1] INFO  o.a.j.engine.StandardJMeterEngine - Starting ThreadGroup: 1 : Thread Group
10:13:55.320 [pool-2-thread-1] INFO  o.a.j.engine.StandardJMeterEngine - Starting 800 threads for group Thread Group.
10:13:55.320 [pool-2-thread-1] INFO  o.a.j.engine.StandardJMeterEngine - Thread will continue on error
10:13:55.320 [pool-2-thread-1] INFO  o.apache.jmeter.threads.ThreadGroup - Starting thread group... number=1 threads=800 ramp-up=10 delayedStart=false
10:13:55.356 [Thread Group 1-1] INFO  o.apache.jmeter.threads.JMeterThread - Thread started: Thread Group 1-1
10:13:55.367 [Thread Group 1-2] INFO  o.apache.jmeter.threads.JMeterThread - Thread started: Thread Group 1-2
10:13:55.375 [Thread Group 1-3] INFO  o.apache.jmeter.threads.JMeterThread - Thread started: Thread Group 1-3
10:13:55.378 [Thread Group 1-4] INFO  o.apache.jmeter.threads.JMeterThread - Thread started: Thread Group 1-4
10:13:55.388 [Thread Group 1-5] INFO  o.apache.jmeter.threads.JMeterThread - Thread started: Thread Group 1-5
10:13:55.391 [Thread Group 1-6] INFO  o.apache.jmeter.threads.JMeterThread - Thread started: Thread Group 1-6
10:13:55.415 [Thread Group 1-7] INFO  o.apache.jmeter.threads.JMeterThread - Thread started: Thread Group 1-7
10:13:55.423 [Thread Group 1-8] INFO  o.apache.jmeter.threads.JMeterThread - Thread started: Thread Group 1-8
10:13:55.428 [Thread Group 1-9] INFO  o.apache.jmeter.threads.JMeterThread - Thread started: Thread Group 1-9
10:13:55.438 [Thread Group 1-10] INFO  o.apache.jmeter.threads.JMeterThread - Thread started: Thread Group 1-10
10:13:55.452 [Thread Group 1-11] INFO  o.apache.jmeter.threads.JMeterThread - Thread started: Thread Group 1-11
10:13:55.464 [Thread Group 1-12] INFO  o.apache.jmeter.threads.JMeterThread - Thread started: Thread Group 1-12
10:13:55.477 [Thread Group 1-13] INFO  o.apache.jmeter.threads.JMeterThread - Thread started: Thread Group 1-13
10:13:55.491 [Thread Group 1-14] INFO  o.apache.jmeter.threads.JMeterThread - Thread started: Thread Group 1-14
10:13:55.506 [Thread Group 1-15] INFO  o.apache.jmeter.threads.JMeterThread - Thread started: Thread Group 1-15
10:13:55.521 [Thread Group 1-16] INFO  o.apache.jmeter.threads.JMeterThread - Thread started: Thread Group 1-16
10:13:55.535 [Thread Group 1-17] INFO  o.apache.jmeter.threads.JMeterThread - Thread started: Thread Group 1-17
10:13:55.550 [Thread Group 1-18] INFO  o.apache.jmeter.threads.JMeterThread - Thread started: Thread Group 1-18
10:13:55.556 [Thread Group 1-19] INFO  o.apache.jmeter.threads.JMeterThread - Thread started: Thread Group 1-19
10:13:55.570 [Thread Group 1-20] INFO  o.apache.jmeter.threads.JMeterThread - Thread started: Thread Group 1-20
10:13:55.582 [Thread Group 1-21] INFO  o.apache.jmeter.threads.JMeterThread - Thread started: Thread Group 1-21
10:13:55.594 [Thread Group 1-22] INFO  o.apache.jmeter.threads.JMeterThread - Thread started: Thread Group 1-22
10:13:55.609 [Thread Group 1-23] INFO  o.apache.jmeter.threads.JMeterThread - Thread started: Thread Group 1-23
10:13:55.622 [Thread Group 1-24] INFO  o.apache.jmeter.threads.JMeterThread - Thread started: Thread Group 1-24
10:13:55.639 [Thread Group 1-25] INFO  o.apache.jmeter.threads.JMeterThread - Thread started: Thread Group 1-25
10:13:55.654 [Thread Group 1-26] INFO  o.apache.jmeter.threads.JMeterThread - Thread started: Thread Group 1-26
10:13:55.662 [Thread Group 1-27] INFO  o.apache.jmeter.threads.JMeterThread - Thread started: Thread Group 1-27
10:13:55.674 [Thread Group 1-28] INFO  o.apache.jmeter.threads.JMeterThread - Thread started: Thread Group 1-28
10:13:55.686 [Thread Group 1-29] INFO  o.apache.jmeter.threads.JMeterThread - Thread started: Thread Group 1-29
10:13:55.698 [Thread Group 1-30] INFO  o.apache.jmeter.threads.JMeterThread - Thread started: Thread Group 1-30
10:13:55.711 [Thread Group 1-31] INFO  o.apache.jmeter.threads.JMeterThread - Thread started: Thread Group 1-31
10:13:55.725 [Thread Group 1-32] INFO  o.apache.jmeter.threads.JMeterThread - Thread started: Thread Group 1-32
10:13:55.737 [Thread Group 1-33] INFO  o.apache.jmeter.threads.JMeterThread - Thread started: Thread Group 1-33
10:13:55.751 [Thread Group 1-34] INFO  o.apache.jmeter.threads.JMeterThread - Thread started: Thread Group 1-34
10:13:55.765 [Thread Group 1-35] INFO  o.apache.jmeter.threads.JMeterThread - Thread started: Thread Group 1-35
10:13:55.776 [Thread Group 1-36] INFO  o.apache.jmeter.threads.JMeterThread - Thread started: Thread Group 1-36
10:13:55.789 [Thread Group 1-37] INFO  o.apache.jmeter.threads.JMeterThread - Thread started: Thread Group 1-37
10:13:55.802 [Thread Group 1-38] INFO  o.apache.jmeter.threads.JMeterThread - Thread started: Thread Group 1-38
10:13:55.816 [Thread Group 1-39] INFO  o.apache.jmeter.threads.JMeterThread - Thread started: Thread Group 1-39
10:13:55.835 [Thread Group 1-40] INFO  o.apache.jmeter.threads.JMeterThread - Thread started: Thread Group 1-40
10:13:55.847 [Thread Group 1-41] INFO  o.apache.jmeter.threads.JMeterThread - Thread started: Thread Group 1-41
10:13:55.857 [Thread Group 1-42] INFO  o.apache.jmeter.threads.JMeterThread - Thread started: Thread Group 1-42
10:13:55.868 [Thread Group 1-43] INFO  o.apache.jmeter.threads.JMeterThread - Thread started: Thread Group 1-43
10:13:55.928 [Thread Group 1-47] INFO  o.apache.jmeter.threads.JMeterThread - Thread started: Thread Group 1-47
10:13:55.931 [Thread Group 1-46] INFO  o.apache.jmeter.threads.JMeterThread - Thread started: Thread Group 1-46
10:13:55.933 [Thread Group 1-48] INFO  o.apache.jmeter.threads.JMeterThread - Thread started: Thread Group 1-48
10:13:55.934 [Thread Group 1-44] INFO  o.apache.jmeter.threads.JMeterThread - Thread started: Thread Group 1-44
10:13:55.934 [Thread Group 1-45] INFO  o.apache.jmeter.threads.JMeterThread - Thread started: Thread Group 1-45
10:13:55.946 [Thread Group 1-49] INFO  o.apache.jmeter.threads.JMeterThread - Thread started: Thread Group 1-49
10:13:55.959 [Thread Group 1-50] INFO  o.apache.jmeter.threads.JMeterThread - Thread started: Thread Group 1-50
10:13:55.972 [Thread Group 1-51] INFO  o.apache.jmeter.threads.JMeterThread - Thread started: Thread Group 1-51
10:13:55.985 [Thread Group 1-52] INFO  o.apache.jmeter.threads.JMeterThread - Thread started: Thread Group 1-52
10:13:55.989 [pool-2-thread-1] INFO  o.apache.jmeter.threads.ThreadGroup - Started thread group number 1
10:13:55.990 [pool-2-thread-1] INFO  o.a.j.engine.StandardJMeterEngine - All thread groups have been started
10:13:56.039 [Thread Group 1-54] INFO  o.apache.jmeter.threads.JMeterThread - Thread started: Thread Group 1-54
10:13:56.039 [Thread Group 1-53] INFO  o.apache.jmeter.threads.JMeterThread - Thread started: Thread Group 1-53
10:13:56.039 [Thread Group 1-56] INFO  o.apache.jmeter.threads.JMeterThread - Thread started: Thread Group 1-56
10:13:56.039 [Thread Group 1-55] INFO  o.apache.jmeter.threads.JMeterThread - Thread started: Thread Group 1-55
10:13:56.050 [Thread Group 1-57] INFO  o.apache.jmeter.threads.JMeterThread - Thread started: Thread Group 1-57
10:13:56.063 [Thread Group 1-58] INFO  o.apache.jmeter.threads.JMeterThread - Thread started: Thread Group 1-58
10:13:56.068 [Thread Group 1-5] INFO  o.a.j.p.h.sampler.HTTPHCAbstractImpl - Local host = LAPTOP-G26T4BL8
10:13:56.077 [Thread Group 1-59] INFO  o.apache.jmeter.threads.JMeterThread - Thread started: Thread Group 1-59
10:13:56.092 [Thread Group 1-60] INFO  o.apache.jmeter.threads.JMeterThread - Thread started: Thread Group 1-60
10:13:56.104 [Thread Group 1-5] INFO  o.a.j.p.http.sampler.HTTPHC4Impl - HTTP request retry count = 0
10:13:56.107 [Thread Group 1-61] INFO  o.apache.jmeter.threads.JMeterThread - Thread started: Thread Group 1-61
10:13:56.107 [Thread Group 1-5] INFO  o.a.jmeter.samplers.SampleResult - Note: Sample TimeStamps are START times
10:13:56.107 [Thread Group 1-5] INFO  o.a.jmeter.samplers.SampleResult - sampleresult.default.encoding is set to ISO-8859-1
10:13:56.107 [Thread Group 1-5] INFO  o.a.jmeter.samplers.SampleResult - sampleresult.useNanoTime=true
10:13:56.107 [Thread Group 1-5] INFO  o.a.jmeter.samplers.SampleResult - sampleresult.nanoThreadSleep=5000
10:13:56.117 [Thread Group 1-62] INFO  o.apache.jmeter.threads.JMeterThread - Thread started: Thread Group 1-62
10:13:56.136 [Thread Group 1-63] INFO  o.apache.jmeter.threads.JMeterThread - Thread started: Thread Group 1-63
10:13:56.139 [Thread Group 1-64] INFO  o.apache.jmeter.threads.JMeterThread - Thread started: Thread Group 1-64
10:13:56.153 [Thread Group 1-65] INFO  o.apache.jmeter.threads.JMeterThread - Thread started: Thread Group 1-65
10:13:56.166 [Thread Group 1-66] INFO  o.apache.jmeter.threads.JMeterThread - Thread started: Thread Group 1-66
10:13:56.183 [Thread Group 1-67] INFO  o.apache.jmeter.threads.JMeterThread - Thread started: Thread Group 1-67
10:13:56.193 [Thread Group 1-68] INFO  o.apache.jmeter.threads.JMeterThread - Thread started: Thread Group 1-68
10:13:56.210 [Thread Group 1-69] INFO  o.apache.jmeter.threads.JMeterThread - Thread started: Thread Group 1-69
10:13:56.219 [Thread Group 1-70] INFO  o.apache.jmeter.threads.JMeterThread - Thread started: Thread Group 1-70
10:13:56.232 [Thread Group 1-71] INFO  o.apache.jmeter.threads.JMeterThread - Thread started: Thread Group 1-71
10:13:56.249 [Thread Group 1-72] INFO  o.apache.jmeter.threads.JMeterThread - Thread started: Thread Group 1-72
10:13:56.258 [Thread Group 1-73] INFO  o.apache.jmeter.threads.JMeterThread - Thread started: Thread Group 1-73
10:13:56.271 [Thread Group 1-74] INFO  o.apache.jmeter.threads.JMeterThread - Thread started: Thread Group 1-74
10:13:56.284 [Thread Group 1-75] INFO  o.apache.jmeter.threads.JMeterThread - Thread started: Thread Group 1-75
10:13:56.302 [Thread Group 1-76] INFO  o.apache.jmeter.threads.JMeterThread - Thread started: Thread Group 1-76
10:13:56.311 [Thread Group 1-77] INFO  o.apache.jmeter.threads.JMeterThread - Thread started: Thread Group 1-77
10:13:56.329 [Thread Group 1-78] INFO  o.apache.jmeter.threads.JMeterThread - Thread started: Thread Group 1-78
10:13:56.341 [Thread Group 1-79] INFO  o.apache.jmeter.threads.JMeterThread - Thread started: Thread Group 1-79
10:13:56.352 [Thread Group 1-80] INFO  o.apache.jmeter.threads.JMeterThread - Thread started: Thread Group 1-80
10:13:56.363 [Thread Group 1-81] INFO  o.apache.jmeter.threads.JMeterThread - Thread started: Thread Group 1-81
10:13:56.376 [Thread Group 1-82] INFO  o.apache.jmeter.threads.JMeterThread - Thread started: Thread Group 1-82
10:13:56.393 [Thread Group 1-83] INFO  o.apache.jmeter.threads.JMeterThread - Thread started: Thread Group 1-83
10:13:56.400 [Thread Group 1-84] INFO  o.apache.jmeter.threads.JMeterThread - Thread started: Thread Group 1-84
10:13:56.414 [Thread Group 1-85] INFO  o.apache.jmeter.threads.JMeterThread - Thread started: Thread Group 1-85
10:13:56.453 [Thread Group 1-88] INFO  o.apache.jmeter.threads.JMeterThread - Thread started: Thread Group 1-88
10:13:56.457 [Thread Group 1-86] INFO  o.apache.jmeter.threads.JMeterThread - Thread started: Thread Group 1-86
10:13:56.458 [Thread Group 1-87] INFO  o.apache.jmeter.threads.JMeterThread - Thread started: Thread Group 1-87
10:13:56.465 [Thread Group 1-89] INFO  o.apache.jmeter.threads.JMeterThread - Thread started: Thread Group 1-89
10:13:56.480 [Thread Group 1-90] INFO  o.apache.jmeter.threads.JMeterThread - Thread started: Thread Group 1-90
10:13:56.494 [Thread Group 1-91] INFO  o.apache.jmeter.threads.JMeterThread - Thread started: Thread Group 1-91
10:13:56.511 [Thread Group 1-92] INFO  o.apache.jmeter.threads.JMeterThread - Thread started: Thread Group 1-92
10:13:56.521 [Thread Group 1-93] INFO  o.apache.jmeter.threads.JMeterThread - Thread started: Thread Group 1-93
10:13:56.532 [Thread Group 1-94] INFO  o.apache.jmeter.threads.JMeterThread - Thread started: Thread Group 1-94
10:13:56.543 [Thread Group 1-95] INFO  o.apache.jmeter.threads.JMeterThread - Thread started: Thread Group 1-95
10:13:56.556 [Thread Group 1-96] INFO  o.apache.jmeter.threads.JMeterThread - Thread started: Thread Group 1-96
10:13:56.569 [Thread Group 1-97] INFO  o.apache.jmeter.threads.JMeterThread - Thread started: Thread Group 1-97
10:13:56.583 [Thread Group 1-98] INFO  o.apache.jmeter.threads.JMeterThread - Thread started: Thread Group 1-98
10:13:56.596 [Thread Group 1-99] INFO  o.apache.jmeter.threads.JMeterThread - Thread started: Thread Group 1-99
10:13:56.609 [Thread Group 1-100] INFO  o.apache.jmeter.threads.JMeterThread - Thread started: Thread Group 1-100
10:13:56.621 [Thread Group 1-101] INFO  o.apache.jmeter.threads.JMeterThread - Thread started: Thread Group 1-101
10:13:56.635 [Thread Group 1-102] INFO  o.apache.jmeter.threads.JMeterThread - Thread started: Thread Group 1-102
10:13:56.648 [Thread Group 1-103] INFO  o.apache.jmeter.threads.JMeterThread - Thread started: Thread Group 1-103
10:13:56.660 [Thread Group 1-104] INFO  o.apache.jmeter.threads.JMeterThread - Thread started: Thread Group 1-104
10:13:56.674 [Thread Group 1-51] INFO  o.a.j.p.h.s.h.LazyLayeredConnectionSocketFactory - Setting up HTTPS TrustAll Socket Factory
10:13:56.674 [Thread Group 1-105] INFO  o.apache.jmeter.threads.JMeterThread - Thread started: Thread Group 1-105
10:13:56.686 [Thread Group 1-106] INFO  o.apache.jmeter.threads.JMeterThread - Thread started: Thread Group 1-106
10:13:56.691 [Thread Group 1-51] INFO  o.apache.jmeter.util.JsseSSLManager - Using default SSL protocol: SSLv3
10:13:56.692 [Thread Group 1-51] INFO  o.apache.jmeter.util.JsseSSLManager - SSL session context: per-thread
10:13:56.699 [Thread Group 1-107] INFO  o.apache.jmeter.threads.JMeterThread - Thread started: Thread Group 1-107
10:13:56.715 [Thread Group 1-108] INFO  o.apache.jmeter.threads.JMeterThread - Thread started: Thread Group 1-108
10:13:56.724 [Thread Group 1-109] INFO  o.apache.jmeter.threads.JMeterThread - Thread started: Thread Group 1-109
10:13:56.739 [Thread Group 1-110] INFO  o.apache.jmeter.threads.JMeterThread - Thread started: Thread Group 1-110
10:13:56.751 [Thread Group 1-111] INFO  o.apache.jmeter.threads.JMeterThread - Thread started: Thread Group 1-111
10:13:56.764 [Thread Group 1-112] INFO  o.apache.jmeter.threads.JMeterThread - Thread started: Thread Group 1-112
10:13:56.778 [Thread Group 1-113] INFO  o.apache.jmeter.threads.JMeterThread - Thread started: Thread Group 1-113
10:13:56.790 [Thread Group 1-114] INFO  o.apache.jmeter.threads.JMeterThread - Thread started: Thread Group 1-114
10:13:56.803 [Thread Group 1-115] INFO  o.apache.jmeter.threads.JMeterThread - Thread started: Thread Group 1-115
10:13:56.819 [Thread Group 1-116] INFO  o.apache.jmeter.threads.JMeterThread - Thread started: Thread Group 1-116
10:13:56.832 [Thread Group 1-117] INFO  o.apache.jmeter.threads.JMeterThread - Thread started: Thread Group 1-117
10:13:56.844 [Thread Group 1-118] INFO  o.apache.jmeter.threads.JMeterThread - Thread started: Thread Group 1-118
10:13:56.857 [Thread Group 1-119] INFO  o.apache.jmeter.threads.JMeterThread - Thread started: Thread Group 1-119
10:13:56.872 [Thread Group 1-120] INFO  o.apache.jmeter.threads.JMeterThread - Thread started: Thread Group 1-120
10:13:56.883 [Thread Group 1-121] INFO  o.apache.jmeter.threads.JMeterThread - Thread started: Thread Group 1-121
10:13:56.900 [Thread Group 1-122] INFO  o.apache.jmeter.threads.JMeterThread - Thread started: Thread Group 1-122
10:13:56.908 [Thread Group 1-123] INFO  o.apache.jmeter.threads.JMeterThread - Thread started: Thread Group 1-123
10:13:56.920 [Thread Group 1-124] INFO  o.apache.jmeter.threads.JMeterThread - Thread started: Thread Group 1-124
10:13:56.933 [Thread Group 1-125] INFO  o.apache.jmeter.threads.JMeterThread - Thread started: Thread Group 1-125
10:13:56.949 [Thread Group 1-126] INFO  o.apache.jmeter.threads.JMeterThread - Thread started: Thread Group 1-126
10:13:56.959 [Thread Group 1-127] INFO  o.apache.jmeter.threads.JMeterThread - Thread started: Thread Group 1-127
10:13:56.975 [Thread Group 1-128] INFO  o.apache.jmeter.threads.JMeterThread - Thread started: Thread Group 1-128
10:13:56.990 [Thread Group 1-129] INFO  o.apache.jmeter.threads.JMeterThread - Thread started: Thread Group 1-129
10:13:56.997 [Thread Group 1-130] INFO  o.apache.jmeter.threads.JMeterThread - Thread started: Thread Group 1-130
10:13:57.011 [Thread Group 1-131] INFO  o.apache.jmeter.threads.JMeterThread - Thread started: Thread Group 1-131
10:13:57.024 [Thread Group 1-132] INFO  o.apache.jmeter.threads.JMeterThread - Thread started: Thread Group 1-132
10:13:57.037 [Thread Group 1-133] INFO  o.apache.jmeter.threads.JMeterThread - Thread started: Thread Group 1-133
10:13:57.059 [Thread Group 1-134] INFO  o.apache.jmeter.threads.JMeterThread - Thread started: Thread Group 1-134
10:13:57.060 [Thread Group 1-64] INFO  org.apache.jmeter.util.SSLManager - JmeterKeyStore Location:  type JKS
10:13:57.074 [Thread Group 1-135] INFO  o.apache.jmeter.threads.JMeterThread - Thread started: Thread Group 1-135
10:13:57.075 [Thread Group 1-64] INFO  org.apache.jmeter.util.SSLManager - KeyStore created OK
10:13:57.076 [Thread Group 1-64] WARN  org.apache.jmeter.util.SSLManager - Keystore file not found, loading empty keystore
10:13:57.088 [Thread Group 1-136] INFO  o.apache.jmeter.threads.JMeterThread - Thread started: Thread Group 1-136
10:13:57.090 [Thread Group 1-137] INFO  o.apache.jmeter.threads.JMeterThread - Thread started: Thread Group 1-137
10:13:57.117 [Thread Group 1-138] INFO  o.apache.jmeter.threads.JMeterThread - Thread started: Thread Group 1-138
10:13:57.119 [Thread Group 1-139] INFO  o.apache.jmeter.threads.JMeterThread - Thread started: Thread Group 1-139
10:13:57.129 [Thread Group 1-140] INFO  o.apache.jmeter.threads.JMeterThread - Thread started: Thread Group 1-140
10:13:57.144 [Thread Group 1-141] INFO  o.apache.jmeter.threads.JMeterThread - Thread started: Thread Group 1-141
10:13:57.155 [Thread Group 1-142] INFO  o.apache.jmeter.threads.JMeterThread - Thread started: Thread Group 1-142
10:13:57.168 [Thread Group 1-143] INFO  o.apache.jmeter.threads.JMeterThread - Thread started: Thread Group 1-143
10:13:57.181 [Thread Group 1-144] INFO  o.apache.jmeter.threads.JMeterThread - Thread started: Thread Group 1-144
10:13:57.194 [Thread Group 1-145] INFO  o.apache.jmeter.threads.JMeterThread - Thread started: Thread Group 1-145
10:13:57.208 [Thread Group 1-146] INFO  o.apache.jmeter.threads.JMeterThread - Thread started: Thread Group 1-146
10:13:57.220 [Thread Group 1-147] INFO  o.apache.jmeter.threads.JMeterThread - Thread started: Thread Group 1-147
10:13:57.233 [Thread Group 1-148] INFO  o.apache.jmeter.threads.JMeterThread - Thread started: Thread Group 1-148
10:13:57.246 [Thread Group 1-149] INFO  o.apache.jmeter.threads.JMeterThread - Thread started: Thread Group 1-149
10:13:57.258 [Thread Group 1-150] INFO  o.apache.jmeter.threads.JMeterThread - Thread started: Thread Group 1-150
10:13:57.272 [Thread Group 1-151] INFO  o.apache.jmeter.threads.JMeterThread - Thread started: Thread Group 1-151
10:13:57.286 [Thread Group 1-152] INFO  o.apache.jmeter.threads.JMeterThread - Thread started: Thread Group 1-152
10:13:57.299 [Thread Group 1-153] INFO  o.apache.jmeter.threads.JMeterThread - Thread started: Thread Group 1-153
10:13:57.311 [Thread Group 1-154] INFO  o.apache.jmeter.threads.JMeterThread - Thread started: Thread Group 1-154
10:13:57.327 [Thread Group 1-155] INFO  o.apache.jmeter.threads.JMeterThread - Thread started: Thread Group 1-155
10:13:57.339 [Thread Group 1-156] INFO  o.apache.jmeter.threads.JMeterThread - Thread started: Thread Group 1-156
10:13:57.350 [Thread Group 1-157] INFO  o.apache.jmeter.threads.JMeterThread - Thread started: Thread Group 1-157
10:13:57.362 [Thread Group 1-158] INFO  o.apache.jmeter.threads.JMeterThread - Thread started: Thread Group 1-158
10:13:57.375 [Thread Group 1-159] INFO  o.apache.jmeter.threads.JMeterThread - Thread started: Thread Group 1-159
10:13:57.392 [Thread Group 1-160] INFO  o.apache.jmeter.threads.JMeterThread - Thread started: Thread Group 1-160
10:13:57.410 [Thread Group 1-161] INFO  o.apache.jmeter.threads.JMeterThread - Thread started: Thread Group 1-161
10:13:57.415 [Thread Group 1-162] INFO  o.apache.jmeter.threads.JMeterThread - Thread started: Thread Group 1-162
10:13:57.433 [Thread Group 1-163] INFO  o.apache.jmeter.threads.JMeterThread - Thread started: Thread Group 1-163
10:13:57.441 [Thread Group 1-164] INFO  o.apache.jmeter.threads.JMeterThread - Thread started: Thread Group 1-164
10:13:57.483 [Thread Group 1-165] INFO  o.apache.jmeter.threads.JMeterThread - Thread started: Thread Group 1-165
10:13:57.499 [Thread Group 1-168] INFO  o.apache.jmeter.threads.JMeterThread - Thread started: Thread Group 1-168
10:13:57.518 [Thread Group 1-170] INFO  o.apache.jmeter.threads.JMeterThread - Thread started: Thread Group 1-170
10:13:57.540 [Thread Group 1-169] INFO  o.apache.jmeter.threads.JMeterThread - Thread started: Thread Group 1-169
10:13:57.541 [Thread Group 1-167] INFO  o.apache.jmeter.threads.JMeterThread - Thread started: Thread Group 1-167
10:13:57.542 [Thread Group 1-166] INFO  o.apache.jmeter.threads.JMeterThread - Thread started: Thread Group 1-166
10:13:57.576 [Thread Group 1-172] INFO  o.apache.jmeter.threads.JMeterThread - Thread started: Thread Group 1-172
10:13:57.577 [Thread Group 1-173] INFO  o.apache.jmeter.threads.JMeterThread - Thread started: Thread Group 1-173
10:13:57.589 [Thread Group 1-171] INFO  o.apache.jmeter.threads.JMeterThread - Thread started: Thread Group 1-171
10:13:57.609 [Thread Group 1-176] INFO  o.apache.jmeter.threads.JMeterThread - Thread started: Thread Group 1-176
10:13:57.609 [Thread Group 1-177] INFO  o.apache.jmeter.threads.JMeterThread - Thread started: Thread Group 1-177
10:13:57.652 [Thread Group 1-179] INFO  o.apache.jmeter.threads.JMeterThread - Thread started: Thread Group 1-179
10:13:57.653 [Thread Group 1-178] INFO  o.apache.jmeter.threads.JMeterThread - Thread started: Thread Group 1-178
10:13:57.653 [Thread Group 1-174] INFO  o.apache.jmeter.threads.JMeterThread - Thread started: Thread Group 1-174
10:13:57.653 [Thread Group 1-175] INFO  o.apache.jmeter.threads.JMeterThread - Thread started: Thread Group 1-175
10:13:57.654 [Thread Group 1-180] INFO  o.apache.jmeter.threads.JMeterThread - Thread started: Thread Group 1-180
10:13:57.681 [Thread Group 1-182] INFO  o.apache.jmeter.threads.JMeterThread - Thread started: Thread Group 1-182
10:13:57.694 [Thread Group 1-183] INFO  o.apache.jmeter.threads.JMeterThread - Thread started: Thread Group 1-183
10:13:57.754 [Thread Group 1-184] INFO  o.apache.jmeter.threads.JMeterThread - Thread started: Thread Group 1-184
10:13:57.755 [Thread Group 1-185] INFO  o.apache.jmeter.threads.JMeterThread - Thread started: Thread Group 1-185
10:13:57.756 [Thread Group 1-188] INFO  o.apache.jmeter.threads.JMeterThread - Thread started: Thread Group 1-188
10:13:57.767 [Thread Group 1-189] INFO  o.apache.jmeter.threads.JMeterThread - Thread started: Thread Group 1-189
10:13:57.804 [Thread Group 1-181] INFO  o.apache.jmeter.threads.JMeterThread - Thread started: Thread Group 1-181
10:13:57.811 [Thread Group 1-192] INFO  o.apache.jmeter.threads.JMeterThread - Thread started: Thread Group 1-192
10:13:57.817 [Thread Group 1-191] INFO  o.apache.jmeter.threads.JMeterThread - Thread started: Thread Group 1-191
10:13:57.818 [Thread Group 1-193] INFO  o.apache.jmeter.threads.JMeterThread - Thread started: Thread Group 1-193
10:13:57.824 [Thread Group 1-190] INFO  o.apache.jmeter.threads.JMeterThread - Thread started: Thread Group 1-190
10:13:57.843 [Thread Group 1-195] INFO  o.apache.jmeter.threads.JMeterThread - Thread started: Thread Group 1-195
10:13:57.845 [Thread Group 1-187] INFO  o.apache.jmeter.threads.JMeterThread - Thread started: Thread Group 1-187
10:13:57.868 [Thread Group 1-186] INFO  o.apache.jmeter.threads.JMeterThread - Thread started: Thread Group 1-186
10:13:57.870 [Thread Group 1-197] INFO  o.apache.jmeter.threads.JMeterThread - Thread started: Thread Group 1-197
10:13:57.889 [Thread Group 1-196] INFO  o.apache.jmeter.threads.JMeterThread - Thread started: Thread Group 1-196
10:13:57.894 [Thread Group 1-199] INFO  o.apache.jmeter.threads.JMeterThread - Thread started: Thread Group 1-199
10:13:57.923 [Thread Group 1-200] INFO  o.apache.jmeter.threads.JMeterThread - Thread started: Thread Group 1-200
10:13:57.923 [Thread Group 1-201] INFO  o.apache.jmeter.threads.JMeterThread - Thread started: Thread Group 1-201
10:13:57.934 [Thread Group 1-194] INFO  o.apache.jmeter.threads.JMeterThread - Thread started: Thread Group 1-194
10:13:57.951 [Thread Group 1-202] INFO  o.apache.jmeter.threads.JMeterThread - Thread started: Thread Group 1-202
10:13:57.970 [Thread Group 1-198] INFO  o.apache.jmeter.threads.JMeterThread - Thread started: Thread Group 1-198
10:13:58.030 [Thread Group 1-206] INFO  o.apache.jmeter.threads.JMeterThread - Thread started: Thread Group 1-206
10:13:58.031 [Thread Group 1-207] INFO  o.apache.jmeter.threads.JMeterThread - Thread started: Thread Group 1-207
10:13:58.184 [Thread Group 1-221] INFO  o.apache.jmeter.threads.JMeterThread - Thread started: Thread Group 1-221
10:13:58.282 [Thread Group 1-228] INFO  o.apache.jmeter.threads.JMeterThread - Thread started: Thread Group 1-228
10:13:58.286 [Thread Group 1-229] INFO  o.apache.jmeter.threads.JMeterThread - Thread started: Thread Group 1-229
10:13:58.303 [Thread Group 1-226] INFO  o.apache.jmeter.threads.JMeterThread - Thread started: Thread Group 1-226
10:13:58.338 [Thread Group 1-232] INFO  o.apache.jmeter.threads.JMeterThread - Thread started: Thread Group 1-232
10:13:58.351 [Thread Group 1-233] INFO  o.apache.jmeter.threads.JMeterThread - Thread started: Thread Group 1-233
10:13:58.353 [Thread Group 1-223] INFO  o.apache.jmeter.threads.JMeterThread - Thread started: Thread Group 1-223
10:13:58.354 [Thread Group 1-222] INFO  o.apache.jmeter.threads.JMeterThread - Thread started: Thread Group 1-222
10:13:58.355 [Thread Group 1-225] INFO  o.apache.jmeter.threads.JMeterThread - Thread started: Thread Group 1-225
10:13:58.356 [Thread Group 1-224] INFO  o.apache.jmeter.threads.JMeterThread - Thread started: Thread Group 1-224
10:13:58.356 [Thread Group 1-220] INFO  o.apache.jmeter.threads.JMeterThread - Thread started: Thread Group 1-220
10:13:58.356 [Thread Group 1-231] INFO  o.apache.jmeter.threads.JMeterThread - Thread started: Thread Group 1-231
10:13:58.485 [Thread Group 1-234] INFO  o.apache.jmeter.threads.JMeterThread - Thread started: Thread Group 1-234
10:13:58.485 [Thread Group 1-235] INFO  o.apache.jmeter.threads.JMeterThread - Thread started: Thread Group 1-235
10:13:58.486 [Thread Group 1-238] INFO  o.apache.jmeter.threads.JMeterThread - Thread started: Thread Group 1-238
10:13:58.488 [Thread Group 1-239] INFO  o.apache.jmeter.threads.JMeterThread - Thread started: Thread Group 1-239
10:13:58.503 [Thread Group 1-242] INFO  o.apache.jmeter.threads.JMeterThread - Thread started: Thread Group 1-242
10:13:58.503 [Thread Group 1-243] INFO  o.apache.jmeter.threads.JMeterThread - Thread started: Thread Group 1-243
10:13:58.510 [Thread Group 1-246] INFO  o.apache.jmeter.threads.JMeterThread - Thread started: Thread Group 1-246
10:13:58.528 [Thread Group 1-247] INFO  o.apache.jmeter.threads.JMeterThread - Thread started: Thread Group 1-247
10:13:58.557 [Thread Group 1-217] INFO  o.apache.jmeter.threads.JMeterThread - Thread started: Thread Group 1-217
10:13:58.558 [Thread Group 1-216] INFO  o.apache.jmeter.threads.JMeterThread - Thread started: Thread Group 1-216
10:13:58.558 [Thread Group 1-213] INFO  o.apache.jmeter.threads.JMeterThread - Thread started: Thread Group 1-213
10:13:58.558 [Thread Group 1-212] INFO  o.apache.jmeter.threads.JMeterThread - Thread started: Thread Group 1-212
10:13:58.558 [Thread Group 1-209] INFO  o.apache.jmeter.threads.JMeterThread - Thread started: Thread Group 1-209
10:13:58.558 [Thread Group 1-208] INFO  o.apache.jmeter.threads.JMeterThread - Thread started: Thread Group 1-208
10:13:58.576 [Thread Group 1-219] INFO  o.apache.jmeter.threads.JMeterThread - Thread started: Thread Group 1-219
10:13:58.576 [Thread Group 1-205] INFO  o.apache.jmeter.threads.JMeterThread - Thread started: Thread Group 1-205
10:13:58.576 [Thread Group 1-204] INFO  o.apache.jmeter.threads.JMeterThread - Thread started: Thread Group 1-204
10:13:58.577 [Thread Group 1-218] INFO  o.apache.jmeter.threads.JMeterThread - Thread started: Thread Group 1-218
10:13:58.577 [Thread Group 1-215] INFO  o.apache.jmeter.threads.JMeterThread - Thread started: Thread Group 1-215
10:13:58.577 [Thread Group 1-214] INFO  o.apache.jmeter.threads.JMeterThread - Thread started: Thread Group 1-214
10:13:58.577 [Thread Group 1-211] INFO  o.apache.jmeter.threads.JMeterThread - Thread started: Thread Group 1-211
10:13:58.578 [Thread Group 1-210] INFO  o.apache.jmeter.threads.JMeterThread - Thread started: Thread Group 1-210
10:13:58.578 [Thread Group 1-250] INFO  o.apache.jmeter.threads.JMeterThread - Thread started: Thread Group 1-250
10:13:58.578 [Thread Group 1-251] INFO  o.apache.jmeter.threads.JMeterThread - Thread started: Thread Group 1-251
10:13:58.581 [Thread Group 1-203] INFO  o.apache.jmeter.threads.JMeterThread - Thread started: Thread Group 1-203
10:13:58.612 [Thread Group 1-236] INFO  o.apache.jmeter.threads.JMeterThread - Thread started: Thread Group 1-236
10:13:58.612 [Thread Group 1-237] INFO  o.apache.jmeter.threads.JMeterThread - Thread started: Thread Group 1-237
10:13:58.612 [Thread Group 1-240] INFO  o.apache.jmeter.threads.JMeterThread - Thread started: Thread Group 1-240
10:13:58.617 [Thread Group 1-241] INFO  o.apache.jmeter.threads.JMeterThread - Thread started: Thread Group 1-241
10:13:58.621 [Thread Group 1-244] INFO  o.apache.jmeter.threads.JMeterThread - Thread started: Thread Group 1-244
10:13:58.622 [Thread Group 1-245] INFO  o.apache.jmeter.threads.JMeterThread - Thread started: Thread Group 1-245
10:13:58.622 [Thread Group 1-248] INFO  o.apache.jmeter.threads.JMeterThread - Thread started: Thread Group 1-248
10:13:58.622 [Thread Group 1-249] INFO  o.apache.jmeter.threads.JMeterThread - Thread started: Thread Group 1-249
10:13:58.623 [Thread Group 1-252] INFO  o.apache.jmeter.threads.JMeterThread - Thread started: Thread Group 1-252
10:13:58.624 [Thread Group 1-253] INFO  o.apache.jmeter.threads.JMeterThread - Thread started: Thread Group 1-253
10:13:58.680 [Thread Group 1-256] INFO  o.apache.jmeter.threads.JMeterThread - Thread started: Thread Group 1-256
10:13:58.680 [Thread Group 1-257] INFO  o.apache.jmeter.threads.JMeterThread - Thread started: Thread Group 1-257
10:13:58.690 [Thread Group 1-230] INFO  o.apache.jmeter.threads.JMeterThread - Thread started: Thread Group 1-230
10:13:58.692 [Thread Group 1-227] INFO  o.apache.jmeter.threads.JMeterThread - Thread started: Thread Group 1-227
10:13:58.751 [Thread Group 1-264] INFO  o.apache.jmeter.threads.JMeterThread - Thread started: Thread Group 1-264
10:13:58.753 [Thread Group 1-265] INFO  o.apache.jmeter.threads.JMeterThread - Thread started: Thread Group 1-265
10:13:58.799 [Thread Group 1-268] INFO  o.apache.jmeter.threads.JMeterThread - Thread started: Thread Group 1-268
10:13:58.812 [Thread Group 1-269] INFO  o.apache.jmeter.threads.JMeterThread - Thread started: Thread Group 1-269
10:13:59.001 [Thread Group 1-284] INFO  o.apache.jmeter.threads.JMeterThread - Thread started: Thread Group 1-284
10:13:59.007 [Thread Group 1-261] INFO  o.apache.jmeter.threads.JMeterThread - Thread started: Thread Group 1-261
10:13:59.008 [Thread Group 1-260] INFO  o.apache.jmeter.threads.JMeterThread - Thread started: Thread Group 1-260
10:13:59.008 [Thread Group 1-254] INFO  o.apache.jmeter.threads.JMeterThread - Thread started: Thread Group 1-254
10:13:59.009 [Thread Group 1-255] INFO  o.apache.jmeter.threads.JMeterThread - Thread started: Thread Group 1-255
10:13:59.009 [Thread Group 1-258] INFO  o.apache.jmeter.threads.JMeterThread - Thread started: Thread Group 1-258
10:13:59.010 [Thread Group 1-259] INFO  o.apache.jmeter.threads.JMeterThread - Thread started: Thread Group 1-259
10:13:59.011 [Thread Group 1-263] INFO  o.apache.jmeter.threads.JMeterThread - Thread started: Thread Group 1-263
10:13:59.013 [Thread Group 1-262] INFO  o.apache.jmeter.threads.JMeterThread - Thread started: Thread Group 1-262
10:13:59.013 [Thread Group 1-267] INFO  o.apache.jmeter.threads.JMeterThread - Thread started: Thread Group 1-267
10:13:59.013 [Thread Group 1-266] INFO  o.apache.jmeter.threads.JMeterThread - Thread started: Thread Group 1-266
10:13:59.014 [Thread Group 1-285] INFO  o.apache.jmeter.threads.JMeterThread - Thread started: Thread Group 1-285
10:13:59.014 [Thread Group 1-270] INFO  o.apache.jmeter.threads.JMeterThread - Thread started: Thread Group 1-270
10:13:59.015 [Thread Group 1-271] INFO  o.apache.jmeter.threads.JMeterThread - Thread started: Thread Group 1-271
10:13:59.015 [Thread Group 1-275] INFO  o.apache.jmeter.threads.JMeterThread - Thread started: Thread Group 1-275
10:13:59.016 [Thread Group 1-274] INFO  o.apache.jmeter.threads.JMeterThread - Thread started: Thread Group 1-274
10:13:59.016 [Thread Group 1-279] INFO  o.apache.jmeter.threads.JMeterThread - Thread started: Thread Group 1-279
10:13:59.016 [Thread Group 1-278] INFO  o.apache.jmeter.threads.JMeterThread - Thread started: Thread Group 1-278
10:13:59.016 [Thread Group 1-282] INFO  o.apache.jmeter.threads.JMeterThread - Thread started: Thread Group 1-282
10:13:59.017 [Thread Group 1-283] INFO  o.apache.jmeter.threads.JMeterThread - Thread started: Thread Group 1-283
10:13:59.027 [Thread Group 1-281] INFO  o.apache.jmeter.threads.JMeterThread - Thread started: Thread Group 1-281
10:13:59.028 [Thread Group 1-280] INFO  o.apache.jmeter.threads.JMeterThread - Thread started: Thread Group 1-280
10:13:59.050 [Thread Group 1-286] INFO  o.apache.jmeter.threads.JMeterThread - Thread started: Thread Group 1-286
10:13:59.079 [Thread Group 1-277] INFO  o.apache.jmeter.threads.JMeterThread - Thread started: Thread Group 1-277
10:13:59.079 [Thread Group 1-276] INFO  o.apache.jmeter.threads.JMeterThread - Thread started: Thread Group 1-276
10:13:59.105 [Thread Group 1-292] INFO  o.apache.jmeter.threads.JMeterThread - Thread started: Thread Group 1-292
10:13:59.105 [Thread Group 1-273] INFO  o.apache.jmeter.threads.JMeterThread - Thread started: Thread Group 1-273
10:13:59.114 [Thread Group 1-272] INFO  o.apache.jmeter.threads.JMeterThread - Thread started: Thread Group 1-272
10:13:59.141 [Thread Group 1-294] INFO  o.apache.jmeter.threads.JMeterThread - Thread started: Thread Group 1-294
10:13:59.189 [Thread Group 1-293] INFO  o.apache.jmeter.threads.JMeterThread - Thread started: Thread Group 1-293
10:13:59.194 [Thread Group 1-296] INFO  o.apache.jmeter.threads.JMeterThread - Thread started: Thread Group 1-296
10:13:59.194 [Thread Group 1-297] INFO  o.apache.jmeter.threads.JMeterThread - Thread started: Thread Group 1-297
10:13:59.219 [Thread Group 1-300] INFO  o.apache.jmeter.threads.JMeterThread - Thread started: Thread Group 1-300
10:13:59.223 [Thread Group 1-301] INFO  o.apache.jmeter.threads.JMeterThread - Thread started: Thread Group 1-301
10:13:59.225 [Thread Group 1-291] INFO  o.apache.jmeter.threads.JMeterThread - Thread started: Thread Group 1-291
10:13:59.233 [Thread Group 1-290] INFO  o.apache.jmeter.threads.JMeterThread - Thread started: Thread Group 1-290
10:13:59.258 [Thread Group 1-295] INFO  o.apache.jmeter.threads.JMeterThread - Thread started: Thread Group 1-295
10:13:59.271 [Thread Group 1-298] INFO  o.apache.jmeter.threads.JMeterThread - Thread started: Thread Group 1-298
10:13:59.273 [Thread Group 1-299] INFO  o.apache.jmeter.threads.JMeterThread - Thread started: Thread Group 1-299
10:13:59.276 [Thread Group 1-302] INFO  o.apache.jmeter.threads.JMeterThread - Thread started: Thread Group 1-302
10:13:59.276 [Thread Group 1-303] INFO  o.apache.jmeter.threads.JMeterThread - Thread started: Thread Group 1-303
10:13:59.290 [Thread Group 1-306] INFO  o.apache.jmeter.threads.JMeterThread - Thread started: Thread Group 1-306
10:13:59.300 [Thread Group 1-307] INFO  o.apache.jmeter.threads.JMeterThread - Thread started: Thread Group 1-307
10:13:59.343 [Thread Group 1-287] INFO  o.apache.jmeter.threads.JMeterThread - Thread started: Thread Group 1-287
10:13:59.343 [Thread Group 1-289] INFO  o.apache.jmeter.threads.JMeterThread - Thread started: Thread Group 1-289
10:13:59.362 [Thread Group 1-311] INFO  o.apache.jmeter.threads.JMeterThread - Thread started: Thread Group 1-311
10:13:59.472 [Thread Group 1-314] INFO  o.apache.jmeter.threads.JMeterThread - Thread started: Thread Group 1-314
10:13:59.472 [Thread Group 1-315] INFO  o.apache.jmeter.threads.JMeterThread - Thread started: Thread Group 1-315
10:13:59.474 [Thread Group 1-318] INFO  o.apache.jmeter.threads.JMeterThread - Thread started: Thread Group 1-318
10:13:59.478 [Thread Group 1-319] INFO  o.apache.jmeter.threads.JMeterThread - Thread started: Thread Group 1-319
10:13:59.450 [Thread Group 1-309] INFO  o.apache.jmeter.threads.JMeterThread - Thread started: Thread Group 1-309
10:13:59.514 [Thread Group 1-308] INFO  o.apache.jmeter.threads.JMeterThread - Thread started: Thread Group 1-308
10:13:59.447 [Thread Group 1-310] INFO  o.apache.jmeter.threads.JMeterThread - Thread started: Thread Group 1-310
10:13:59.433 [Thread Group 1-288] INFO  o.apache.jmeter.threads.JMeterThread - Thread started: Thread Group 1-288
10:13:59.426 [Thread Group 1-316] INFO  o.apache.jmeter.threads.JMeterThread - Thread started: Thread Group 1-316
10:13:59.383 [Thread Group 1-313] INFO  o.apache.jmeter.threads.JMeterThread - Thread started: Thread Group 1-313
10:13:59.383 [Thread Group 1-312] INFO  o.apache.jmeter.threads.JMeterThread - Thread started: Thread Group 1-312
10:13:59.715 [Thread Group 1-317] INFO  o.apache.jmeter.threads.JMeterThread - Thread started: Thread Group 1-317
10:13:59.672 [Thread Group 1-332] INFO  o.apache.jmeter.threads.JMeterThread - Thread started: Thread Group 1-332
10:13:59.691 [Thread Group 1-323] INFO  o.apache.jmeter.threads.JMeterThread - Thread started: Thread Group 1-323
10:13:59.683 [Thread Group 1-331] INFO  o.apache.jmeter.threads.JMeterThread - Thread started: Thread Group 1-331
10:13:59.683 [Thread Group 1-322] INFO  o.apache.jmeter.threads.JMeterThread - Thread started: Thread Group 1-322
10:13:59.569 [Thread Group 1-305] INFO  o.apache.jmeter.threads.JMeterThread - Thread started: Thread Group 1-305
10:13:59.569 [Thread Group 1-304] INFO  o.apache.jmeter.threads.JMeterThread - Thread started: Thread Group 1-304
10:13:59.836 [Thread Group 1-330] INFO  o.apache.jmeter.threads.JMeterThread - Thread started: Thread Group 1-330
10:13:59.860 [Thread Group 1-338] INFO  o.apache.jmeter.threads.JMeterThread - Thread started: Thread Group 1-338
10:13:59.955 [Thread Group 1-337] INFO  o.apache.jmeter.threads.JMeterThread - Thread started: Thread Group 1-337
10:14:00.036 [Thread Group 1-357] INFO  o.apache.jmeter.threads.JMeterThread - Thread started: Thread Group 1-357
10:14:00.177 [Thread Group 1-345] INFO  o.apache.jmeter.threads.JMeterThread - Thread started: Thread Group 1-345
10:14:00.248 [Thread Group 1-344] INFO  o.apache.jmeter.threads.JMeterThread - Thread started: Thread Group 1-344
10:14:00.251 [Thread Group 1-326] INFO  o.apache.jmeter.threads.JMeterThread - Thread started: Thread Group 1-326
10:14:00.262 [Thread Group 1-348] INFO  o.apache.jmeter.threads.JMeterThread - Thread started: Thread Group 1-348
10:14:00.273 [Thread Group 1-349] INFO  o.apache.jmeter.threads.JMeterThread - Thread started: Thread Group 1-349
10:14:00.278 [Thread Group 1-353] INFO  o.apache.jmeter.threads.JMeterThread - Thread started: Thread Group 1-353
10:14:00.280 [Thread Group 1-352] INFO  o.apache.jmeter.threads.JMeterThread - Thread started: Thread Group 1-352
10:14:00.293 [Thread Group 1-340] INFO  o.apache.jmeter.threads.JMeterThread - Thread started: Thread Group 1-340
10:14:00.305 [Thread Group 1-356] INFO  o.apache.jmeter.threads.JMeterThread - Thread started: Thread Group 1-356
10:14:00.308 [Thread Group 1-320] INFO  o.apache.jmeter.threads.JMeterThread - Thread started: Thread Group 1-320
10:14:00.309 [Thread Group 1-336] INFO  o.apache.jmeter.threads.JMeterThread - Thread started: Thread Group 1-336
10:14:00.319 [Thread Group 1-321] INFO  o.apache.jmeter.threads.JMeterThread - Thread started: Thread Group 1-321
10:14:00.320 [Thread Group 1-341] INFO  o.apache.jmeter.threads.JMeterThread - Thread started: Thread Group 1-341
10:14:00.369 [Thread Group 1-335] INFO  o.apache.jmeter.threads.JMeterThread - Thread started: Thread Group 1-335
10:14:00.371 [Thread Group 1-334] INFO  o.apache.jmeter.threads.JMeterThread - Thread started: Thread Group 1-334
10:14:00.369 [Thread Group 1-333] INFO  o.apache.jmeter.threads.JMeterThread - Thread started: Thread Group 1-333
10:14:00.594 [Thread Group 1-384] INFO  o.apache.jmeter.threads.JMeterThread - Thread started: Thread Group 1-384
10:14:00.594 [Thread Group 1-381] INFO  o.apache.jmeter.threads.JMeterThread - Thread started: Thread Group 1-381
10:14:00.600 [Thread Group 1-324] INFO  o.apache.jmeter.threads.JMeterThread - Thread started: Thread Group 1-324
10:14:00.600 [Thread Group 1-380] INFO  o.apache.jmeter.threads.JMeterThread - Thread started: Thread Group 1-380
10:14:00.604 [Thread Group 1-325] INFO  o.apache.jmeter.threads.JMeterThread - Thread started: Thread Group 1-325
10:14:00.604 [Thread Group 1-377] INFO  o.apache.jmeter.threads.JMeterThread - Thread started: Thread Group 1-377
10:14:00.604 [Thread Group 1-327] INFO  o.apache.jmeter.threads.JMeterThread - Thread started: Thread Group 1-327
10:14:00.608 [Thread Group 1-389] INFO  o.apache.jmeter.threads.JMeterThread - Thread started: Thread Group 1-389
10:14:00.634 [Thread Group 1-392] INFO  o.apache.jmeter.threads.JMeterThread - Thread started: Thread Group 1-392
10:14:00.634 [Thread Group 1-393] INFO  o.apache.jmeter.threads.JMeterThread - Thread started: Thread Group 1-393
10:14:00.635 [Thread Group 1-396] INFO  o.apache.jmeter.threads.JMeterThread - Thread started: Thread Group 1-396
10:14:00.635 [Thread Group 1-397] INFO  o.apache.jmeter.threads.JMeterThread - Thread started: Thread Group 1-397
10:14:00.635 [Thread Group 1-400] INFO  o.apache.jmeter.threads.JMeterThread - Thread started: Thread Group 1-400
10:14:00.635 [Thread Group 1-401] INFO  o.apache.jmeter.threads.JMeterThread - Thread started: Thread Group 1-401
10:14:00.639 [Thread Group 1-404] INFO  o.apache.jmeter.threads.JMeterThread - Thread started: Thread Group 1-404
10:14:00.639 [Thread Group 1-405] INFO  o.apache.jmeter.threads.JMeterThread - Thread started: Thread Group 1-405
10:14:00.640 [Thread Group 1-376] INFO  o.apache.jmeter.threads.JMeterThread - Thread started: Thread Group 1-376
10:14:00.644 [Thread Group 1-408] INFO  o.apache.jmeter.threads.JMeterThread - Thread started: Thread Group 1-408
10:14:00.644 [Thread Group 1-409] INFO  o.apache.jmeter.threads.JMeterThread - Thread started: Thread Group 1-409
10:14:00.651 [Thread Group 1-329] INFO  o.apache.jmeter.threads.JMeterThread - Thread started: Thread Group 1-329
10:14:00.684 [Thread Group 1-328] INFO  o.apache.jmeter.threads.JMeterThread - Thread started: Thread Group 1-328
10:14:00.693 [Thread Group 1-412] INFO  o.apache.jmeter.threads.JMeterThread - Thread started: Thread Group 1-412
10:14:01.068 [Thread Group 1-413] INFO  o.apache.jmeter.threads.JMeterThread - Thread started: Thread Group 1-413
10:14:01.115 [Thread Group 1-373] INFO  o.apache.jmeter.threads.JMeterThread - Thread started: Thread Group 1-373
10:14:01.115 [Thread Group 1-372] INFO  o.apache.jmeter.threads.JMeterThread - Thread started: Thread Group 1-372
10:14:01.115 [Thread Group 1-369] INFO  o.apache.jmeter.threads.JMeterThread - Thread started: Thread Group 1-369
10:14:01.116 [Thread Group 1-368] INFO  o.apache.jmeter.threads.JMeterThread - Thread started: Thread Group 1-368
10:14:01.116 [Thread Group 1-365] INFO  o.apache.jmeter.threads.JMeterThread - Thread started: Thread Group 1-365
10:14:01.116 [Thread Group 1-364] INFO  o.apache.jmeter.threads.JMeterThread - Thread started: Thread Group 1-364
10:14:01.123 [Thread Group 1-388] INFO  o.apache.jmeter.threads.JMeterThread - Thread started: Thread Group 1-388
10:14:01.124 [Thread Group 1-385] INFO  o.apache.jmeter.threads.JMeterThread - Thread started: Thread Group 1-385
10:14:01.143 [Thread Group 1-416] INFO  o.apache.jmeter.threads.JMeterThread - Thread started: Thread Group 1-416
10:14:01.143 [Thread Group 1-417] INFO  o.apache.jmeter.threads.JMeterThread - Thread started: Thread Group 1-417
10:14:01.147 [Thread Group 1-360] INFO  o.apache.jmeter.threads.JMeterThread - Thread started: Thread Group 1-360
10:14:01.147 [Thread Group 1-361] INFO  o.apache.jmeter.threads.JMeterThread - Thread started: Thread Group 1-361
10:14:01.209 [Thread Group 1-383] INFO  o.apache.jmeter.threads.JMeterThread - Thread started: Thread Group 1-383
10:14:01.210 [Thread Group 1-371] INFO  o.apache.jmeter.threads.JMeterThread - Thread started: Thread Group 1-371
10:14:01.210 [Thread Group 1-378] INFO  o.apache.jmeter.threads.JMeterThread - Thread started: Thread Group 1-378
10:14:01.210 [Thread Group 1-379] INFO  o.apache.jmeter.threads.JMeterThread - Thread started: Thread Group 1-379
10:14:01.211 [Thread Group 1-375] INFO  o.apache.jmeter.threads.JMeterThread - Thread started: Thread Group 1-375
10:14:01.220 [Thread Group 1-374] INFO  o.apache.jmeter.threads.JMeterThread - Thread started: Thread Group 1-374
10:14:01.223 [Thread Group 1-382] INFO  o.apache.jmeter.threads.JMeterThread - Thread started: Thread Group 1-382
10:14:01.294 [Thread Group 1-370] INFO  o.apache.jmeter.threads.JMeterThread - Thread started: Thread Group 1-370
10:14:01.879 [Thread Group 1-502] INFO  o.apache.jmeter.threads.JMeterThread - Thread started: Thread Group 1-502
10:14:01.880 [Thread Group 1-503] INFO  o.apache.jmeter.threads.JMeterThread - Thread started: Thread Group 1-503
10:14:01.881 [Thread Group 1-499] INFO  o.apache.jmeter.threads.JMeterThread - Thread started: Thread Group 1-499
10:14:01.881 [Thread Group 1-490] INFO  o.apache.jmeter.threads.JMeterThread - Thread started: Thread Group 1-490
10:14:01.881 [Thread Group 1-498] INFO  o.apache.jmeter.threads.JMeterThread - Thread started: Thread Group 1-498
10:14:01.881 [Thread Group 1-494] INFO  o.apache.jmeter.threads.JMeterThread - Thread started: Thread Group 1-494
10:14:01.882 [Thread Group 1-495] INFO  o.apache.jmeter.threads.JMeterThread - Thread started: Thread Group 1-495
10:14:01.883 [Thread Group 1-491] INFO  o.apache.jmeter.threads.JMeterThread - Thread started: Thread Group 1-491
10:14:01.893 [Thread Group 1-486] INFO  o.apache.jmeter.threads.JMeterThread - Thread started: Thread Group 1-486
10:14:01.920 [Thread Group 1-506] INFO  o.apache.jmeter.threads.JMeterThread - Thread started: Thread Group 1-506
10:14:01.920 [Thread Group 1-487] INFO  o.apache.jmeter.threads.JMeterThread - Thread started: Thread Group 1-487
10:14:01.926 [Thread Group 1-507] INFO  o.apache.jmeter.threads.JMeterThread - Thread started: Thread Group 1-507
10:14:01.933 [Thread Group 1-483] INFO  o.apache.jmeter.threads.JMeterThread - Thread started: Thread Group 1-483
10:14:01.953 [Thread Group 1-482] INFO  o.apache.jmeter.threads.JMeterThread - Thread started: Thread Group 1-482
10:14:01.969 [Thread Group 1-475] INFO  o.apache.jmeter.threads.JMeterThread - Thread started: Thread Group 1-475
10:14:01.978 [Thread Group 1-478] INFO  o.apache.jmeter.threads.JMeterThread - Thread started: Thread Group 1-478
10:14:01.979 [Thread Group 1-479] INFO  o.apache.jmeter.threads.JMeterThread - Thread started: Thread Group 1-479
10:14:01.979 [Thread Group 1-450] INFO  o.apache.jmeter.threads.JMeterThread - Thread started: Thread Group 1-450
10:14:01.980 [Thread Group 1-455] INFO  o.apache.jmeter.threads.JMeterThread - Thread started: Thread Group 1-455
10:14:01.980 [Thread Group 1-454] INFO  o.apache.jmeter.threads.JMeterThread - Thread started: Thread Group 1-454
10:14:01.980 [Thread Group 1-458] INFO  o.apache.jmeter.threads.JMeterThread - Thread started: Thread Group 1-458
10:14:01.980 [Thread Group 1-459] INFO  o.apache.jmeter.threads.JMeterThread - Thread started: Thread Group 1-459
10:14:01.980 [Thread Group 1-462] INFO  o.apache.jmeter.threads.JMeterThread - Thread started: Thread Group 1-462
10:14:01.980 [Thread Group 1-463] INFO  o.apache.jmeter.threads.JMeterThread - Thread started: Thread Group 1-463
10:14:01.981 [Thread Group 1-447] INFO  o.apache.jmeter.threads.JMeterThread - Thread started: Thread Group 1-447
10:14:01.981 [Thread Group 1-466] INFO  o.apache.jmeter.threads.JMeterThread - Thread started: Thread Group 1-466
10:14:01.981 [Thread Group 1-467] INFO  o.apache.jmeter.threads.JMeterThread - Thread started: Thread Group 1-467
10:14:01.981 [Thread Group 1-470] INFO  o.apache.jmeter.threads.JMeterThread - Thread started: Thread Group 1-470
10:14:01.981 [Thread Group 1-471] INFO  o.apache.jmeter.threads.JMeterThread - Thread started: Thread Group 1-471
10:14:01.981 [Thread Group 1-474] INFO  o.apache.jmeter.threads.JMeterThread - Thread started: Thread Group 1-474
10:14:01.981 [Thread Group 1-418] INFO  o.apache.jmeter.threads.JMeterThread - Thread started: Thread Group 1-418
10:14:01.981 [Thread Group 1-419] INFO  o.apache.jmeter.threads.JMeterThread - Thread started: Thread Group 1-419
10:14:01.982 [Thread Group 1-415] INFO  o.apache.jmeter.threads.JMeterThread - Thread started: Thread Group 1-415
10:14:01.982 [Thread Group 1-414] INFO  o.apache.jmeter.threads.JMeterThread - Thread started: Thread Group 1-414
10:14:01.982 [Thread Group 1-411] INFO  o.apache.jmeter.threads.JMeterThread - Thread started: Thread Group 1-411
10:14:01.982 [Thread Group 1-422] INFO  o.apache.jmeter.threads.JMeterThread - Thread started: Thread Group 1-422
10:14:01.982 [Thread Group 1-423] INFO  o.apache.jmeter.threads.JMeterThread - Thread started: Thread Group 1-423
10:14:01.982 [Thread Group 1-427] INFO  o.apache.jmeter.threads.JMeterThread - Thread started: Thread Group 1-427
10:14:01.982 [Thread Group 1-426] INFO  o.apache.jmeter.threads.JMeterThread - Thread started: Thread Group 1-426
10:14:01.983 [Thread Group 1-431] INFO  o.apache.jmeter.threads.JMeterThread - Thread started: Thread Group 1-431
10:14:01.983 [Thread Group 1-430] INFO  o.apache.jmeter.threads.JMeterThread - Thread started: Thread Group 1-430
10:14:01.983 [Thread Group 1-434] INFO  o.apache.jmeter.threads.JMeterThread - Thread started: Thread Group 1-434
10:14:01.983 [Thread Group 1-435] INFO  o.apache.jmeter.threads.JMeterThread - Thread started: Thread Group 1-435
10:14:01.983 [Thread Group 1-439] INFO  o.apache.jmeter.threads.JMeterThread - Thread started: Thread Group 1-439
10:14:01.983 [Thread Group 1-438] INFO  o.apache.jmeter.threads.JMeterThread - Thread started: Thread Group 1-438
10:14:01.983 [Thread Group 1-443] INFO  o.apache.jmeter.threads.JMeterThread - Thread started: Thread Group 1-443
10:14:01.983 [Thread Group 1-442] INFO  o.apache.jmeter.threads.JMeterThread - Thread started: Thread Group 1-442
10:14:01.983 [Thread Group 1-446] INFO  o.apache.jmeter.threads.JMeterThread - Thread started: Thread Group 1-446
10:14:01.983 [Thread Group 1-451] INFO  o.apache.jmeter.threads.JMeterThread - Thread started: Thread Group 1-451
10:14:01.983 [Thread Group 1-410] INFO  o.apache.jmeter.threads.JMeterThread - Thread started: Thread Group 1-410
10:14:02.001 [Thread Group 1-366] INFO  o.apache.jmeter.threads.JMeterThread - Thread started: Thread Group 1-366
10:14:02.001 [Thread Group 1-363] INFO  o.apache.jmeter.threads.JMeterThread - Thread started: Thread Group 1-363
10:14:02.001 [Thread Group 1-362] INFO  o.apache.jmeter.threads.JMeterThread - Thread started: Thread Group 1-362
10:14:02.002 [Thread Group 1-390] INFO  o.apache.jmeter.threads.JMeterThread - Thread started: Thread Group 1-390
10:14:02.002 [Thread Group 1-391] INFO  o.apache.jmeter.threads.JMeterThread - Thread started: Thread Group 1-391
10:14:02.002 [Thread Group 1-387] INFO  o.apache.jmeter.threads.JMeterThread - Thread started: Thread Group 1-387
10:14:02.002 [Thread Group 1-367] INFO  o.apache.jmeter.threads.JMeterThread - Thread started: Thread Group 1-367
10:14:02.002 [Thread Group 1-394] INFO  o.apache.jmeter.threads.JMeterThread - Thread started: Thread Group 1-394
10:14:02.002 [Thread Group 1-395] INFO  o.apache.jmeter.threads.JMeterThread - Thread started: Thread Group 1-395
10:14:02.002 [Thread Group 1-398] INFO  o.apache.jmeter.threads.JMeterThread - Thread started: Thread Group 1-398
10:14:02.002 [Thread Group 1-399] INFO  o.apache.jmeter.threads.JMeterThread - Thread started: Thread Group 1-399
10:14:02.002 [Thread Group 1-402] INFO  o.apache.jmeter.threads.JMeterThread - Thread started: Thread Group 1-402
10:14:02.002 [Thread Group 1-403] INFO  o.apache.jmeter.threads.JMeterThread - Thread started: Thread Group 1-403
10:14:02.002 [Thread Group 1-407] INFO  o.apache.jmeter.threads.JMeterThread - Thread started: Thread Group 1-407
10:14:02.002 [Thread Group 1-406] INFO  o.apache.jmeter.threads.JMeterThread - Thread started: Thread Group 1-406
10:14:02.003 [Thread Group 1-359] INFO  o.apache.jmeter.threads.JMeterThread - Thread started: Thread Group 1-359
10:14:02.006 [Thread Group 1-358] INFO  o.apache.jmeter.threads.JMeterThread - Thread started: Thread Group 1-358
10:14:02.008 [Thread Group 1-386] INFO  o.apache.jmeter.threads.JMeterThread - Thread started: Thread Group 1-386
10:14:02.009 [Thread Group 1-355] INFO  o.apache.jmeter.threads.JMeterThread - Thread started: Thread Group 1-355
10:14:02.009 [Thread Group 1-351] INFO  o.apache.jmeter.threads.JMeterThread - Thread started: Thread Group 1-351
10:14:02.009 [Thread Group 1-354] INFO  o.apache.jmeter.threads.JMeterThread - Thread started: Thread Group 1-354
10:14:02.009 [Thread Group 1-350] INFO  o.apache.jmeter.threads.JMeterThread - Thread started: Thread Group 1-350
10:14:02.009 [Thread Group 1-347] INFO  o.apache.jmeter.threads.JMeterThread - Thread started: Thread Group 1-347
10:14:02.009 [Thread Group 1-346] INFO  o.apache.jmeter.threads.JMeterThread - Thread started: Thread Group 1-346
10:14:02.015 [Thread Group 1-343] INFO  o.apache.jmeter.threads.JMeterThread - Thread started: Thread Group 1-343
10:14:02.018 [Thread Group 1-342] INFO  o.apache.jmeter.threads.JMeterThread - Thread started: Thread Group 1-342
10:14:02.049 [Thread Group 1-339] INFO  o.apache.jmeter.threads.JMeterThread - Thread started: Thread Group 1-339
10:14:02.407 [Thread Group 1-546] INFO  o.apache.jmeter.threads.JMeterThread - Thread started: Thread Group 1-546
10:14:02.415 [Thread Group 1-544] INFO  o.apache.jmeter.threads.JMeterThread - Thread started: Thread Group 1-544
10:14:02.417 [Thread Group 1-545] INFO  o.apache.jmeter.threads.JMeterThread - Thread started: Thread Group 1-545
10:14:02.468 [Thread Group 1-548] INFO  o.apache.jmeter.threads.JMeterThread - Thread started: Thread Group 1-548
10:14:02.468 [Thread Group 1-549] INFO  o.apache.jmeter.threads.JMeterThread - Thread started: Thread Group 1-549
10:14:02.505 [Thread Group 1-552] INFO  o.apache.jmeter.threads.JMeterThread - Thread started: Thread Group 1-552
10:14:02.518 [Thread Group 1-547] INFO  o.apache.jmeter.threads.JMeterThread - Thread started: Thread Group 1-547
10:14:02.523 [Thread Group 1-550] INFO  o.apache.jmeter.threads.JMeterThread - Thread started: Thread Group 1-550
10:14:02.524 [Thread Group 1-551] INFO  o.apache.jmeter.threads.JMeterThread - Thread started: Thread Group 1-551
10:14:02.560 [Thread Group 1-554] INFO  o.apache.jmeter.threads.JMeterThread - Thread started: Thread Group 1-554
10:14:02.578 [Thread Group 1-556] INFO  o.apache.jmeter.threads.JMeterThread - Thread started: Thread Group 1-556
10:14:02.578 [Thread Group 1-558] INFO  o.apache.jmeter.threads.JMeterThread - Thread started: Thread Group 1-558
10:14:02.578 [Thread Group 1-559] INFO  o.apache.jmeter.threads.JMeterThread - Thread started: Thread Group 1-559
10:14:02.578 [Thread Group 1-557] INFO  o.apache.jmeter.threads.JMeterThread - Thread started: Thread Group 1-557
10:14:02.584 [Thread Group 1-553] INFO  o.apache.jmeter.threads.JMeterThread - Thread started: Thread Group 1-553
10:14:02.585 [Thread Group 1-555] INFO  o.apache.jmeter.threads.JMeterThread - Thread started: Thread Group 1-555
10:14:02.615 [Thread Group 1-562] INFO  o.apache.jmeter.threads.JMeterThread - Thread started: Thread Group 1-562
10:14:02.649 [Thread Group 1-560] INFO  o.apache.jmeter.threads.JMeterThread - Thread started: Thread Group 1-560
10:14:02.649 [Thread Group 1-561] INFO  o.apache.jmeter.threads.JMeterThread - Thread started: Thread Group 1-561
10:14:02.650 [Thread Group 1-564] INFO  o.apache.jmeter.threads.JMeterThread - Thread started: Thread Group 1-564
10:14:02.653 [Thread Group 1-565] INFO  o.apache.jmeter.threads.JMeterThread - Thread started: Thread Group 1-565
10:14:02.377 [Thread Group 1-543] INFO  o.apache.jmeter.threads.JMeterThread - Thread started: Thread Group 1-543
10:14:02.700 [Thread Group 1-568] INFO  o.apache.jmeter.threads.JMeterThread - Thread started: Thread Group 1-568
10:14:02.377 [Thread Group 1-542] INFO  o.apache.jmeter.threads.JMeterThread - Thread started: Thread Group 1-542
10:14:02.375 [Thread Group 1-539] INFO  o.apache.jmeter.threads.JMeterThread - Thread started: Thread Group 1-539
10:14:02.717 [Thread Group 1-569] INFO  o.apache.jmeter.threads.JMeterThread - Thread started: Thread Group 1-569
10:14:02.348 [Thread Group 1-541] INFO  o.apache.jmeter.threads.JMeterThread - Thread started: Thread Group 1-541
10:14:02.336 [Thread Group 1-510] INFO  o.apache.jmeter.threads.JMeterThread - Thread started: Thread Group 1-510
10:14:02.336 [Thread Group 1-511] INFO  o.apache.jmeter.threads.JMeterThread - Thread started: Thread Group 1-511
10:14:02.335 [Thread Group 1-514] INFO  o.apache.jmeter.threads.JMeterThread - Thread started: Thread Group 1-514
10:14:02.335 [Thread Group 1-515] INFO  o.apache.jmeter.threads.JMeterThread - Thread started: Thread Group 1-515
10:14:02.335 [Thread Group 1-519] INFO  o.apache.jmeter.threads.JMeterThread - Thread started: Thread Group 1-519
10:14:02.334 [Thread Group 1-540] INFO  o.apache.jmeter.threads.JMeterThread - Thread started: Thread Group 1-540
10:14:02.328 [Thread Group 1-518] INFO  o.apache.jmeter.threads.JMeterThread - Thread started: Thread Group 1-518
10:14:02.322 [Thread Group 1-537] INFO  o.apache.jmeter.threads.JMeterThread - Thread started: Thread Group 1-537
10:14:02.322 [Thread Group 1-536] INFO  o.apache.jmeter.threads.JMeterThread - Thread started: Thread Group 1-536
10:14:02.303 [Thread Group 1-538] INFO  o.apache.jmeter.threads.JMeterThread - Thread started: Thread Group 1-538
10:14:02.301 [Thread Group 1-522] INFO  o.apache.jmeter.threads.JMeterThread - Thread started: Thread Group 1-522
10:14:02.747 [Thread Group 1-572] INFO  o.apache.jmeter.threads.JMeterThread - Thread started: Thread Group 1-572
10:14:02.284 [Thread Group 1-523] INFO  o.apache.jmeter.threads.JMeterThread - Thread started: Thread Group 1-523
10:14:02.758 [Thread Group 1-573] INFO  o.apache.jmeter.threads.JMeterThread - Thread started: Thread Group 1-573
10:14:02.270 [Thread Group 1-535] INFO  o.apache.jmeter.threads.JMeterThread - Thread started: Thread Group 1-535
10:14:02.261 [Thread Group 1-534] INFO  o.apache.jmeter.threads.JMeterThread - Thread started: Thread Group 1-534
10:14:02.243 [Thread Group 1-533] INFO  o.apache.jmeter.threads.JMeterThread - Thread started: Thread Group 1-533
10:14:02.237 [Thread Group 1-526] INFO  o.apache.jmeter.threads.JMeterThread - Thread started: Thread Group 1-526
10:14:02.236 [Thread Group 1-453] INFO  o.apache.jmeter.threads.JMeterThread - Thread started: Thread Group 1-453
10:14:02.236 [Thread Group 1-449] INFO  o.apache.jmeter.threads.JMeterThread - Thread started: Thread Group 1-449
10:14:02.236 [Thread Group 1-452] INFO  o.apache.jmeter.threads.JMeterThread - Thread started: Thread Group 1-452
10:14:02.236 [Thread Group 1-445] INFO  o.apache.jmeter.threads.JMeterThread - Thread started: Thread Group 1-445
10:14:02.236 [Thread Group 1-444] INFO  o.apache.jmeter.threads.JMeterThread - Thread started: Thread Group 1-444
10:14:02.236 [Thread Group 1-441] INFO  o.apache.jmeter.threads.JMeterThread - Thread started: Thread Group 1-441
10:14:02.236 [Thread Group 1-448] INFO  o.apache.jmeter.threads.JMeterThread - Thread started: Thread Group 1-448
10:14:02.236 [Thread Group 1-437] INFO  o.apache.jmeter.threads.JMeterThread - Thread started: Thread Group 1-437
10:14:02.236 [Thread Group 1-436] INFO  o.apache.jmeter.threads.JMeterThread - Thread started: Thread Group 1-436
10:14:02.236 [Thread Group 1-440] INFO  o.apache.jmeter.threads.JMeterThread - Thread started: Thread Group 1-440
10:14:02.236 [Thread Group 1-432] INFO  o.apache.jmeter.threads.JMeterThread - Thread started: Thread Group 1-432
10:14:02.236 [Thread Group 1-433] INFO  o.apache.jmeter.threads.JMeterThread - Thread started: Thread Group 1-433
10:14:02.236 [Thread Group 1-429] INFO  o.apache.jmeter.threads.JMeterThread - Thread started: Thread Group 1-429
10:14:02.236 [Thread Group 1-428] INFO  o.apache.jmeter.threads.JMeterThread - Thread started: Thread Group 1-428
10:14:03.004 [Thread Group 1-592] INFO  o.apache.jmeter.threads.JMeterThread - Thread started: Thread Group 1-592
10:14:02.975 [Thread Group 1-586] INFO  o.apache.jmeter.threads.JMeterThread - Thread started: Thread Group 1-586
10:14:02.965 [Thread Group 1-589] INFO  o.apache.jmeter.threads.JMeterThread - Thread started: Thread Group 1-589
10:14:02.953 [Thread Group 1-588] INFO  o.apache.jmeter.threads.JMeterThread - Thread started: Thread Group 1-588
10:14:02.921 [Thread Group 1-583] INFO  o.apache.jmeter.threads.JMeterThread - Thread started: Thread Group 1-583
10:14:02.914 [Thread Group 1-585] INFO  o.apache.jmeter.threads.JMeterThread - Thread started: Thread Group 1-585
10:14:02.899 [Thread Group 1-584] INFO  o.apache.jmeter.threads.JMeterThread - Thread started: Thread Group 1-584
10:14:02.891 [Thread Group 1-581] INFO  o.apache.jmeter.threads.JMeterThread - Thread started: Thread Group 1-581
10:14:02.884 [Thread Group 1-582] INFO  o.apache.jmeter.threads.JMeterThread - Thread started: Thread Group 1-582
10:14:02.849 [Thread Group 1-580] INFO  o.apache.jmeter.threads.JMeterThread - Thread started: Thread Group 1-580
10:14:02.835 [Thread Group 1-579] INFO  o.apache.jmeter.threads.JMeterThread - Thread started: Thread Group 1-579
10:14:02.834 [Thread Group 1-578] INFO  o.apache.jmeter.threads.JMeterThread - Thread started: Thread Group 1-578
10:14:02.834 [Thread Group 1-575] INFO  o.apache.jmeter.threads.JMeterThread - Thread started: Thread Group 1-575
10:14:02.834 [Thread Group 1-574] INFO  o.apache.jmeter.threads.JMeterThread - Thread started: Thread Group 1-574
10:14:02.834 [Thread Group 1-571] INFO  o.apache.jmeter.threads.JMeterThread - Thread started: Thread Group 1-571
10:14:03.014 [Thread Group 1-587] INFO  o.apache.jmeter.threads.JMeterThread - Thread started: Thread Group 1-587
10:14:03.017 [Thread Group 1-593] INFO  o.apache.jmeter.threads.JMeterThread - Thread started: Thread Group 1-593
10:14:02.832 [Thread Group 1-570] INFO  o.apache.jmeter.threads.JMeterThread - Thread started: Thread Group 1-570
10:14:02.830 [Thread Group 1-567] INFO  o.apache.jmeter.threads.JMeterThread - Thread started: Thread Group 1-567
10:14:02.829 [Thread Group 1-566] INFO  o.apache.jmeter.threads.JMeterThread - Thread started: Thread Group 1-566
10:14:02.826 [Thread Group 1-563] INFO  o.apache.jmeter.threads.JMeterThread - Thread started: Thread Group 1-563
10:14:02.197 [Thread Group 1-527] INFO  o.apache.jmeter.threads.JMeterThread - Thread started: Thread Group 1-527
10:14:02.202 [Thread Group 1-530] INFO  o.apache.jmeter.threads.JMeterThread - Thread started: Thread Group 1-530
10:14:02.810 [Thread Group 1-577] INFO  o.apache.jmeter.threads.JMeterThread - Thread started: Thread Group 1-577
10:14:02.211 [Thread Group 1-531] INFO  o.apache.jmeter.threads.JMeterThread - Thread started: Thread Group 1-531
10:14:02.796 [Thread Group 1-576] INFO  o.apache.jmeter.threads.JMeterThread - Thread started: Thread Group 1-576
10:14:02.235 [Thread Group 1-532] INFO  o.apache.jmeter.threads.JMeterThread - Thread started: Thread Group 1-532
10:14:02.235 [Thread Group 1-528] INFO  o.apache.jmeter.threads.JMeterThread - Thread started: Thread Group 1-528
10:14:02.235 [Thread Group 1-529] INFO  o.apache.jmeter.threads.JMeterThread - Thread started: Thread Group 1-529
10:14:02.235 [Thread Group 1-525] INFO  o.apache.jmeter.threads.JMeterThread - Thread started: Thread Group 1-525
10:14:02.235 [Thread Group 1-513] INFO  o.apache.jmeter.threads.JMeterThread - Thread started: Thread Group 1-513
10:14:02.235 [Thread Group 1-512] INFO  o.apache.jmeter.threads.JMeterThread - Thread started: Thread Group 1-512
10:14:02.235 [Thread Group 1-517] INFO  o.apache.jmeter.threads.JMeterThread - Thread started: Thread Group 1-517
10:14:02.235 [Thread Group 1-520] INFO  o.apache.jmeter.threads.JMeterThread - Thread started: Thread Group 1-520
10:14:02.235 [Thread Group 1-516] INFO  o.apache.jmeter.threads.JMeterThread - Thread started: Thread Group 1-516
10:14:02.235 [Thread Group 1-521] INFO  o.apache.jmeter.threads.JMeterThread - Thread started: Thread Group 1-521
10:14:02.235 [Thread Group 1-524] INFO  o.apache.jmeter.threads.JMeterThread - Thread started: Thread Group 1-524
10:14:02.235 [Thread Group 1-456] INFO  o.apache.jmeter.threads.JMeterThread - Thread started: Thread Group 1-456
10:14:02.235 [Thread Group 1-457] INFO  o.apache.jmeter.threads.JMeterThread - Thread started: Thread Group 1-457
10:14:02.235 [Thread Group 1-460] INFO  o.apache.jmeter.threads.JMeterThread - Thread started: Thread Group 1-460
10:14:02.235 [Thread Group 1-461] INFO  o.apache.jmeter.threads.JMeterThread - Thread started: Thread Group 1-461
10:14:02.235 [Thread Group 1-464] INFO  o.apache.jmeter.threads.JMeterThread - Thread started: Thread Group 1-464
10:14:02.235 [Thread Group 1-465] INFO  o.apache.jmeter.threads.JMeterThread - Thread started: Thread Group 1-465
10:14:02.235 [Thread Group 1-468] INFO  o.apache.jmeter.threads.JMeterThread - Thread started: Thread Group 1-468
10:14:02.235 [Thread Group 1-469] INFO  o.apache.jmeter.threads.JMeterThread - Thread started: Thread Group 1-469
10:14:02.235 [Thread Group 1-473] INFO  o.apache.jmeter.threads.JMeterThread - Thread started: Thread Group 1-473
10:14:02.235 [Thread Group 1-472] INFO  o.apache.jmeter.threads.JMeterThread - Thread started: Thread Group 1-472
10:14:02.235 [Thread Group 1-476] INFO  o.apache.jmeter.threads.JMeterThread - Thread started: Thread Group 1-476
10:14:02.235 [Thread Group 1-477] INFO  o.apache.jmeter.threads.JMeterThread - Thread started: Thread Group 1-477
10:14:02.235 [Thread Group 1-481] INFO  o.apache.jmeter.threads.JMeterThread - Thread started: Thread Group 1-481
10:14:02.235 [Thread Group 1-480] INFO  o.apache.jmeter.threads.JMeterThread - Thread started: Thread Group 1-480
10:14:02.235 [Thread Group 1-485] INFO  o.apache.jmeter.threads.JMeterThread - Thread started: Thread Group 1-485
10:14:02.235 [Thread Group 1-484] INFO  o.apache.jmeter.threads.JMeterThread - Thread started: Thread Group 1-484
10:14:02.235 [Thread Group 1-488] INFO  o.apache.jmeter.threads.JMeterThread - Thread started: Thread Group 1-488
10:14:02.236 [Thread Group 1-492] INFO  o.apache.jmeter.threads.JMeterThread - Thread started: Thread Group 1-492
10:14:02.236 [Thread Group 1-489] INFO  o.apache.jmeter.threads.JMeterThread - Thread started: Thread Group 1-489
10:14:02.236 [Thread Group 1-493] INFO  o.apache.jmeter.threads.JMeterThread - Thread started: Thread Group 1-493
10:14:02.236 [Thread Group 1-496] INFO  o.apache.jmeter.threads.JMeterThread - Thread started: Thread Group 1-496
10:14:02.236 [Thread Group 1-497] INFO  o.apache.jmeter.threads.JMeterThread - Thread started: Thread Group 1-497
10:14:02.236 [Thread Group 1-500] INFO  o.apache.jmeter.threads.JMeterThread - Thread started: Thread Group 1-500
10:14:02.236 [Thread Group 1-501] INFO  o.apache.jmeter.threads.JMeterThread - Thread started: Thread Group 1-501
10:14:02.236 [Thread Group 1-505] INFO  o.apache.jmeter.threads.JMeterThread - Thread started: Thread Group 1-505
10:14:02.236 [Thread Group 1-504] INFO  o.apache.jmeter.threads.JMeterThread - Thread started: Thread Group 1-504
10:14:02.236 [Thread Group 1-509] INFO  o.apache.jmeter.threads.JMeterThread - Thread started: Thread Group 1-509
10:14:02.236 [Thread Group 1-508] INFO  o.apache.jmeter.threads.JMeterThread - Thread started: Thread Group 1-508
10:14:02.236 [Thread Group 1-424] INFO  o.apache.jmeter.threads.JMeterThread - Thread started: Thread Group 1-424
10:14:02.236 [Thread Group 1-421] INFO  o.apache.jmeter.threads.JMeterThread - Thread started: Thread Group 1-421
10:14:02.236 [Thread Group 1-420] INFO  o.apache.jmeter.threads.JMeterThread - Thread started: Thread Group 1-420
10:14:02.236 [Thread Group 1-425] INFO  o.apache.jmeter.threads.JMeterThread - Thread started: Thread Group 1-425
10:14:03.061 [Thread Group 1-596] INFO  o.apache.jmeter.threads.JMeterThread - Thread started: Thread Group 1-596
10:14:03.086 [Thread Group 1-597] INFO  o.apache.jmeter.threads.JMeterThread - Thread started: Thread Group 1-597
10:14:03.109 [Thread Group 1-600] INFO  o.apache.jmeter.threads.JMeterThread - Thread started: Thread Group 1-600
10:14:03.126 [Thread Group 1-601] INFO  o.apache.jmeter.threads.JMeterThread - Thread started: Thread Group 1-601
10:14:03.174 [Thread Group 1-604] INFO  o.apache.jmeter.threads.JMeterThread - Thread started: Thread Group 1-604
10:14:03.174 [Thread Group 1-605] INFO  o.apache.jmeter.threads.JMeterThread - Thread started: Thread Group 1-605
10:14:03.241 [Thread Group 1-608] INFO  o.apache.jmeter.threads.JMeterThread - Thread started: Thread Group 1-608
10:14:03.243 [Thread Group 1-609] INFO  o.apache.jmeter.threads.JMeterThread - Thread started: Thread Group 1-609
10:14:03.274 [Thread Group 1-612] INFO  o.apache.jmeter.threads.JMeterThread - Thread started: Thread Group 1-612
10:14:03.277 [Thread Group 1-613] INFO  o.apache.jmeter.threads.JMeterThread - Thread started: Thread Group 1-613
10:14:03.367 [Thread Group 1-620] INFO  o.apache.jmeter.threads.JMeterThread - Thread started: Thread Group 1-620
10:14:03.384 [Thread Group 1-621] INFO  o.apache.jmeter.threads.JMeterThread - Thread started: Thread Group 1-621
10:14:03.392 [Thread Group 1-603] INFO  o.apache.jmeter.threads.JMeterThread - Thread started: Thread Group 1-603
10:14:03.408 [Thread Group 1-602] INFO  o.apache.jmeter.threads.JMeterThread - Thread started: Thread Group 1-602
10:14:03.411 [Thread Group 1-599] INFO  o.apache.jmeter.threads.JMeterThread - Thread started: Thread Group 1-599
10:14:03.422 [Thread Group 1-624] INFO  o.apache.jmeter.threads.JMeterThread - Thread started: Thread Group 1-624
10:14:03.448 [Thread Group 1-625] INFO  o.apache.jmeter.threads.JMeterThread - Thread started: Thread Group 1-625
[...]
10:14:14.012 [Thread Group 1-799] INFO  o.apache.jmeter.threads.JMeterThread - Thread finished: Thread Group 1-799
10:14:14.016 [Thread Group 1-689] INFO  o.apache.jmeter.threads.JMeterThread - Thread is done: Thread Group 1-689
10:14:14.017 [Thread Group 1-689] INFO  o.apache.jmeter.threads.JMeterThread - Thread finished: Thread Group 1-689
10:14:14.019 [Thread Group 1-796] INFO  o.apache.jmeter.threads.JMeterThread - Thread is done: Thread Group 1-796
10:14:14.019 [Thread Group 1-796] INFO  o.apache.jmeter.threads.JMeterThread - Thread finished: Thread Group 1-796
10:14:14.020 [Thread Group 1-759] INFO  o.apache.jmeter.threads.JMeterThread - Thread is done: Thread Group 1-759
10:14:14.020 [Thread Group 1-777] INFO  o.apache.jmeter.threads.JMeterThread - Thread is done: Thread Group 1-777
10:14:14.020 [Thread Group 1-780] INFO  o.apache.jmeter.threads.JMeterThread - Thread is done: Thread Group 1-780
10:14:14.020 [Thread Group 1-777] INFO  o.apache.jmeter.threads.JMeterThread - Thread finished: Thread Group 1-777
10:14:14.020 [Thread Group 1-780] INFO  o.apache.jmeter.threads.JMeterThread - Thread finished: Thread Group 1-780
10:14:14.020 [Thread Group 1-759] INFO  o.apache.jmeter.threads.JMeterThread - Thread finished: Thread Group 1-759
10:14:14.032 [Thread Group 1-779] INFO  o.apache.jmeter.threads.JMeterThread - Thread is done: Thread Group 1-779
10:14:14.033 [Thread Group 1-779] INFO  o.apache.jmeter.threads.JMeterThread - Thread finished: Thread Group 1-779
10:14:14.035 [Thread Group 1-758] INFO  o.apache.jmeter.threads.JMeterThread - Thread is done: Thread Group 1-758
10:14:14.035 [Thread Group 1-758] INFO  o.apache.jmeter.threads.JMeterThread - Thread finished: Thread Group 1-758
10:14:14.036 [Thread Group 1-782] INFO  o.apache.jmeter.threads.JMeterThread - Thread is done: Thread Group 1-782
10:14:14.036 [Thread Group 1-782] INFO  o.apache.jmeter.threads.JMeterThread - Thread finished: Thread Group 1-782
10:14:14.040 [Thread Group 1-776] INFO  o.apache.jmeter.threads.JMeterThread - Thread is done: Thread Group 1-776
10:14:14.040 [Thread Group 1-797] INFO  o.apache.jmeter.threads.JMeterThread - Thread is done: Thread Group 1-797
10:14:14.040 [Thread Group 1-776] INFO  o.apache.jmeter.threads.JMeterThread - Thread finished: Thread Group 1-776
10:14:14.040 [Thread Group 1-797] INFO  o.apache.jmeter.threads.JMeterThread - Thread finished: Thread Group 1-797
10:14:14.050 [Thread Group 1-761] INFO  o.apache.jmeter.threads.JMeterThread - Thread is done: Thread Group 1-761
10:14:14.050 [Thread Group 1-761] INFO  o.apache.jmeter.threads.JMeterThread - Thread finished: Thread Group 1-761
10:14:14.056 [Thread Group 1-113] INFO  o.apache.jmeter.threads.JMeterThread - Thread is done: Thread Group 1-113
10:14:14.056 [Thread Group 1-113] INFO  o.apache.jmeter.threads.JMeterThread - Thread finished: Thread Group 1-113
10:14:14.069 [Thread Group 1-772] INFO  o.apache.jmeter.threads.JMeterThread - Thread is done: Thread Group 1-772
10:14:14.069 [Thread Group 1-772] INFO  o.apache.jmeter.threads.JMeterThread - Thread finished: Thread Group 1-772
10:14:14.149 [Thread Group 1-800] INFO  o.apache.jmeter.threads.JMeterThread - Thread is done: Thread Group 1-800
10:14:14.150 [Thread Group 1-800] INFO  o.apache.jmeter.threads.JMeterThread - Thread finished: Thread Group 1-800
10:14:14.161 [Thread Group 1-737] INFO  o.apache.jmeter.threads.JMeterThread - Thread is done: Thread Group 1-737
10:14:14.161 [Thread Group 1-737] INFO  o.apache.jmeter.threads.JMeterThread - Thread finished: Thread Group 1-737
10:14:14.167 [Thread Group 1-769] INFO  o.apache.jmeter.threads.JMeterThread - Thread is done: Thread Group 1-769
10:14:14.167 [Thread Group 1-769] INFO  o.apache.jmeter.threads.JMeterThread - Thread finished: Thread Group 1-769
10:14:14.456 [Thread Group 1-209] INFO  o.apache.jmeter.threads.JMeterThread - Thread is done: Thread Group 1-209
10:14:14.456 [Thread Group 1-209] INFO  o.apache.jmeter.threads.JMeterThread - Thread finished: Thread Group 1-209
10:14:14.661 [Thread Group 1-214] INFO  o.apache.jmeter.threads.JMeterThread - Thread is done: Thread Group 1-214
10:14:14.662 [Thread Group 1-214] INFO  o.apache.jmeter.threads.JMeterThread - Thread finished: Thread Group 1-214
10:14:14.675 [Thread Group 1-116] INFO  o.apache.jmeter.threads.JMeterThread - Thread is done: Thread Group 1-116
10:14:14.675 [Thread Group 1-116] INFO  o.apache.jmeter.threads.JMeterThread - Thread finished: Thread Group 1-116
10:14:14.682 [Thread Group 1-626] INFO  o.apache.jmeter.threads.JMeterThread - Thread is done: Thread Group 1-626
10:14:14.682 [Thread Group 1-626] INFO  o.apache.jmeter.threads.JMeterThread - Thread finished: Thread Group 1-626
10:14:14.701 [Thread Group 1-303] INFO  o.apache.jmeter.threads.JMeterThread - Thread is done: Thread Group 1-303
10:14:14.701 [Thread Group 1-303] INFO  o.apache.jmeter.threads.JMeterThread - Thread finished: Thread Group 1-303
10:14:14.705 [Thread Group 1-456] INFO  o.apache.jmeter.threads.JMeterThread - Thread is done: Thread Group 1-456
10:14:14.705 [Thread Group 1-456] INFO  o.apache.jmeter.threads.JMeterThread - Thread finished: Thread Group 1-456
10:14:14.866 [Thread Group 1-568] INFO  o.apache.jmeter.threads.JMeterThread - Thread is done: Thread Group 1-568
10:14:14.866 [Thread Group 1-568] INFO  o.apache.jmeter.threads.JMeterThread - Thread finished: Thread Group 1-568
10:14:15.019 [Thread Group 1-427] INFO  o.apache.jmeter.threads.JMeterThread - Thread is done: Thread Group 1-427
10:14:15.019 [Thread Group 1-427] INFO  o.apache.jmeter.threads.JMeterThread - Thread finished: Thread Group 1-427
10:14:15.042 [Thread Group 1-330] INFO  o.apache.jmeter.threads.JMeterThread - Thread is done: Thread Group 1-330
10:14:15.042 [Thread Group 1-330] INFO  o.apache.jmeter.threads.JMeterThread - Thread finished: Thread Group 1-330
10:14:15.203 [Thread Group 1-246] INFO  o.apache.jmeter.threads.JMeterThread - Thread is done: Thread Group 1-246
10:14:15.203 [Thread Group 1-246] INFO  o.apache.jmeter.threads.JMeterThread - Thread finished: Thread Group 1-246
10:14:15.267 [Thread Group 1-679] INFO  o.apache.jmeter.threads.JMeterThread - Thread is done: Thread Group 1-679
10:14:15.267 [Thread Group 1-679] INFO  o.apache.jmeter.threads.JMeterThread - Thread finished: Thread Group 1-679
10:14:15.291 [Thread Group 1-80] INFO  o.apache.jmeter.threads.JMeterThread - Thread is done: Thread Group 1-80
10:14:15.291 [Thread Group 1-80] INFO  o.apache.jmeter.threads.JMeterThread - Thread finished: Thread Group 1-80
10:14:15.307 [Thread Group 1-724] INFO  o.apache.jmeter.threads.JMeterThread - Thread is done: Thread Group 1-724
10:14:15.307 [Thread Group 1-724] INFO  o.apache.jmeter.threads.JMeterThread - Thread finished: Thread Group 1-724
10:14:15.344 [Thread Group 1-279] INFO  o.apache.jmeter.threads.JMeterThread - Thread is done: Thread Group 1-279
10:14:15.344 [Thread Group 1-279] INFO  o.apache.jmeter.threads.JMeterThread - Thread finished: Thread Group 1-279
10:14:15.384 [Thread Group 1-184] INFO  o.apache.jmeter.threads.JMeterThread - Thread is done: Thread Group 1-184
10:14:15.385 [Thread Group 1-184] INFO  o.apache.jmeter.threads.JMeterThread - Thread finished: Thread Group 1-184
10:14:15.386 [pool-2-thread-1] INFO  o.a.j.engine.StandardJMeterEngine - Notifying test listeners of end of test
10:14:15.389 [pool-2-thread-1] INFO  o.apache.jmeter.reporters.Summariser - summary +   4799 in 00:00:10 =  470.1/s Avg:  1467 Min:    91 Max: 10513 Err:  4731 (98.58%) Active: 0 Started: 800 Finished: 800
summary +   4799 in 00:00:10 =  470.1/s Avg:  1467 Min:    91 Max: 10513 Err:  4731 (98.58%) Active: 0 Started: 800 Finished: 800
10:14:15.389 [pool-2-thread-1] INFO  o.apache.jmeter.reporters.Summariser - summary =   4800 in 00:00:20 =  238.7/s Avg:  1467 Min:    91 Max: 10513 Err:  4732 (98.58%)
summary =   4800 in 00:00:20 =  238.7/s Avg:  1467 Min:    91 Max: 10513 Err:  4732 (98.58%)
10:14:15.458 [pool-2-thread-1] INFO  o.a.j.r.dashboard.ReportGenerator - ReportGenerator will use for Parsing the separator: ','
10:14:15.460 [pool-2-thread-1] INFO  o.a.j.r.dashboard.ReportGenerator - Will only generate report from results file: src/test/resources/jmeter/outputs/2021-10-22T10.13.54.321876700/result.jtl
10:14:15.460 [pool-2-thread-1] INFO  o.a.j.r.dashboard.ReportGenerator - Reading report generator properties from: C:\Users\MartinS\OneDrive - 2i Limited\Jmeter_framework\generated-framework\src\test\resources\jmeter\bin\reportgenerator.properties
10:14:15.463 [pool-2-thread-1] INFO  o.a.j.r.dashboard.ReportGenerator - Merging with JMeter properties
10:14:15.484 [pool-2-thread-1] INFO  o.a.j.r.c.ReportGeneratorConfiguration - Property 'jmeter.reportgenerator.temp_dir' not found, using default value 'temp' instead.
10:14:15.492 [pool-2-thread-1] INFO  o.a.j.r.c.ReportGeneratorConfiguration - Property 'jmeter.reportgenerator.apdex_per_transaction' not found, using default value 'null' instead.
10:14:15.492 [pool-2-thread-1] INFO  o.a.j.r.c.ReportGeneratorConfiguration - apdex_per_transaction is empty, not APDEX per transaction customization
10:14:15.492 [pool-2-thread-1] INFO  o.a.j.r.c.ReportGeneratorConfiguration - Property 'jmeter.reportgenerator.sample_filter' not found, using default value 'null' instead.
10:14:15.493 [pool-2-thread-1] INFO  o.a.j.r.c.ReportGeneratorConfiguration - Property 'jmeter.reportgenerator.report_title' not found, using default value 'null' instead.
10:14:15.493 [pool-2-thread-1] INFO  o.a.j.r.c.ReportGeneratorConfiguration - Property 'jmeter.reportgenerator.start_date' not found, using default value 'null' instead.
10:14:15.493 [pool-2-thread-1] INFO  o.a.j.r.c.ReportGeneratorConfiguration - Property 'jmeter.reportgenerator.end_date' not found, using default value 'null' instead.
10:14:15.493 [pool-2-thread-1] INFO  o.a.j.r.c.ReportGeneratorConfiguration - Property 'jmeter.reportgenerator.date_format' not found, using default value 'null' instead.
10:14:15.503 [pool-2-thread-1] INFO  o.a.j.r.c.ReportGeneratorConfiguration - Will use date range start date: null, end date: null
10:14:15.519 [pool-2-thread-1] INFO  o.a.j.r.c.ReportGeneratorConfiguration - Property 'jmeter.reportgenerator.graph.activeThreadsOverTime.exclude_controllers' not found, using default value 'false' instead.
10:14:15.519 [pool-2-thread-1] INFO  o.a.j.r.c.ReportGeneratorConfiguration - Property 'jmeter.reportgenerator.graph.timeVsThreads.exclude_controllers' not found, using default value 'false' instead.
10:14:15.519 [pool-2-thread-1] INFO  o.a.j.r.c.ReportGeneratorConfiguration - Property 'jmeter.reportgenerator.graph.responseTimeDistribution.exclude_controllers' not found, using default value 'false' instead.
10:14:15.519 [pool-2-thread-1] INFO  o.a.j.r.c.ReportGeneratorConfiguration - Property 'jmeter.reportgenerator.graph.transactionsPerSecond.exclude_controllers' not found, using default value 'false' instead.
10:14:15.519 [pool-2-thread-1] INFO  o.a.j.r.c.ReportGeneratorConfiguration - Property 'jmeter.reportgenerator.graph.responseTimePercentiles.exclude_controllers' not found, using default value 'false' instead.
10:14:15.519 [pool-2-thread-1] INFO  o.a.j.r.c.ReportGeneratorConfiguration - Property 'jmeter.reportgenerator.graph.responseTimePercentilesOverTime.exclude_controllers' not found, using default value 'false' instead.
10:14:15.519 [pool-2-thread-1] INFO  o.a.j.r.c.ReportGeneratorConfiguration - Property 'jmeter.reportgenerator.graph.responseTimesOverTime.exclude_controllers' not found, using default value 'false' instead.
10:14:15.519 [pool-2-thread-1] INFO  o.a.j.r.c.ReportGeneratorConfiguration - Property 'jmeter.reportgenerator.graph.connectTimeOverTime.exclude_controllers' not found, using default value 'false' instead.
10:14:15.519 [pool-2-thread-1] INFO  o.a.j.r.c.ReportGeneratorConfiguration - Property 'jmeter.reportgenerator.graph.latenciesOverTime.exclude_controllers' not found, using default value 'false' instead.
10:14:15.522 [pool-2-thread-1] INFO  o.a.j.r.c.ReportGeneratorConfiguration - Property 'jmeter.reportgenerator.exporter.html.filters_only_sample_series' not found, using default value 'true' instead.
10:14:15.522 [pool-2-thread-1] INFO  o.a.j.r.c.ReportGeneratorConfiguration - Property 'jmeter.reportgenerator.exporter.html.series_filter' not found, using default value '' instead.
10:14:15.522 [pool-2-thread-1] INFO  o.a.j.r.c.ReportGeneratorConfiguration - Property 'jmeter.reportgenerator.exporter.html.show_controllers_only' not found, using default value 'false' instead.
10:14:15.600 [pool-2-thread-1] INFO  o.a.j.r.p.NormalizerSampleConsumer - Using format, 'ms', to parse timeStamp field
10:14:16.483 [pool-2-thread-1] INFO  o.a.j.r.p.AbstractSampleConsumer - class org.apache.jmeter.report.processor.AggregateConsumer#stopProducing(): beginDate produced 0 samples
10:14:16.484 [pool-2-thread-1] INFO  o.a.j.r.p.AbstractSampleConsumer - class org.apache.jmeter.report.processor.AggregateConsumer#stopProducing(): endDate produced 0 samples
10:14:16.494 [pool-2-thread-1] INFO  o.a.j.r.p.AbstractSampleConsumer - class org.apache.jmeter.report.processor.ApdexSummaryConsumer#stopProducing(): apdexSummary produced 0 samples
10:14:16.494 [pool-2-thread-1] INFO  o.a.j.r.p.AbstractSampleConsumer - class org.apache.jmeter.report.processor.RequestsSummaryConsumer#stopProducing(): requestsSummary produced 0 samples
10:14:16.527 [pool-2-thread-1] INFO  o.a.j.r.p.AbstractSampleConsumer - class org.apache.jmeter.report.processor.StatisticsSummaryConsumer#stopProducing(): statisticsSummary produced 0 samples
10:14:16.544 [pool-2-thread-1] INFO  o.a.j.r.p.AbstractSampleConsumer - class org.apache.jmeter.report.processor.Top5ErrorsBySamplerConsumer#stopProducing(): top5ErrorsBySampler produced 0 samples
10:14:16.545 [pool-2-thread-1] INFO  o.a.j.r.p.AbstractSampleConsumer - class org.apache.jmeter.report.processor.ErrorsSummaryConsumer#stopProducing(): errorsSummary produced 0 samples
10:14:16.545 [pool-2-thread-1] INFO  o.a.j.r.p.AbstractSampleConsumer - class org.apache.jmeter.report.processor.graph.impl.HitsPerSecondGraphConsumer#stopProducing(): hitsPerSecond produced 0 samples
10:14:16.755 [pool-2-thread-1] INFO  o.a.j.r.p.AbstractSampleConsumer - class org.apache.jmeter.report.processor.graph.impl.LatencyVSRequestGraphConsumer#stopProducing(): latencyVsRequest produced 0 samples
10:14:16.756 [pool-2-thread-1] INFO  o.a.j.r.p.AbstractSampleConsumer - class org.apache.jmeter.report.processor.graph.impl.SyntheticResponseTimeDistributionGraphConsumer#stopProducing(): syntheticResponseTimeDistribution produced 0 samples
10:14:16.758 [pool-2-thread-1] INFO  o.a.j.r.p.AbstractSampleConsumer - class org.apache.jmeter.report.processor.graph.impl.BytesThroughputGraphConsumer#stopProducing(): bytesThroughputOverTime produced 0 samples
10:14:16.758 [pool-2-thread-1] INFO  o.a.j.r.p.AbstractSampleConsumer - class org.apache.jmeter.report.processor.graph.impl.CodesPerSecondGraphConsumer#stopProducing(): codesPerSecond produced 0 samples
10:14:16.995 [pool-2-thread-1] INFO  o.a.j.r.p.AbstractSampleConsumer - class org.apache.jmeter.report.processor.graph.impl.ResponseTimeVSRequestGraphConsumer#stopProducing(): responseTimeVsRequest produced 0 samples
10:14:16.999 [pool-2-thread-1] INFO  o.a.j.r.p.AbstractSampleConsumer - class org.apache.jmeter.report.processor.FilterConsumer#stopProducing(): startIntervalControlerFilter produced 35868 samples
10:14:16.999 [pool-2-thread-1] INFO  o.a.j.r.p.AbstractSampleConsumer - class org.apache.jmeter.report.processor.graph.impl.ActiveThreadsGraphConsumer#stopProducing(): activeThreadsOverTime produced 0 samples
10:14:17.001 [pool-2-thread-1] INFO  o.a.j.r.p.AbstractSampleConsumer - class org.apache.jmeter.report.processor.graph.impl.TimeVSThreadGraphConsumer#stopProducing(): timeVsThreads produced 0 samples
10:14:17.006 [pool-2-thread-1] INFO  o.a.j.r.p.AbstractSampleConsumer - class org.apache.jmeter.report.processor.graph.impl.ResponseTimeDistributionGraphConsumer#stopProducing(): responseTimeDistribution produced 0 samples
10:14:17.007 [pool-2-thread-1] INFO  o.a.j.r.p.AbstractSampleConsumer - class org.apache.jmeter.report.processor.graph.impl.TransactionsPerSecondGraphConsumer#stopProducing(): transactionsPerSecond produced 0 samples
10:14:17.007 [pool-2-thread-1] INFO  o.a.j.r.p.AbstractSampleConsumer - class org.apache.jmeter.report.processor.graph.impl.ResponseTimePercentilesGraphConsumer#stopProducing(): responseTimePercentiles produced 0 samples
10:14:17.038 [pool-2-thread-1] INFO  o.a.j.r.p.AbstractSampleConsumer - class org.apache.jmeter.report.processor.graph.impl.ResponseTimePercentilesOverTimeGraphConsumer#stopProducing(): responseTimePercentilesOverTime produced 0 samples
10:14:17.038 [pool-2-thread-1] INFO  o.a.j.r.p.AbstractSampleConsumer - class org.apache.jmeter.report.processor.graph.impl.ResponseTimeOverTimeGraphConsumer#stopProducing(): responseTimesOverTime produced 0 samples
10:14:17.038 [pool-2-thread-1] INFO  o.a.j.r.p.AbstractSampleConsumer - class org.apache.jmeter.report.processor.graph.impl.ConnectTimeOverTimeGraphConsumer#stopProducing(): connectTimeOverTime produced 0 samples
10:14:17.038 [pool-2-thread-1] INFO  o.a.j.r.p.AbstractSampleConsumer - class org.apache.jmeter.report.processor.graph.impl.LatencyOverTimeGraphConsumer#stopProducing(): latenciesOverTime produced 0 samples
10:14:17.038 [pool-2-thread-1] INFO  o.a.j.r.p.AbstractSampleConsumer - class org.apache.jmeter.report.processor.FilterConsumer#stopProducing(): nameFilter produced 71736 samples
10:14:17.038 [pool-2-thread-1] INFO  o.a.j.r.p.AbstractSampleConsumer - class org.apache.jmeter.report.processor.FilterConsumer#stopProducing(): dateRangeFilter produced 15372 samples
10:14:17.038 [pool-2-thread-1] INFO  o.a.j.r.p.AbstractSampleConsumer - class org.apache.jmeter.report.processor.NormalizerSampleConsumer#stopProducing(): normalizer produced 5124 samples
10:14:17.052 [pool-2-thread-1] INFO  o.a.j.r.p.CsvFileSampleSource - produce(): 5124 samples produced in 1s 368 ms on channel 0
10:14:17.052 [pool-2-thread-1] INFO  o.a.j.r.dashboard.ReportGenerator - Exporting data using exporter:'html' of className:'org.apache.jmeter.report.dashboard.HtmlTemplateExporter'
10:14:17.065 [pool-2-thread-1] INFO  o.a.j.r.d.HtmlTemplateExporter - Will generate dashboard in folder: C:\Users\MartinS\OneDrive - 2i Limited\Jmeter_framework\generated-framework\src\test\resources\jmeter\outputs\2021-10-22T10.13.54.321876700
10:14:18.859 [pool-2-thread-1] INFO  o.a.j.r.d.HtmlTemplateExporter - Report will be generated in: C:\Users\MartinS\OneDrive - 2i Limited\Jmeter_framework\generated-framework\src\test\resources\jmeter\outputs\2021-10-22T10.13.54.321876700, creating folder structure
10:14:18.903 [pool-2-thread-1] INFO  o.a.j.r.dashboard.TemplateVisitor - Copying folder from 'src\test\resources\jmeter\bin\report-template' to 'src\test\resources\jmeter\outputs\2021-10-22T10.13.54.321876700', got message: src\test\resources\jmeter\outputs\2021-10-22T10.13.54.321876700, found non empty folder with following content [src\test\resources\jmeter\outputs\2021-10-22T10.13.54.321876700\result.jtl], will be ignored
  &amp#27;[32mThen &amp#27;[0m&amp#27;[32mthe JMX file: "&amp#27;[0m&amp#27;[32m&amp#27;[1mView Results Tree.jmx&amp#27;[0m&amp#27;[32m" is executed&amp#27;[0m                            &amp#27;[90m# jmeter.stepdefinitions.JmeterSteps.theTestIsExecuted(java.lang.String)&amp#27;[0m
10:14:21.656 [pool-2-thread-1] INFO   - 
  _____   ___   ___   _____     ___     _     ___   ___   ___   ___  
 |_   _| | __| / __| |_   _|   | _ \   /_\   / __| / __| | __| |   \ 
   | |   | _|  \__ \   | |     |  _/  / _ \  \__ \ \__ \ | _|  | |) |
   |_|   |___| |___/   |_|     |_|   /_/ \_\ |___/ |___/ |___| |___/ 

Performance testing using a preconfigured JMX file
----------------------------------------------------------------------
]]></system-out>
  </testcase>
</testsuite>