<?xml version="1.0" encoding="UTF-8"?>
<testsuite xmlns:xsi="http://www.w3.org/2001/XMLSchema-instance" xsi:noNamespaceSchemaLocation="https://maven.apache.org/surefire/maven-failsafe-plugin/xsd/failsafe-test-report-3.0.xsd" version="3.0" name="Run a simple performance test using a give JMX file" time="33.345" tests="1" errors="0" skipped="0" failures="0">
  <properties>
[...]
</properties>
  <testcase name="Performance testing using a preconfigured JMX file" classname="Run a simple performance test using a give JMX file" time="33.345">
    <system-out><![CDATA[SLF4J: Class path contains multiple SLF4J bindings.
SLF4J: Found binding in [jar:file:/C:/Users/MartinS/.m2/repository/ch/qos/logback/logback-classic/1.0.13/logback-classic-1.0.13.jar!/org/slf4j/impl/StaticLoggerBinder.class]
SLF4J: Found binding in [jar:file:/C:/Users/MartinS/.m2/repository/org/apache/logging/log4j/log4j-slf4j-impl/2.13.3/log4j-slf4j-impl-2.13.3.jar!/org/slf4j/impl/StaticLoggerBinder.class]
SLF4J: See http://www.slf4j.org/codes.html#multiple_bindings for an explanation.
SLF4J: Actual binding is of type [ch.qos.logback.classic.util.ContextSelectorStaticBinder]
15:45:04.307 [main] INFO  i.c.core.plugin.SerenityReporter - Running feature from file:///C:/Users/MartinS/OneDrive%20-%202i%20Limited/Jmeter_framework/generated-framework/src/test/resources/features/API/ApiTesting.feature

15:45:04.751 [main] INFO   - 

-------------------------------------------------------------------------------------
     _______. _______ .______       _______ .__   __.  __  .___________.____    ____ 
    /       ||   ____||   _  \     |   ____||  \ |  | |  | |           |\   \  /   / 
   |   (----`|  |__   |  |_)  |    |  |__   |   \|  | |  | `---|  |----` \   \/   /  
    \   \    |   __|  |      /     |   __|  |  . `  | |  |     |  |       \_    _/   
.----)   |   |  |____ |  |\  \----.|  |____ |  |\   | |  |     |  |         |  |     
|_______/    |_______|| _| `._____||_______||__| \__| |__|     |__|         |__|    
                                                                                     
 News and tutorials at http://www.serenity-bdd.info                                  
 Documentation at https://wakaleo.gitbooks.io/the-serenity-book/content/             
 Join the Serenity Community on Gitter: https://gitter.im/serenity-bdd/serenity-core 
 Serenity BDD Support and Training at http://serenity-bdd.info/#/trainingandsupport  
-------------------------------------------------------------------------------------


15:45:04.761 [main] INFO   - Test Suite Started: Automated API Test using restassured

15:45:04.807 [main] INFO  i.c.core.plugin.SerenityReporter - Running feature from file:///C:/Users/MartinS/OneDrive%20-%202i%20Limited/Jmeter_framework/generated-framework/src/test/resources/features/Jmeter/JmeterPerformanceTest.feature

15:45:04.821 [main] INFO   - Test Suite Started: Run a simple performance test using a give JMX file

15:45:04.821 [main] INFO  i.c.core.plugin.SerenityReporter - Running feature from file:///C:/Users/MartinS/OneDrive%20-%202i%20Limited/Jmeter_framework/generated-framework/src/test/resources/features/UI/duckduckgo.feature

15:45:04.836 [main] INFO   - Test Suite Started: Duckduckgo automated test



1
 Scenarios (
&amp#27;[32m1 passed&amp#27;[0m
)


2
 Steps (
&amp#27;[32m2 passed&amp#27;[0m
)


0m
33.914s






15:45:38.255 [pool-3-thread-1] INFO  n.t.core.reports.ReportService - net.thucydides.core.reports.json.JSONTestOutcomeReporter@74aa9c72: Generating report for test outcome: Run a simple performance test using a give JMX file:Performance testing using a preconfigured JMX file

15:45:38.337 [pool-4-thread-1] INFO  n.t.core.reports.ReportService - net.thucydides.core.reports.html.HtmlAcceptanceTestReporter@6ab4ba9f: Generating report for test outcome: Run a simple performance test using a give JMX file:Performance testing using a preconfigured JMX file

15:45:42.821 [main] INFO  i.c.core.plugin.SerenityReporter - Cleanup test resources for URI file:///C:/Users/MartinS/OneDrive%20-%202i%20Limited/Jmeter_framework/generated-framework/src/test/resources/features/Jmeter/JmeterPerformanceTest.feature


@Jmeter @Performance
Scenario: Performance testing using a preconfigured JMX file                        &amp#27;[90m# src/test/resources/features/Jmeter/JmeterPerformanceTest.feature:4&amp#27;[0m
15:45:06.842 [pool-2-thread-1] INFO  i.c.core.plugin.SerenityReporter - Running feature from file:///C:/Users/MartinS/OneDrive%20-%202i%20Limited/Jmeter_framework/generated-framework/src/test/resources/features/Jmeter/JmeterPerformanceTest.feature
15:45:07.194 [pool-2-thread-1] INFO   - 
  _____   ___   ___   _____     ___   _____     _     ___   _____   ___   ___  
 |_   _| | __| / __| |_   _|   / __| |_   _|   /_\   | _ \ |_   _| | __| |   \ 
   | |   | _|  \__ \   | |     \__ \   | |    / _ \  |   /   | |   | _|  | |) |
   |_|   |___| |___/   |_|     |___/   |_|   /_/ \_\ |_|_\   |_|   |___| |___/ 

Performance testing using a preconfigured JMX file(run-a-simple-performance-test-using-a-give-jmx-file;performance-testing-using-a-preconfigured-jmx-file)
--------------------------------------------------------------------------------
  &amp#27;[32mWhen &amp#27;[0m&amp#27;[32mthe following volumetrics are used for the JMX file: "&amp#27;[0m&amp#27;[32m&amp#27;[1mView Results Tree.jmx&amp#27;[0m&amp#27;[32m"&amp#27;[0m &amp#27;[90m# jmeter.stepdefinitions.JmeterSteps.useVolumetrics(java.lang.String,io.cucumber.datatable.DataTable)&amp#27;[0m
15:45:08.918 [pool-2-thread-1] WARN  org.apache.jmeter.util.JMeterUtils - Exception 'null' occurred when fetching boolean property:'server.exitaftertest', defaulting to: false
15:45:08.918 [pool-2-thread-1] WARN  org.apache.jmeter.util.JMeterUtils - Exception 'null' occurred when fetching boolean property:'jmeterengine.remote.system.exit', defaulting to: false
15:45:08.925 [pool-2-thread-1] WARN  org.apache.jmeter.util.JMeterUtils - Exception 'null' occurred when fetching boolean property:'jmeterengine.stopfail.system.exit', defaulting to: true
15:45:08.925 [pool-2-thread-1] WARN  org.apache.jmeter.util.JMeterUtils - Exception 'null' occurred when fetching boolean property:'jmeterengine.force.system.exit', defaulting to: false
15:45:08.927 [pool-2-thread-1] INFO  org.apache.jmeter.util.JMeterUtils - Setting Locale to en_GB
15:45:09.502 [pool-2-thread-1] INFO  org.apache.jmeter.save.SaveService - Testplan (JMX) version: 2.2. Testlog (JTL) version: 2.2
15:45:09.540 [pool-2-thread-1] INFO  org.apache.jmeter.save.SaveService - Using SaveService properties version 3.2
15:45:09.553 [pool-2-thread-1] INFO  org.apache.jmeter.save.SaveService - Using SaveService properties file encoding UTF-8
15:45:09.568 [pool-2-thread-1] WARN  org.apache.jmeter.save.SaveService - Bad _version - expected 5.0, found 3.2.
15:45:09.571 [pool-2-thread-1] INFO  org.apache.jmeter.save.SaveService - Loading file: src\test\java\jmeter\jmx\View Results Tree.jmx
15:45:09.719 [pool-2-thread-1] INFO  o.a.j.p.http.sampler.HTTPSamplerBase - Parser for text/html is org.apache.jmeter.protocol.http.parser.LagartoBasedHtmlParser
15:45:09.720 [pool-2-thread-1] INFO  o.a.j.p.http.sampler.HTTPSamplerBase - Parser for application/xhtml+xml is org.apache.jmeter.protocol.http.parser.LagartoBasedHtmlParser
15:45:09.720 [pool-2-thread-1] INFO  o.a.j.p.http.sampler.HTTPSamplerBase - Parser for application/xml is org.apache.jmeter.protocol.http.parser.LagartoBasedHtmlParser
15:45:09.720 [pool-2-thread-1] INFO  o.a.j.p.http.sampler.HTTPSamplerBase - Parser for text/xml is org.apache.jmeter.protocol.http.parser.LagartoBasedHtmlParser
15:45:09.720 [pool-2-thread-1] INFO  o.a.j.p.http.sampler.HTTPSamplerBase - Parser for text/vnd.wap.wml is org.apache.jmeter.protocol.http.parser.RegexpHTMLParser
15:45:09.720 [pool-2-thread-1] INFO  o.a.j.p.http.sampler.HTTPSamplerBase - Parser for text/css is org.apache.jmeter.protocol.http.parser.CssParser
15:45:09.836 [pool-2-thread-1] INFO  o.a.j.engine.StandardJMeterEngine - Running the test!
15:45:09.846 [pool-2-thread-1] INFO  o.apache.jmeter.samplers.SampleEvent - List of sample_variables: []
15:45:09.846 [pool-2-thread-1] INFO  o.apache.jmeter.samplers.SampleEvent - List of sample_variables: []
15:45:09.874 [pool-2-thread-1] INFO  o.a.j.engine.util.CompoundVariable - Note: Function class names must contain the string: '.functions.'
15:45:09.875 [pool-2-thread-1] INFO  o.a.j.engine.util.CompoundVariable - Note: Function class names must not contain the string: '.gui.'
15:45:09.889 [pool-2-thread-1] WARN  o.a.j.engine.util.CompoundVariable - Did not find any functions
15:45:09.954 [pool-2-thread-1] INFO  o.apache.jmeter.services.FileServer - Default base='C:\Users\MartinS\OneDrive - 2i Limited\Jmeter_framework\generated-framework'
15:45:10.195 [pool-2-thread-1] INFO  o.a.j.engine.StandardJMeterEngine - Starting ThreadGroup: 1 : Thread Group
15:45:10.197 [pool-2-thread-1] INFO  o.a.j.engine.StandardJMeterEngine - Starting 800 threads for group Thread Group.
15:45:10.198 [pool-2-thread-1] INFO  o.a.j.engine.StandardJMeterEngine - Thread will continue on error
15:45:10.198 [pool-2-thread-1] INFO  o.apache.jmeter.threads.ThreadGroup - Starting thread group... number=1 threads=800 ramp-up=10 delayedStart=false
15:45:10.693 [Thread Group 1-4] INFO  o.apache.jmeter.threads.JMeterThread - Thread started: Thread Group 1-4
15:45:10.727 [Thread Group 1-8] INFO  o.apache.jmeter.threads.JMeterThread - Thread started: Thread Group 1-8
15:45:10.711 [Thread Group 1-6] INFO  o.apache.jmeter.threads.JMeterThread - Thread started: Thread Group 1-6
15:45:10.765 [Thread Group 1-34] INFO  o.apache.jmeter.threads.JMeterThread - Thread started: Thread Group 1-34
15:45:10.696 [Thread Group 1-2] INFO  o.apache.jmeter.threads.JMeterThread - Thread started: Thread Group 1-2
15:45:10.695 [Thread Group 1-5] INFO  o.apache.jmeter.threads.JMeterThread - Thread started: Thread Group 1-5
15:45:10.776 [Thread Group 1-28] INFO  o.apache.jmeter.threads.JMeterThread - Thread started: Thread Group 1-28
15:45:10.781 [Thread Group 1-30] INFO  o.apache.jmeter.threads.JMeterThread - Thread started: Thread Group 1-30
15:45:10.780 [Thread Group 1-31] INFO  o.apache.jmeter.threads.JMeterThread - Thread started: Thread Group 1-31
15:45:10.695 [Thread Group 1-3] INFO  o.apache.jmeter.threads.JMeterThread - Thread started: Thread Group 1-3
15:45:10.693 [Thread Group 1-1] INFO  o.apache.jmeter.threads.JMeterThread - Thread started: Thread Group 1-1
15:45:10.807 [Thread Group 1-16] INFO  o.apache.jmeter.threads.JMeterThread - Thread started: Thread Group 1-16
15:45:10.807 [Thread Group 1-17] INFO  o.apache.jmeter.threads.JMeterThread - Thread started: Thread Group 1-17
15:45:10.800 [Thread Group 1-19] INFO  o.apache.jmeter.threads.JMeterThread - Thread started: Thread Group 1-19
15:45:10.808 [Thread Group 1-33] INFO  o.apache.jmeter.threads.JMeterThread - Thread started: Thread Group 1-33
15:45:10.811 [Thread Group 1-36] INFO  o.apache.jmeter.threads.JMeterThread - Thread started: Thread Group 1-36
15:45:10.814 [Thread Group 1-25] INFO  o.apache.jmeter.threads.JMeterThread - Thread started: Thread Group 1-25
15:45:10.815 [Thread Group 1-37] INFO  o.apache.jmeter.threads.JMeterThread - Thread started: Thread Group 1-37
15:45:10.815 [Thread Group 1-24] INFO  o.apache.jmeter.threads.JMeterThread - Thread started: Thread Group 1-24
15:45:10.797 [Thread Group 1-27] INFO  o.apache.jmeter.threads.JMeterThread - Thread started: Thread Group 1-27
15:45:10.786 [Thread Group 1-18] INFO  o.apache.jmeter.threads.JMeterThread - Thread started: Thread Group 1-18
15:45:10.786 [Thread Group 1-35] INFO  o.apache.jmeter.threads.JMeterThread - Thread started: Thread Group 1-35
15:45:10.785 [Thread Group 1-14] INFO  o.apache.jmeter.threads.JMeterThread - Thread started: Thread Group 1-14
15:45:10.819 [Thread Group 1-11] INFO  o.apache.jmeter.threads.JMeterThread - Thread started: Thread Group 1-11
15:45:10.782 [Thread Group 1-9] INFO  o.apache.jmeter.threads.JMeterThread - Thread started: Thread Group 1-9
15:45:10.823 [Thread Group 1-26] INFO  o.apache.jmeter.threads.JMeterThread - Thread started: Thread Group 1-26
15:45:10.823 [Thread Group 1-38] INFO  o.apache.jmeter.threads.JMeterThread - Thread started: Thread Group 1-38
15:45:10.830 [Thread Group 1-39] INFO  o.apache.jmeter.threads.JMeterThread - Thread started: Thread Group 1-39
15:45:10.782 [Thread Group 1-12] INFO  o.apache.jmeter.threads.JMeterThread - Thread started: Thread Group 1-12
15:45:10.781 [Thread Group 1-13] INFO  o.apache.jmeter.threads.JMeterThread - Thread started: Thread Group 1-13
15:45:10.780 [Thread Group 1-10] INFO  o.apache.jmeter.threads.JMeterThread - Thread started: Thread Group 1-10
15:45:10.780 [Thread Group 1-15] INFO  o.apache.jmeter.threads.JMeterThread - Thread started: Thread Group 1-15
15:45:10.765 [Thread Group 1-32] INFO  o.apache.jmeter.threads.JMeterThread - Thread started: Thread Group 1-32
15:45:10.733 [Thread Group 1-7] INFO  o.apache.jmeter.threads.JMeterThread - Thread started: Thread Group 1-7
15:45:10.846 [Thread Group 1-40] INFO  o.apache.jmeter.threads.JMeterThread - Thread started: Thread Group 1-40
15:45:10.846 [Thread Group 1-21] INFO  o.apache.jmeter.threads.JMeterThread - Thread started: Thread Group 1-21
15:45:10.840 [Thread Group 1-22] INFO  o.apache.jmeter.threads.JMeterThread - Thread started: Thread Group 1-22
15:45:10.816 [Thread Group 1-20] INFO  o.apache.jmeter.threads.JMeterThread - Thread started: Thread Group 1-20
15:45:10.807 [Thread Group 1-29] INFO  o.apache.jmeter.threads.JMeterThread - Thread started: Thread Group 1-29
15:45:10.853 [Thread Group 1-41] INFO  o.apache.jmeter.threads.JMeterThread - Thread started: Thread Group 1-41
15:45:10.860 [Thread Group 1-23] INFO  o.apache.jmeter.threads.JMeterThread - Thread started: Thread Group 1-23
15:45:10.865 [Thread Group 1-42] INFO  o.apache.jmeter.threads.JMeterThread - Thread started: Thread Group 1-42
15:45:10.980 [Thread Group 1-50] INFO  o.apache.jmeter.threads.JMeterThread - Thread started: Thread Group 1-50
15:45:10.981 [Thread Group 1-55] INFO  o.apache.jmeter.threads.JMeterThread - Thread started: Thread Group 1-55
15:45:10.982 [Thread Group 1-51] INFO  o.apache.jmeter.threads.JMeterThread - Thread started: Thread Group 1-51
15:45:10.982 [Thread Group 1-57] INFO  o.apache.jmeter.threads.JMeterThread - Thread started: Thread Group 1-57
15:45:10.987 [Thread Group 1-54] INFO  o.apache.jmeter.threads.JMeterThread - Thread started: Thread Group 1-54
15:45:10.988 [Thread Group 1-56] INFO  o.apache.jmeter.threads.JMeterThread - Thread started: Thread Group 1-56
15:45:10.991 [Thread Group 1-49] INFO  o.apache.jmeter.threads.JMeterThread - Thread started: Thread Group 1-49
15:45:10.991 [Thread Group 1-53] INFO  o.apache.jmeter.threads.JMeterThread - Thread started: Thread Group 1-53
15:45:10.991 [Thread Group 1-48] INFO  o.apache.jmeter.threads.JMeterThread - Thread started: Thread Group 1-48
15:45:10.993 [Thread Group 1-47] INFO  o.apache.jmeter.threads.JMeterThread - Thread started: Thread Group 1-47
15:45:10.994 [Thread Group 1-46] INFO  o.apache.jmeter.threads.JMeterThread - Thread started: Thread Group 1-46
15:45:10.995 [Thread Group 1-45] INFO  o.apache.jmeter.threads.JMeterThread - Thread started: Thread Group 1-45
15:45:10.995 [Thread Group 1-44] INFO  o.apache.jmeter.threads.JMeterThread - Thread started: Thread Group 1-44
15:45:10.995 [Thread Group 1-43] INFO  o.apache.jmeter.threads.JMeterThread - Thread started: Thread Group 1-43
15:45:11.115 [Thread Group 1-66] INFO  o.apache.jmeter.threads.JMeterThread - Thread started: Thread Group 1-66
15:45:11.118 [Thread Group 1-67] INFO  o.apache.jmeter.threads.JMeterThread - Thread started: Thread Group 1-67
15:45:11.137 [Thread Group 1-65] INFO  o.apache.jmeter.threads.JMeterThread - Thread started: Thread Group 1-65
15:45:11.153 [Thread Group 1-70] INFO  o.apache.jmeter.threads.JMeterThread - Thread started: Thread Group 1-70
15:45:11.159 [Thread Group 1-64] INFO  o.apache.jmeter.threads.JMeterThread - Thread started: Thread Group 1-64
15:45:11.160 [Thread Group 1-61] INFO  o.apache.jmeter.threads.JMeterThread - Thread started: Thread Group 1-61
15:45:11.160 [Thread Group 1-63] INFO  o.apache.jmeter.threads.JMeterThread - Thread started: Thread Group 1-63
15:45:11.160 [Thread Group 1-62] INFO  o.apache.jmeter.threads.JMeterThread - Thread started: Thread Group 1-62
15:45:11.161 [Thread Group 1-59] INFO  o.apache.jmeter.threads.JMeterThread - Thread started: Thread Group 1-59
15:45:11.161 [Thread Group 1-58] INFO  o.apache.jmeter.threads.JMeterThread - Thread started: Thread Group 1-58
15:45:11.160 [Thread Group 1-60] INFO  o.apache.jmeter.threads.JMeterThread - Thread started: Thread Group 1-60
15:45:11.166 [Thread Group 1-71] INFO  o.apache.jmeter.threads.JMeterThread - Thread started: Thread Group 1-71
15:45:11.174 [Thread Group 1-52] INFO  o.apache.jmeter.threads.JMeterThread - Thread started: Thread Group 1-52
15:45:11.249 [Thread Group 1-79] INFO  o.apache.jmeter.threads.JMeterThread - Thread started: Thread Group 1-79
15:45:11.249 [Thread Group 1-68] INFO  o.apache.jmeter.threads.JMeterThread - Thread started: Thread Group 1-68
15:45:11.243 [Thread Group 1-78] INFO  o.apache.jmeter.threads.JMeterThread - Thread started: Thread Group 1-78
15:45:11.249 [Thread Group 1-69] INFO  o.apache.jmeter.threads.JMeterThread - Thread started: Thread Group 1-69
15:45:11.249 [Thread Group 1-72] INFO  o.apache.jmeter.threads.JMeterThread - Thread started: Thread Group 1-72
15:45:11.248 [Thread Group 1-74] INFO  o.apache.jmeter.threads.JMeterThread - Thread started: Thread Group 1-74
15:45:11.247 [Thread Group 1-75] INFO  o.apache.jmeter.threads.JMeterThread - Thread started: Thread Group 1-75
15:45:11.246 [Thread Group 1-73] INFO  o.apache.jmeter.threads.JMeterThread - Thread started: Thread Group 1-73
15:45:11.245 [Thread Group 1-77] INFO  o.apache.jmeter.threads.JMeterThread - Thread started: Thread Group 1-77
15:45:11.243 [Thread Group 1-76] INFO  o.apache.jmeter.threads.JMeterThread - Thread started: Thread Group 1-76
15:45:11.283 [Thread Group 1-80] INFO  o.apache.jmeter.threads.JMeterThread - Thread started: Thread Group 1-80
15:45:11.283 [Thread Group 1-82] INFO  o.apache.jmeter.threads.JMeterThread - Thread started: Thread Group 1-82
15:45:11.294 [Thread Group 1-81] INFO  o.apache.jmeter.threads.JMeterThread - Thread started: Thread Group 1-81
15:45:11.296 [Thread Group 1-83] INFO  o.apache.jmeter.threads.JMeterThread - Thread started: Thread Group 1-83
15:45:11.331 [Thread Group 1-84] INFO  o.apache.jmeter.threads.JMeterThread - Thread started: Thread Group 1-84
15:45:11.342 [Thread Group 1-85] INFO  o.apache.jmeter.threads.JMeterThread - Thread started: Thread Group 1-85
15:45:11.375 [Thread Group 1-86] INFO  o.apache.jmeter.threads.JMeterThread - Thread started: Thread Group 1-86
15:45:11.384 [Thread Group 1-87] INFO  o.apache.jmeter.threads.JMeterThread - Thread started: Thread Group 1-87
15:45:11.398 [Thread Group 1-88] INFO  o.apache.jmeter.threads.JMeterThread - Thread started: Thread Group 1-88
15:45:11.398 [Thread Group 1-89] INFO  o.apache.jmeter.threads.JMeterThread - Thread started: Thread Group 1-89
15:45:11.414 [Thread Group 1-90] INFO  o.apache.jmeter.threads.JMeterThread - Thread started: Thread Group 1-90
15:45:11.442 [Thread Group 1-92] INFO  o.apache.jmeter.threads.JMeterThread - Thread started: Thread Group 1-92
15:45:11.443 [Thread Group 1-93] INFO  o.apache.jmeter.threads.JMeterThread - Thread started: Thread Group 1-93
15:45:11.446 [Thread Group 1-91] INFO  o.apache.jmeter.threads.JMeterThread - Thread started: Thread Group 1-91
15:45:11.464 [Thread Group 1-94] INFO  o.apache.jmeter.threads.JMeterThread - Thread started: Thread Group 1-94
15:45:11.470 [Thread Group 1-96] INFO  o.apache.jmeter.threads.JMeterThread - Thread started: Thread Group 1-96
15:45:11.474 [Thread Group 1-95] INFO  o.apache.jmeter.threads.JMeterThread - Thread started: Thread Group 1-95
15:45:11.491 [Thread Group 1-97] INFO  o.apache.jmeter.threads.JMeterThread - Thread started: Thread Group 1-97
15:45:11.511 [Thread Group 1-98] INFO  o.apache.jmeter.threads.JMeterThread - Thread started: Thread Group 1-98
15:45:11.523 [Thread Group 1-99] INFO  o.apache.jmeter.threads.JMeterThread - Thread started: Thread Group 1-99
15:45:11.545 [Thread Group 1-100] INFO  o.apache.jmeter.threads.JMeterThread - Thread started: Thread Group 1-100
15:45:11.545 [Thread Group 1-101] INFO  o.apache.jmeter.threads.JMeterThread - Thread started: Thread Group 1-101
15:45:11.554 [Thread Group 1-102] INFO  o.apache.jmeter.threads.JMeterThread - Thread started: Thread Group 1-102
15:45:11.571 [Thread Group 1-103] INFO  o.apache.jmeter.threads.JMeterThread - Thread started: Thread Group 1-103
15:45:11.578 [Thread Group 1-104] INFO  o.apache.jmeter.threads.JMeterThread - Thread started: Thread Group 1-104
15:45:11.578 [Thread Group 1-105] INFO  o.apache.jmeter.threads.JMeterThread - Thread started: Thread Group 1-105
15:45:11.654 [Thread Group 1-111] INFO  o.apache.jmeter.threads.JMeterThread - Thread started: Thread Group 1-111
15:45:11.654 [Thread Group 1-109] INFO  o.apache.jmeter.threads.JMeterThread - Thread started: Thread Group 1-109
15:45:11.655 [Thread Group 1-110] INFO  o.apache.jmeter.threads.JMeterThread - Thread started: Thread Group 1-110
15:45:11.663 [Thread Group 1-108] INFO  o.apache.jmeter.threads.JMeterThread - Thread started: Thread Group 1-108
15:45:11.665 [Thread Group 1-107] INFO  o.apache.jmeter.threads.JMeterThread - Thread started: Thread Group 1-107
15:45:11.665 [Thread Group 1-106] INFO  o.apache.jmeter.threads.JMeterThread - Thread started: Thread Group 1-106
15:45:11.674 [Thread Group 1-112] INFO  o.apache.jmeter.threads.JMeterThread - Thread started: Thread Group 1-112
15:45:11.698 [Thread Group 1-114] INFO  o.apache.jmeter.threads.JMeterThread - Thread started: Thread Group 1-114
15:45:11.763 [Thread Group 1-113] INFO  o.apache.jmeter.threads.JMeterThread - Thread started: Thread Group 1-113
15:45:11.791 [Thread Group 1-115] INFO  o.apache.jmeter.threads.JMeterThread - Thread started: Thread Group 1-115
15:45:11.809 [Thread Group 1-116] INFO  o.apache.jmeter.threads.JMeterThread - Thread started: Thread Group 1-116
15:45:11.812 [Thread Group 1-117] INFO  o.apache.jmeter.threads.JMeterThread - Thread started: Thread Group 1-117
15:45:11.827 [Thread Group 1-118] INFO  o.apache.jmeter.threads.JMeterThread - Thread started: Thread Group 1-118
15:45:11.835 [Thread Group 1-119] INFO  o.apache.jmeter.threads.JMeterThread - Thread started: Thread Group 1-119
15:45:11.870 [Thread Group 1-122] INFO  o.apache.jmeter.threads.JMeterThread - Thread started: Thread Group 1-122
15:45:11.877 [Thread Group 1-123] INFO  o.apache.jmeter.threads.JMeterThread - Thread started: Thread Group 1-123
15:45:11.877 [Thread Group 1-65] INFO  o.a.j.p.h.sampler.HTTPHCAbstractImpl - Local host = LAPTOP-G26T4BL8
15:45:11.901 [Thread Group 1-120] INFO  o.apache.jmeter.threads.JMeterThread - Thread started: Thread Group 1-120
15:45:11.901 [Thread Group 1-121] INFO  o.apache.jmeter.threads.JMeterThread - Thread started: Thread Group 1-121
15:45:11.902 [Thread Group 1-124] INFO  o.apache.jmeter.threads.JMeterThread - Thread started: Thread Group 1-124
15:45:11.902 [Thread Group 1-125] INFO  o.apache.jmeter.threads.JMeterThread - Thread started: Thread Group 1-125
15:45:11.904 [Thread Group 1-127] INFO  o.apache.jmeter.threads.JMeterThread - Thread started: Thread Group 1-127
15:45:11.915 [Thread Group 1-126] INFO  o.apache.jmeter.threads.JMeterThread - Thread started: Thread Group 1-126
15:45:11.936 [pool-2-thread-1] INFO  o.apache.jmeter.threads.ThreadGroup - Started thread group number 1
15:45:11.940 [pool-2-thread-1] INFO  o.a.j.engine.StandardJMeterEngine - All thread groups have been started
15:45:11.942 [Thread Group 1-130] INFO  o.apache.jmeter.threads.JMeterThread - Thread started: Thread Group 1-130
15:45:11.947 [Thread Group 1-131] INFO  o.apache.jmeter.threads.JMeterThread - Thread started: Thread Group 1-131
15:45:11.964 [Thread Group 1-128] INFO  o.apache.jmeter.threads.JMeterThread - Thread started: Thread Group 1-128
15:45:12.487 [Thread Group 1-129] INFO  o.apache.jmeter.threads.JMeterThread - Thread started: Thread Group 1-129
15:45:12.515 [Thread Group 1-158] INFO  o.apache.jmeter.threads.JMeterThread - Thread started: Thread Group 1-158
15:45:12.516 [Thread Group 1-155] INFO  o.apache.jmeter.threads.JMeterThread - Thread started: Thread Group 1-155
15:45:12.516 [Thread Group 1-154] INFO  o.apache.jmeter.threads.JMeterThread - Thread started: Thread Group 1-154
15:45:12.517 [Thread Group 1-150] INFO  o.apache.jmeter.threads.JMeterThread - Thread started: Thread Group 1-150
15:45:12.517 [Thread Group 1-149] INFO  o.apache.jmeter.threads.JMeterThread - Thread started: Thread Group 1-149
15:45:12.517 [Thread Group 1-151] INFO  o.apache.jmeter.threads.JMeterThread - Thread started: Thread Group 1-151
15:45:12.517 [Thread Group 1-148] INFO  o.apache.jmeter.threads.JMeterThread - Thread started: Thread Group 1-148
15:45:12.517 [Thread Group 1-145] INFO  o.apache.jmeter.threads.JMeterThread - Thread started: Thread Group 1-145
15:45:12.518 [Thread Group 1-144] INFO  o.apache.jmeter.threads.JMeterThread - Thread started: Thread Group 1-144
15:45:12.518 [Thread Group 1-141] INFO  o.apache.jmeter.threads.JMeterThread - Thread started: Thread Group 1-141
15:45:12.518 [Thread Group 1-147] INFO  o.apache.jmeter.threads.JMeterThread - Thread started: Thread Group 1-147
15:45:12.518 [Thread Group 1-140] INFO  o.apache.jmeter.threads.JMeterThread - Thread started: Thread Group 1-140
15:45:12.519 [Thread Group 1-136] INFO  o.apache.jmeter.threads.JMeterThread - Thread started: Thread Group 1-136
15:45:12.521 [Thread Group 1-162] INFO  o.apache.jmeter.threads.JMeterThread - Thread started: Thread Group 1-162
15:45:12.519 [Thread Group 1-137] INFO  o.apache.jmeter.threads.JMeterThread - Thread started: Thread Group 1-137
15:45:12.521 [Thread Group 1-139] INFO  o.apache.jmeter.threads.JMeterThread - Thread started: Thread Group 1-139
15:45:12.521 [Thread Group 1-138] INFO  o.apache.jmeter.threads.JMeterThread - Thread started: Thread Group 1-138
15:45:12.520 [Thread Group 1-142] INFO  o.apache.jmeter.threads.JMeterThread - Thread started: Thread Group 1-142
15:45:12.520 [Thread Group 1-143] INFO  o.apache.jmeter.threads.JMeterThread - Thread started: Thread Group 1-143
15:45:12.520 [Thread Group 1-146] INFO  o.apache.jmeter.threads.JMeterThread - Thread started: Thread Group 1-146
15:45:12.534 [Thread Group 1-135] INFO  o.apache.jmeter.threads.JMeterThread - Thread started: Thread Group 1-135
15:45:12.534 [Thread Group 1-163] INFO  o.apache.jmeter.threads.JMeterThread - Thread started: Thread Group 1-163
15:45:12.541 [Thread Group 1-157] INFO  o.apache.jmeter.threads.JMeterThread - Thread started: Thread Group 1-157
15:45:12.541 [Thread Group 1-152] INFO  o.apache.jmeter.threads.JMeterThread - Thread started: Thread Group 1-152
15:45:12.544 [Thread Group 1-160] INFO  o.apache.jmeter.threads.JMeterThread - Thread started: Thread Group 1-160
15:45:12.545 [Thread Group 1-161] INFO  o.apache.jmeter.threads.JMeterThread - Thread started: Thread Group 1-161
15:45:12.545 [Thread Group 1-153] INFO  o.apache.jmeter.threads.JMeterThread - Thread started: Thread Group 1-153
15:45:12.546 [Thread Group 1-133] INFO  o.apache.jmeter.threads.JMeterThread - Thread started: Thread Group 1-133
15:45:12.546 [Thread Group 1-164] INFO  o.apache.jmeter.threads.JMeterThread - Thread started: Thread Group 1-164
15:45:12.545 [Thread Group 1-156] INFO  o.apache.jmeter.threads.JMeterThread - Thread started: Thread Group 1-156
15:45:12.547 [Thread Group 1-165] INFO  o.apache.jmeter.threads.JMeterThread - Thread started: Thread Group 1-165
15:45:12.549 [Thread Group 1-132] INFO  o.apache.jmeter.threads.JMeterThread - Thread started: Thread Group 1-132
15:45:12.549 [Thread Group 1-159] INFO  o.apache.jmeter.threads.JMeterThread - Thread started: Thread Group 1-159
15:45:12.549 [Thread Group 1-134] INFO  o.apache.jmeter.threads.JMeterThread - Thread started: Thread Group 1-134
15:45:12.564 [Thread Group 1-166] INFO  o.apache.jmeter.threads.JMeterThread - Thread started: Thread Group 1-166
15:45:12.584 [Thread Group 1-167] INFO  o.apache.jmeter.threads.JMeterThread - Thread started: Thread Group 1-167
15:45:12.609 [Thread Group 1-170] INFO  o.apache.jmeter.threads.JMeterThread - Thread started: Thread Group 1-170
15:45:12.617 [Thread Group 1-65] INFO  o.a.j.p.http.sampler.HTTPHC4Impl - HTTP request retry count = 0
15:45:12.617 [Thread Group 1-168] INFO  o.apache.jmeter.threads.JMeterThread - Thread started: Thread Group 1-168
15:45:12.621 [Thread Group 1-169] INFO  o.apache.jmeter.threads.JMeterThread - Thread started: Thread Group 1-169
15:45:12.625 [Thread Group 1-171] INFO  o.apache.jmeter.threads.JMeterThread - Thread started: Thread Group 1-171
15:45:12.626 [Thread Group 1-65] INFO  o.a.jmeter.samplers.SampleResult - Note: Sample TimeStamps are START times
15:45:12.626 [Thread Group 1-65] INFO  o.a.jmeter.samplers.SampleResult - sampleresult.default.encoding is set to ISO-8859-1
15:45:12.627 [Thread Group 1-65] INFO  o.a.jmeter.samplers.SampleResult - sampleresult.useNanoTime=true
15:45:12.627 [Thread Group 1-65] INFO  o.a.jmeter.samplers.SampleResult - sampleresult.nanoThreadSleep=5000
15:45:12.651 [Thread Group 1-172] INFO  o.apache.jmeter.threads.JMeterThread - Thread started: Thread Group 1-172
15:45:12.652 [Thread Group 1-173] INFO  o.apache.jmeter.threads.JMeterThread - Thread started: Thread Group 1-173
15:45:12.660 [Thread Group 1-174] INFO  o.apache.jmeter.threads.JMeterThread - Thread started: Thread Group 1-174
15:45:12.666 [Thread Group 1-175] INFO  o.apache.jmeter.threads.JMeterThread - Thread started: Thread Group 1-175
15:45:12.685 [Thread Group 1-176] INFO  o.apache.jmeter.threads.JMeterThread - Thread started: Thread Group 1-176
15:45:12.720 [Thread Group 1-180] INFO  o.apache.jmeter.threads.JMeterThread - Thread started: Thread Group 1-180
15:45:12.724 [Thread Group 1-179] INFO  o.apache.jmeter.threads.JMeterThread - Thread started: Thread Group 1-179
15:45:12.724 [Thread Group 1-178] INFO  o.apache.jmeter.threads.JMeterThread - Thread started: Thread Group 1-178
15:45:12.725 [Thread Group 1-177] INFO  o.apache.jmeter.threads.JMeterThread - Thread started: Thread Group 1-177
15:45:12.745 [Thread Group 1-182] INFO  o.apache.jmeter.threads.JMeterThread - Thread started: Thread Group 1-182
15:45:12.746 [Thread Group 1-181] INFO  o.apache.jmeter.threads.JMeterThread - Thread started: Thread Group 1-181
15:45:12.758 [Thread Group 1-183] INFO  o.apache.jmeter.threads.JMeterThread - Thread started: Thread Group 1-183
15:45:12.783 [Thread Group 1-184] INFO  o.apache.jmeter.threads.JMeterThread - Thread started: Thread Group 1-184
15:45:12.789 [Thread Group 1-186] INFO  o.apache.jmeter.threads.JMeterThread - Thread started: Thread Group 1-186
15:45:12.799 [Thread Group 1-187] INFO  o.apache.jmeter.threads.JMeterThread - Thread started: Thread Group 1-187
15:45:12.823 [Thread Group 1-185] INFO  o.apache.jmeter.threads.JMeterThread - Thread started: Thread Group 1-185
15:45:12.824 [Thread Group 1-190] INFO  o.apache.jmeter.threads.JMeterThread - Thread started: Thread Group 1-190
15:45:12.828 [Thread Group 1-191] INFO  o.apache.jmeter.threads.JMeterThread - Thread started: Thread Group 1-191
15:45:12.852 [Thread Group 1-189] INFO  o.apache.jmeter.threads.JMeterThread - Thread started: Thread Group 1-189
15:45:12.854 [Thread Group 1-188] INFO  o.apache.jmeter.threads.JMeterThread - Thread started: Thread Group 1-188
15:45:12.858 [Thread Group 1-192] INFO  o.apache.jmeter.threads.JMeterThread - Thread started: Thread Group 1-192
15:45:12.858 [Thread Group 1-193] INFO  o.apache.jmeter.threads.JMeterThread - Thread started: Thread Group 1-193
15:45:12.880 [Thread Group 1-195] INFO  o.apache.jmeter.threads.JMeterThread - Thread started: Thread Group 1-195
15:45:12.880 [Thread Group 1-194] INFO  o.apache.jmeter.threads.JMeterThread - Thread started: Thread Group 1-194
15:45:12.885 [Thread Group 1-198] INFO  o.apache.jmeter.threads.JMeterThread - Thread started: Thread Group 1-198
15:45:12.895 [Thread Group 1-199] INFO  o.apache.jmeter.threads.JMeterThread - Thread started: Thread Group 1-199
15:45:12.899 [Thread Group 1-196] INFO  o.apache.jmeter.threads.JMeterThread - Thread started: Thread Group 1-196
15:45:12.900 [Thread Group 1-197] INFO  o.apache.jmeter.threads.JMeterThread - Thread started: Thread Group 1-197
15:45:12.966 [Thread Group 1-203] INFO  o.apache.jmeter.threads.JMeterThread - Thread started: Thread Group 1-203
15:45:12.966 [Thread Group 1-200] INFO  o.apache.jmeter.threads.JMeterThread - Thread started: Thread Group 1-200
15:45:12.979 [Thread Group 1-201] INFO  o.apache.jmeter.threads.JMeterThread - Thread started: Thread Group 1-201
15:45:12.981 [Thread Group 1-206] INFO  o.apache.jmeter.threads.JMeterThread - Thread started: Thread Group 1-206
15:45:12.991 [Thread Group 1-207] INFO  o.apache.jmeter.threads.JMeterThread - Thread started: Thread Group 1-207
15:45:13.032 [Thread Group 1-210] INFO  o.apache.jmeter.threads.JMeterThread - Thread started: Thread Group 1-210
15:45:13.043 [Thread Group 1-211] INFO  o.apache.jmeter.threads.JMeterThread - Thread started: Thread Group 1-211
15:45:13.100 [Thread Group 1-204] INFO  o.apache.jmeter.threads.JMeterThread - Thread started: Thread Group 1-204
15:45:13.108 [Thread Group 1-215] INFO  o.apache.jmeter.threads.JMeterThread - Thread started: Thread Group 1-215
15:45:13.075 [Thread Group 1-214] INFO  o.apache.jmeter.threads.JMeterThread - Thread started: Thread Group 1-214
15:45:13.060 [Thread Group 1-202] INFO  o.apache.jmeter.threads.JMeterThread - Thread started: Thread Group 1-202
15:45:13.131 [Thread Group 1-212] INFO  o.apache.jmeter.threads.JMeterThread - Thread started: Thread Group 1-212
15:45:13.143 [Thread Group 1-205] INFO  o.apache.jmeter.threads.JMeterThread - Thread started: Thread Group 1-205
15:45:13.162 [Thread Group 1-209] INFO  o.apache.jmeter.threads.JMeterThread - Thread started: Thread Group 1-209
15:45:13.168 [Thread Group 1-208] INFO  o.apache.jmeter.threads.JMeterThread - Thread started: Thread Group 1-208
15:45:13.198 [Thread Group 1-218] INFO  o.apache.jmeter.threads.JMeterThread - Thread started: Thread Group 1-218
15:45:13.201 [Thread Group 1-219] INFO  o.apache.jmeter.threads.JMeterThread - Thread started: Thread Group 1-219
15:45:13.209 [Thread Group 1-222] INFO  o.apache.jmeter.threads.JMeterThread - Thread started: Thread Group 1-222
15:45:13.236 [Thread Group 1-223] INFO  o.apache.jmeter.threads.JMeterThread - Thread started: Thread Group 1-223
15:45:13.263 [Thread Group 1-226] INFO  o.apache.jmeter.threads.JMeterThread - Thread started: Thread Group 1-226
15:45:13.274 [Thread Group 1-213] INFO  o.apache.jmeter.threads.JMeterThread - Thread started: Thread Group 1-213
15:45:13.277 [Thread Group 1-217] INFO  o.apache.jmeter.threads.JMeterThread - Thread started: Thread Group 1-217
15:45:13.300 [Thread Group 1-220] INFO  o.apache.jmeter.threads.JMeterThread - Thread started: Thread Group 1-220
15:45:13.300 [Thread Group 1-221] INFO  o.apache.jmeter.threads.JMeterThread - Thread started: Thread Group 1-221
15:45:13.308 [Thread Group 1-224] INFO  o.apache.jmeter.threads.JMeterThread - Thread started: Thread Group 1-224
15:45:13.308 [Thread Group 1-216] INFO  o.apache.jmeter.threads.JMeterThread - Thread started: Thread Group 1-216
15:45:13.308 [Thread Group 1-225] INFO  o.apache.jmeter.threads.JMeterThread - Thread started: Thread Group 1-225
15:45:13.309 [Thread Group 1-228] INFO  o.apache.jmeter.threads.JMeterThread - Thread started: Thread Group 1-228
15:45:13.312 [Thread Group 1-229] INFO  o.apache.jmeter.threads.JMeterThread - Thread started: Thread Group 1-229
15:45:13.327 [Thread Group 1-232] INFO  o.apache.jmeter.threads.JMeterThread - Thread started: Thread Group 1-232
15:45:13.360 [Thread Group 1-230] INFO  o.apache.jmeter.threads.JMeterThread - Thread started: Thread Group 1-230
15:45:13.362 [Thread Group 1-231] INFO  o.apache.jmeter.threads.JMeterThread - Thread started: Thread Group 1-231
15:45:13.327 [Thread Group 1-227] INFO  o.apache.jmeter.threads.JMeterThread - Thread started: Thread Group 1-227
15:45:13.366 [Thread Group 1-234] INFO  o.apache.jmeter.threads.JMeterThread - Thread started: Thread Group 1-234
15:45:13.367 [Thread Group 1-235] INFO  o.apache.jmeter.threads.JMeterThread - Thread started: Thread Group 1-235
15:45:13.469 [Thread Group 1-238] INFO  o.apache.jmeter.threads.JMeterThread - Thread started: Thread Group 1-238
15:45:13.471 [Thread Group 1-243] INFO  o.apache.jmeter.threads.JMeterThread - Thread started: Thread Group 1-243
15:45:13.447 [Thread Group 1-239] INFO  o.apache.jmeter.threads.JMeterThread - Thread started: Thread Group 1-239
15:45:13.472 [Thread Group 1-242] INFO  o.apache.jmeter.threads.JMeterThread - Thread started: Thread Group 1-242
15:45:13.496 [Thread Group 1-246] INFO  o.apache.jmeter.threads.JMeterThread - Thread started: Thread Group 1-246
15:45:13.525 [Thread Group 1-247] INFO  o.apache.jmeter.threads.JMeterThread - Thread started: Thread Group 1-247
15:45:13.550 [Thread Group 1-250] INFO  o.apache.jmeter.threads.JMeterThread - Thread started: Thread Group 1-250
15:45:13.558 [Thread Group 1-251] INFO  o.apache.jmeter.threads.JMeterThread - Thread started: Thread Group 1-251
15:45:13.602 [Thread Group 1-254] INFO  o.apache.jmeter.threads.JMeterThread - Thread started: Thread Group 1-254
15:45:13.606 [Thread Group 1-255] INFO  o.apache.jmeter.threads.JMeterThread - Thread started: Thread Group 1-255
15:45:13.618 [Thread Group 1-252] INFO  o.apache.jmeter.threads.JMeterThread - Thread started: Thread Group 1-252
15:45:13.618 [Thread Group 1-253] INFO  o.apache.jmeter.threads.JMeterThread - Thread started: Thread Group 1-253
15:45:13.618 [Thread Group 1-249] INFO  o.apache.jmeter.threads.JMeterThread - Thread started: Thread Group 1-249
15:45:13.618 [Thread Group 1-248] INFO  o.apache.jmeter.threads.JMeterThread - Thread started: Thread Group 1-248
15:45:13.620 [Thread Group 1-256] INFO  o.apache.jmeter.threads.JMeterThread - Thread started: Thread Group 1-256
15:45:13.625 [Thread Group 1-257] INFO  o.apache.jmeter.threads.JMeterThread - Thread started: Thread Group 1-257
15:45:13.628 [Thread Group 1-245] INFO  o.apache.jmeter.threads.JMeterThread - Thread started: Thread Group 1-245
15:45:13.629 [Thread Group 1-244] INFO  o.apache.jmeter.threads.JMeterThread - Thread started: Thread Group 1-244
15:45:13.629 [Thread Group 1-241] INFO  o.apache.jmeter.threads.JMeterThread - Thread started: Thread Group 1-241
15:45:13.629 [Thread Group 1-240] INFO  o.apache.jmeter.threads.JMeterThread - Thread started: Thread Group 1-240
15:45:13.630 [Thread Group 1-237] INFO  o.apache.jmeter.threads.JMeterThread - Thread started: Thread Group 1-237
15:45:13.630 [Thread Group 1-236] INFO  o.apache.jmeter.threads.JMeterThread - Thread started: Thread Group 1-236
15:45:13.631 [Thread Group 1-233] INFO  o.apache.jmeter.threads.JMeterThread - Thread started: Thread Group 1-233
15:45:13.647 [Thread Group 1-258] INFO  o.apache.jmeter.threads.JMeterThread - Thread started: Thread Group 1-258
15:45:13.656 [Thread Group 1-259] INFO  o.apache.jmeter.threads.JMeterThread - Thread started: Thread Group 1-259
15:45:13.692 [Thread Group 1-262] INFO  o.apache.jmeter.threads.JMeterThread - Thread started: Thread Group 1-262
15:45:13.703 [Thread Group 1-263] INFO  o.apache.jmeter.threads.JMeterThread - Thread started: Thread Group 1-263
15:45:13.737 [Thread Group 1-266] INFO  o.apache.jmeter.threads.JMeterThread - Thread started: Thread Group 1-266
15:45:13.737 [Thread Group 1-180] INFO  o.a.j.p.h.s.h.LazyLayeredConnectionSocketFactory - Setting up HTTPS TrustAll Socket Factory
15:45:13.744 [Thread Group 1-260] INFO  o.apache.jmeter.threads.JMeterThread - Thread started: Thread Group 1-260
15:45:13.746 [Thread Group 1-261] INFO  o.apache.jmeter.threads.JMeterThread - Thread started: Thread Group 1-261
15:45:13.749 [Thread Group 1-267] INFO  o.apache.jmeter.threads.JMeterThread - Thread started: Thread Group 1-267
15:45:13.751 [Thread Group 1-264] INFO  o.apache.jmeter.threads.JMeterThread - Thread started: Thread Group 1-264
15:45:13.753 [Thread Group 1-265] INFO  o.apache.jmeter.threads.JMeterThread - Thread started: Thread Group 1-265
15:45:13.759 [Thread Group 1-268] INFO  o.apache.jmeter.threads.JMeterThread - Thread started: Thread Group 1-268
15:45:13.760 [Thread Group 1-180] INFO  o.apache.jmeter.util.JsseSSLManager - Using default SSL protocol: SSLv3
15:45:13.761 [Thread Group 1-180] INFO  o.apache.jmeter.util.JsseSSLManager - SSL session context: per-thread
15:45:13.776 [Thread Group 1-269] INFO  o.apache.jmeter.threads.JMeterThread - Thread started: Thread Group 1-269
15:45:13.785 [Thread Group 1-270] INFO  o.apache.jmeter.threads.JMeterThread - Thread started: Thread Group 1-270
15:45:13.796 [Thread Group 1-271] INFO  o.apache.jmeter.threads.JMeterThread - Thread started: Thread Group 1-271
15:45:13.836 [Thread Group 1-274] INFO  o.apache.jmeter.threads.JMeterThread - Thread started: Thread Group 1-274
15:45:13.837 [Thread Group 1-272] INFO  o.apache.jmeter.threads.JMeterThread - Thread started: Thread Group 1-272
15:45:13.844 [Thread Group 1-275] INFO  o.apache.jmeter.threads.JMeterThread - Thread started: Thread Group 1-275
15:45:13.883 [Thread Group 1-278] INFO  o.apache.jmeter.threads.JMeterThread - Thread started: Thread Group 1-278
15:45:13.886 [Thread Group 1-277] INFO  o.apache.jmeter.threads.JMeterThread - Thread started: Thread Group 1-277
15:45:13.898 [Thread Group 1-276] INFO  o.apache.jmeter.threads.JMeterThread - Thread started: Thread Group 1-276
15:45:13.902 [Thread Group 1-273] INFO  o.apache.jmeter.threads.JMeterThread - Thread started: Thread Group 1-273
15:45:13.904 [Thread Group 1-279] INFO  o.apache.jmeter.threads.JMeterThread - Thread started: Thread Group 1-279
15:45:13.920 [Thread Group 1-280] INFO  o.apache.jmeter.threads.JMeterThread - Thread started: Thread Group 1-280
15:45:13.935 [Thread Group 1-282] INFO  o.apache.jmeter.threads.JMeterThread - Thread started: Thread Group 1-282
15:45:13.943 [Thread Group 1-281] INFO  o.apache.jmeter.threads.JMeterThread - Thread started: Thread Group 1-281
15:45:13.994 [Thread Group 1-291] INFO  o.apache.jmeter.threads.JMeterThread - Thread started: Thread Group 1-291
15:45:13.993 [Thread Group 1-286] INFO  o.apache.jmeter.threads.JMeterThread - Thread started: Thread Group 1-286
15:45:13.992 [Thread Group 1-284] INFO  o.apache.jmeter.threads.JMeterThread - Thread started: Thread Group 1-284
15:45:13.991 [Thread Group 1-285] INFO  o.apache.jmeter.threads.JMeterThread - Thread started: Thread Group 1-285
15:45:13.991 [Thread Group 1-287] INFO  o.apache.jmeter.threads.JMeterThread - Thread started: Thread Group 1-287
15:45:13.968 [Thread Group 1-290] INFO  o.apache.jmeter.threads.JMeterThread - Thread started: Thread Group 1-290
15:45:13.953 [Thread Group 1-283] INFO  o.apache.jmeter.threads.JMeterThread - Thread started: Thread Group 1-283
15:45:14.061 [Thread Group 1-295] INFO  o.apache.jmeter.threads.JMeterThread - Thread started: Thread Group 1-295
15:45:14.061 [Thread Group 1-294] INFO  o.apache.jmeter.threads.JMeterThread - Thread started: Thread Group 1-294
15:45:14.062 [Thread Group 1-289] INFO  o.apache.jmeter.threads.JMeterThread - Thread started: Thread Group 1-289
15:45:14.062 [Thread Group 1-293] INFO  o.apache.jmeter.threads.JMeterThread - Thread started: Thread Group 1-293
15:45:14.063 [Thread Group 1-288] INFO  o.apache.jmeter.threads.JMeterThread - Thread started: Thread Group 1-288
15:45:14.066 [Thread Group 1-292] INFO  o.apache.jmeter.threads.JMeterThread - Thread started: Thread Group 1-292
15:45:14.075 [Thread Group 1-296] INFO  o.apache.jmeter.threads.JMeterThread - Thread started: Thread Group 1-296
15:45:14.078 [Thread Group 1-298] INFO  o.apache.jmeter.threads.JMeterThread - Thread started: Thread Group 1-298
15:45:14.088 [Thread Group 1-299] INFO  o.apache.jmeter.threads.JMeterThread - Thread started: Thread Group 1-299
15:45:14.094 [Thread Group 1-297] INFO  o.apache.jmeter.threads.JMeterThread - Thread started: Thread Group 1-297
15:45:14.103 [Thread Group 1-300] INFO  o.apache.jmeter.threads.JMeterThread - Thread started: Thread Group 1-300
15:45:14.126 [Thread Group 1-302] INFO  o.apache.jmeter.threads.JMeterThread - Thread started: Thread Group 1-302
15:45:14.134 [Thread Group 1-301] INFO  o.apache.jmeter.threads.JMeterThread - Thread started: Thread Group 1-301
15:45:14.140 [Thread Group 1-303] INFO  o.apache.jmeter.threads.JMeterThread - Thread started: Thread Group 1-303
15:45:14.168 [Thread Group 1-306] INFO  o.apache.jmeter.threads.JMeterThread - Thread started: Thread Group 1-306
15:45:14.183 [Thread Group 1-304] INFO  o.apache.jmeter.threads.JMeterThread - Thread started: Thread Group 1-304
15:45:14.186 [Thread Group 1-307] INFO  o.apache.jmeter.threads.JMeterThread - Thread started: Thread Group 1-307
15:45:14.190 [Thread Group 1-305] INFO  o.apache.jmeter.threads.JMeterThread - Thread started: Thread Group 1-305
15:45:14.201 [Thread Group 1-308] INFO  o.apache.jmeter.threads.JMeterThread - Thread started: Thread Group 1-308
15:45:14.234 [Thread Group 1-310] INFO  o.apache.jmeter.threads.JMeterThread - Thread started: Thread Group 1-310
15:45:14.236 [Thread Group 1-311] INFO  o.apache.jmeter.threads.JMeterThread - Thread started: Thread Group 1-311
15:45:14.277 [Thread Group 1-314] INFO  o.apache.jmeter.threads.JMeterThread - Thread started: Thread Group 1-314
15:45:14.285 [Thread Group 1-315] INFO  o.apache.jmeter.threads.JMeterThread - Thread started: Thread Group 1-315
15:45:14.331 [Thread Group 1-309] INFO  o.apache.jmeter.threads.JMeterThread - Thread started: Thread Group 1-309
15:45:14.331 [Thread Group 1-312] INFO  o.apache.jmeter.threads.JMeterThread - Thread started: Thread Group 1-312
15:45:14.332 [Thread Group 1-313] INFO  o.apache.jmeter.threads.JMeterThread - Thread started: Thread Group 1-313
15:45:14.336 [Thread Group 1-316] INFO  o.apache.jmeter.threads.JMeterThread - Thread started: Thread Group 1-316
15:45:14.338 [Thread Group 1-317] INFO  o.apache.jmeter.threads.JMeterThread - Thread started: Thread Group 1-317
15:45:14.339 [Thread Group 1-318] INFO  o.apache.jmeter.threads.JMeterThread - Thread started: Thread Group 1-318
15:45:14.356 [Thread Group 1-319] INFO  o.apache.jmeter.threads.JMeterThread - Thread started: Thread Group 1-319
15:45:14.367 [Thread Group 1-320] INFO  o.apache.jmeter.threads.JMeterThread - Thread started: Thread Group 1-320
15:45:14.394 [Thread Group 1-322] INFO  o.apache.jmeter.threads.JMeterThread - Thread started: Thread Group 1-322
15:45:14.397 [Thread Group 1-323] INFO  o.apache.jmeter.threads.JMeterThread - Thread started: Thread Group 1-323
15:45:14.402 [Thread Group 1-321] INFO  o.apache.jmeter.threads.JMeterThread - Thread started: Thread Group 1-321
15:45:14.429 [Thread Group 1-326] INFO  o.apache.jmeter.threads.JMeterThread - Thread started: Thread Group 1-326
15:45:14.442 [Thread Group 1-327] INFO  o.apache.jmeter.threads.JMeterThread - Thread started: Thread Group 1-327
15:45:14.450 [Thread Group 1-324] INFO  o.apache.jmeter.threads.JMeterThread - Thread started: Thread Group 1-324
15:45:14.451 [Thread Group 1-325] INFO  o.apache.jmeter.threads.JMeterThread - Thread started: Thread Group 1-325
15:45:14.473 [Thread Group 1-328] INFO  o.apache.jmeter.threads.JMeterThread - Thread started: Thread Group 1-328
15:45:14.476 [Thread Group 1-329] INFO  o.apache.jmeter.threads.JMeterThread - Thread started: Thread Group 1-329
15:45:14.500 [Thread Group 1-330] INFO  o.apache.jmeter.threads.JMeterThread - Thread started: Thread Group 1-330
15:45:14.505 [Thread Group 1-331] INFO  o.apache.jmeter.threads.JMeterThread - Thread started: Thread Group 1-331
15:45:14.530 [Thread Group 1-266] INFO  org.apache.jmeter.util.SSLManager - JmeterKeyStore Location:  type JKS
15:45:14.531 [Thread Group 1-334] INFO  o.apache.jmeter.threads.JMeterThread - Thread started: Thread Group 1-334
15:45:14.536 [Thread Group 1-332] INFO  o.apache.jmeter.threads.JMeterThread - Thread started: Thread Group 1-332
15:45:14.547 [Thread Group 1-333] INFO  o.apache.jmeter.threads.JMeterThread - Thread started: Thread Group 1-333
15:45:14.542 [Thread Group 1-335] INFO  o.apache.jmeter.threads.JMeterThread - Thread started: Thread Group 1-335
15:45:14.561 [Thread Group 1-266] INFO  org.apache.jmeter.util.SSLManager - KeyStore created OK
15:45:14.562 [Thread Group 1-266] WARN  org.apache.jmeter.util.SSLManager - Keystore file not found, loading empty keystore
15:45:14.566 [Thread Group 1-336] INFO  o.apache.jmeter.threads.JMeterThread - Thread started: Thread Group 1-336
15:45:14.578 [Thread Group 1-337] INFO  o.apache.jmeter.threads.JMeterThread - Thread started: Thread Group 1-337
15:45:14.581 [Thread Group 1-338] INFO  o.apache.jmeter.threads.JMeterThread - Thread started: Thread Group 1-338
15:45:14.594 [Thread Group 1-339] INFO  o.apache.jmeter.threads.JMeterThread - Thread started: Thread Group 1-339
15:45:14.648 [Thread Group 1-340] INFO  o.apache.jmeter.threads.JMeterThread - Thread started: Thread Group 1-340
15:45:14.648 [Thread Group 1-341] INFO  o.apache.jmeter.threads.JMeterThread - Thread started: Thread Group 1-341
15:45:14.690 [Thread Group 1-343] INFO  o.apache.jmeter.threads.JMeterThread - Thread started: Thread Group 1-343
15:45:14.691 [Thread Group 1-342] INFO  o.apache.jmeter.threads.JMeterThread - Thread started: Thread Group 1-342
15:45:14.701 [Thread Group 1-344] INFO  o.apache.jmeter.threads.JMeterThread - Thread started: Thread Group 1-344
15:45:14.703 [Thread Group 1-346] INFO  o.apache.jmeter.threads.JMeterThread - Thread started: Thread Group 1-346
15:45:14.708 [Thread Group 1-345] INFO  o.apache.jmeter.threads.JMeterThread - Thread started: Thread Group 1-345
15:45:14.746 [Thread Group 1-347] INFO  o.apache.jmeter.threads.JMeterThread - Thread started: Thread Group 1-347
15:45:14.802 [Thread Group 1-348] INFO  o.apache.jmeter.threads.JMeterThread - Thread started: Thread Group 1-348
15:45:14.807 [Thread Group 1-350] INFO  o.apache.jmeter.threads.JMeterThread - Thread started: Thread Group 1-350
15:45:14.814 [Thread Group 1-349] INFO  o.apache.jmeter.threads.JMeterThread - Thread started: Thread Group 1-349
15:45:14.837 [Thread Group 1-351] INFO  o.apache.jmeter.threads.JMeterThread - Thread started: Thread Group 1-351
15:45:14.864 [Thread Group 1-352] INFO  o.apache.jmeter.threads.JMeterThread - Thread started: Thread Group 1-352
15:45:14.890 [Thread Group 1-354] INFO  o.apache.jmeter.threads.JMeterThread - Thread started: Thread Group 1-354
15:45:14.908 [Thread Group 1-355] INFO  o.apache.jmeter.threads.JMeterThread - Thread started: Thread Group 1-355
15:45:14.957 [Thread Group 1-358] INFO  o.apache.jmeter.threads.JMeterThread - Thread started: Thread Group 1-358
15:45:14.964 [Thread Group 1-359] INFO  o.apache.jmeter.threads.JMeterThread - Thread started: Thread Group 1-359
15:45:15.023 [Thread Group 1-362] INFO  o.apache.jmeter.threads.JMeterThread - Thread started: Thread Group 1-362
15:45:15.029 [Thread Group 1-363] INFO  o.apache.jmeter.threads.JMeterThread - Thread started: Thread Group 1-363
15:45:15.030 [Thread Group 1-356] INFO  o.apache.jmeter.threads.JMeterThread - Thread started: Thread Group 1-356
15:45:15.036 [Thread Group 1-357] INFO  o.apache.jmeter.threads.JMeterThread - Thread started: Thread Group 1-357
15:45:15.045 [Thread Group 1-366] INFO  o.apache.jmeter.threads.JMeterThread - Thread started: Thread Group 1-366
15:45:15.046 [Thread Group 1-367] INFO  o.apache.jmeter.threads.JMeterThread - Thread started: Thread Group 1-367
15:45:15.052 [Thread Group 1-360] INFO  o.apache.jmeter.threads.JMeterThread - Thread started: Thread Group 1-360
15:45:15.053 [Thread Group 1-361] INFO  o.apache.jmeter.threads.JMeterThread - Thread started: Thread Group 1-361
15:45:15.059 [Thread Group 1-353] INFO  o.apache.jmeter.threads.JMeterThread - Thread started: Thread Group 1-353
15:45:15.059 [Thread Group 1-364] INFO  o.apache.jmeter.threads.JMeterThread - Thread started: Thread Group 1-364
15:45:15.059 [Thread Group 1-365] INFO  o.apache.jmeter.threads.JMeterThread - Thread started: Thread Group 1-365
15:45:15.068 [Thread Group 1-368] INFO  o.apache.jmeter.threads.JMeterThread - Thread started: Thread Group 1-368
15:45:15.069 [Thread Group 1-369] INFO  o.apache.jmeter.threads.JMeterThread - Thread started: Thread Group 1-369
15:45:15.078 [Thread Group 1-370] INFO  o.apache.jmeter.threads.JMeterThread - Thread started: Thread Group 1-370
15:45:15.090 [Thread Group 1-371] INFO  o.apache.jmeter.threads.JMeterThread - Thread started: Thread Group 1-371
15:45:15.138 [Thread Group 1-372] INFO  o.apache.jmeter.threads.JMeterThread - Thread started: Thread Group 1-372
15:45:15.139 [Thread Group 1-373] INFO  o.apache.jmeter.threads.JMeterThread - Thread started: Thread Group 1-373
15:45:15.141 [Thread Group 1-375] INFO  o.apache.jmeter.threads.JMeterThread - Thread started: Thread Group 1-375
15:45:15.168 [Thread Group 1-378] INFO  o.apache.jmeter.threads.JMeterThread - Thread started: Thread Group 1-378
15:45:15.181 [Thread Group 1-379] INFO  o.apache.jmeter.threads.JMeterThread - Thread started: Thread Group 1-379
15:45:15.278 [Thread Group 1-386] INFO  o.apache.jmeter.threads.JMeterThread - Thread started: Thread Group 1-386
15:45:15.280 [Thread Group 1-374] INFO  o.apache.jmeter.threads.JMeterThread - Thread started: Thread Group 1-374
15:45:15.280 [Thread Group 1-382] INFO  o.apache.jmeter.threads.JMeterThread - Thread started: Thread Group 1-382
15:45:15.279 [Thread Group 1-383] INFO  o.apache.jmeter.threads.JMeterThread - Thread started: Thread Group 1-383
15:45:15.289 [Thread Group 1-387] INFO  o.apache.jmeter.threads.JMeterThread - Thread started: Thread Group 1-387
15:45:15.307 [Thread Group 1-380] INFO  o.apache.jmeter.threads.JMeterThread - Thread started: Thread Group 1-380
15:45:15.319 [Thread Group 1-390] INFO  o.apache.jmeter.threads.JMeterThread - Thread started: Thread Group 1-390
15:45:15.338 [Thread Group 1-376] INFO  o.apache.jmeter.threads.JMeterThread - Thread started: Thread Group 1-376
15:45:15.341 [Thread Group 1-385] INFO  o.apache.jmeter.threads.JMeterThread - Thread started: Thread Group 1-385
15:45:15.342 [Thread Group 1-384] INFO  o.apache.jmeter.threads.JMeterThread - Thread started: Thread Group 1-384
15:45:15.353 [Thread Group 1-391] INFO  o.apache.jmeter.threads.JMeterThread - Thread started: Thread Group 1-391
15:45:15.377 [Thread Group 1-388] INFO  o.apache.jmeter.threads.JMeterThread - Thread started: Thread Group 1-388
15:45:15.380 [Thread Group 1-377] INFO  o.apache.jmeter.threads.JMeterThread - Thread started: Thread Group 1-377
15:45:15.411 [Thread Group 1-381] INFO  o.apache.jmeter.threads.JMeterThread - Thread started: Thread Group 1-381
15:45:15.414 [Thread Group 1-394] INFO  o.apache.jmeter.threads.JMeterThread - Thread started: Thread Group 1-394
15:45:15.427 [Thread Group 1-395] INFO  o.apache.jmeter.threads.JMeterThread - Thread started: Thread Group 1-395
15:45:15.427 [Thread Group 1-393] INFO  o.apache.jmeter.threads.JMeterThread - Thread started: Thread Group 1-393
15:45:15.428 [Thread Group 1-392] INFO  o.apache.jmeter.threads.JMeterThread - Thread started: Thread Group 1-392
15:45:15.537 [Thread Group 1-398] INFO  o.apache.jmeter.threads.JMeterThread - Thread started: Thread Group 1-398
15:45:15.576 [Thread Group 1-406] INFO  o.apache.jmeter.threads.JMeterThread - Thread started: Thread Group 1-406
15:45:15.570 [Thread Group 1-399] INFO  o.apache.jmeter.threads.JMeterThread - Thread started: Thread Group 1-399
15:45:15.570 [Thread Group 1-396] INFO  o.apache.jmeter.threads.JMeterThread - Thread started: Thread Group 1-396
15:45:15.570 [Thread Group 1-397] INFO  o.apache.jmeter.threads.JMeterThread - Thread started: Thread Group 1-397
15:45:15.597 [Thread Group 1-407] INFO  o.apache.jmeter.threads.JMeterThread - Thread started: Thread Group 1-407
15:45:15.569 [Thread Group 1-389] INFO  o.apache.jmeter.threads.JMeterThread - Thread started: Thread Group 1-389
15:45:15.569 [Thread Group 1-400] INFO  o.apache.jmeter.threads.JMeterThread - Thread started: Thread Group 1-400
15:45:15.569 [Thread Group 1-401] INFO  o.apache.jmeter.threads.JMeterThread - Thread started: Thread Group 1-401
15:45:15.564 [Thread Group 1-402] INFO  o.apache.jmeter.threads.JMeterThread - Thread started: Thread Group 1-402
15:45:15.558 [Thread Group 1-403] INFO  o.apache.jmeter.threads.JMeterThread - Thread started: Thread Group 1-403
15:45:15.647 [Thread Group 1-410] INFO  o.apache.jmeter.threads.JMeterThread - Thread started: Thread Group 1-410
15:45:15.649 [Thread Group 1-411] INFO  o.apache.jmeter.threads.JMeterThread - Thread started: Thread Group 1-411
15:45:15.692 [Thread Group 1-414] INFO  o.apache.jmeter.threads.JMeterThread - Thread started: Thread Group 1-414
15:45:15.745 [Thread Group 1-418] INFO  o.apache.jmeter.threads.JMeterThread - Thread started: Thread Group 1-418
15:45:15.764 [Thread Group 1-419] INFO  o.apache.jmeter.threads.JMeterThread - Thread started: Thread Group 1-419
15:45:15.789 [Thread Group 1-409] INFO  o.apache.jmeter.threads.JMeterThread - Thread started: Thread Group 1-409
15:45:15.797 [Thread Group 1-428] INFO  o.apache.jmeter.threads.JMeterThread - Thread started: Thread Group 1-428
15:45:15.797 [Thread Group 1-412] INFO  o.apache.jmeter.threads.JMeterThread - Thread started: Thread Group 1-412
15:45:15.797 [Thread Group 1-413] INFO  o.apache.jmeter.threads.JMeterThread - Thread started: Thread Group 1-413
15:45:15.798 [Thread Group 1-408] INFO  o.apache.jmeter.threads.JMeterThread - Thread started: Thread Group 1-408
15:45:15.798 [Thread Group 1-420] INFO  o.apache.jmeter.threads.JMeterThread - Thread started: Thread Group 1-420
15:45:15.798 [Thread Group 1-417] INFO  o.apache.jmeter.threads.JMeterThread - Thread started: Thread Group 1-417
15:45:15.798 [Thread Group 1-421] INFO  o.apache.jmeter.threads.JMeterThread - Thread started: Thread Group 1-421
15:45:15.798 [Thread Group 1-416] INFO  o.apache.jmeter.threads.JMeterThread - Thread started: Thread Group 1-416
15:45:15.809 [Thread Group 1-405] INFO  o.apache.jmeter.threads.JMeterThread - Thread started: Thread Group 1-405
15:45:15.812 [Thread Group 1-404] INFO  o.apache.jmeter.threads.JMeterThread - Thread started: Thread Group 1-404
15:45:15.847 [Thread Group 1-415] INFO  o.apache.jmeter.threads.JMeterThread - Thread started: Thread Group 1-415
15:45:15.977 [Thread Group 1-432] INFO  o.apache.jmeter.threads.JMeterThread - Thread started: Thread Group 1-432
15:45:15.975 [Thread Group 1-433] INFO  o.apache.jmeter.threads.JMeterThread - Thread started: Thread Group 1-433
15:45:15.973 [Thread Group 1-434] INFO  o.apache.jmeter.threads.JMeterThread - Thread started: Thread Group 1-434
15:45:15.946 [Thread Group 1-435] INFO  o.apache.jmeter.threads.JMeterThread - Thread started: Thread Group 1-435
15:45:15.941 [Thread Group 1-442] INFO  o.apache.jmeter.threads.JMeterThread - Thread started: Thread Group 1-442
15:45:17.212 [Thread Group 1-536] INFO  o.apache.jmeter.threads.JMeterThread - Thread started: Thread Group 1-536
15:45:17.212 [Thread Group 1-537] INFO  o.apache.jmeter.threads.JMeterThread - Thread started: Thread Group 1-537
15:45:15.904 [Thread Group 1-431] INFO  o.apache.jmeter.threads.JMeterThread - Thread started: Thread Group 1-431
15:45:15.897 [Thread Group 1-429] INFO  o.apache.jmeter.threads.JMeterThread - Thread started: Thread Group 1-429
15:45:17.231 [Thread Group 1-540] INFO  o.apache.jmeter.threads.JMeterThread - Thread started: Thread Group 1-540
15:45:17.243 [Thread Group 1-541] INFO  o.apache.jmeter.threads.JMeterThread - Thread started: Thread Group 1-541
15:45:15.895 [Thread Group 1-422] INFO  o.apache.jmeter.threads.JMeterThread - Thread started: Thread Group 1-422
15:45:15.893 [Thread Group 1-423] INFO  o.apache.jmeter.threads.JMeterThread - Thread started: Thread Group 1-423
15:45:15.888 [Thread Group 1-424] INFO  o.apache.jmeter.threads.JMeterThread - Thread started: Thread Group 1-424
15:45:15.887 [Thread Group 1-425] INFO  o.apache.jmeter.threads.JMeterThread - Thread started: Thread Group 1-425
15:45:17.259 [Thread Group 1-454] INFO  o.apache.jmeter.threads.JMeterThread - Thread started: Thread Group 1-454
15:45:15.878 [Thread Group 1-426] INFO  o.apache.jmeter.threads.JMeterThread - Thread started: Thread Group 1-426
15:45:15.850 [Thread Group 1-427] INFO  o.apache.jmeter.threads.JMeterThread - Thread started: Thread Group 1-427
15:45:17.259 [Thread Group 1-452] INFO  o.apache.jmeter.threads.JMeterThread - Thread started: Thread Group 1-452
15:45:17.259 [Thread Group 1-453] INFO  o.apache.jmeter.threads.JMeterThread - Thread started: Thread Group 1-453
15:45:17.195 [Thread Group 1-516] INFO  o.apache.jmeter.threads.JMeterThread - Thread started: Thread Group 1-516
15:45:17.195 [Thread Group 1-501] INFO  o.apache.jmeter.threads.JMeterThread - Thread started: Thread Group 1-501
15:45:17.285 [Thread Group 1-449] INFO  o.apache.jmeter.threads.JMeterThread - Thread started: Thread Group 1-449
15:45:17.289 [Thread Group 1-523] INFO  o.apache.jmeter.threads.JMeterThread - Thread started: Thread Group 1-523
15:45:17.290 [Thread Group 1-530] INFO  o.apache.jmeter.threads.JMeterThread - Thread started: Thread Group 1-530
15:45:17.290 [Thread Group 1-531] INFO  o.apache.jmeter.threads.JMeterThread - Thread started: Thread Group 1-531
15:45:17.292 [Thread Group 1-526] INFO  o.apache.jmeter.threads.JMeterThread - Thread started: Thread Group 1-526
15:45:17.315 [Thread Group 1-538] INFO  o.apache.jmeter.threads.JMeterThread - Thread started: Thread Group 1-538
15:45:17.315 [Thread Group 1-542] INFO  o.apache.jmeter.threads.JMeterThread - Thread started: Thread Group 1-542
15:45:17.315 [Thread Group 1-543] INFO  o.apache.jmeter.threads.JMeterThread - Thread started: Thread Group 1-543
15:45:17.315 [Thread Group 1-546] INFO  o.apache.jmeter.threads.JMeterThread - Thread started: Thread Group 1-546
15:45:17.317 [Thread Group 1-547] INFO  o.apache.jmeter.threads.JMeterThread - Thread started: Thread Group 1-547
15:45:17.195 [Thread Group 1-509] INFO  o.apache.jmeter.threads.JMeterThread - Thread started: Thread Group 1-509
15:45:17.341 [Thread Group 1-448] INFO  o.apache.jmeter.threads.JMeterThread - Thread started: Thread Group 1-448
15:45:17.195 [Thread Group 1-504] INFO  o.apache.jmeter.threads.JMeterThread - Thread started: Thread Group 1-504
15:45:17.343 [Thread Group 1-445] INFO  o.apache.jmeter.threads.JMeterThread - Thread started: Thread Group 1-445
15:45:17.194 [Thread Group 1-521] INFO  o.apache.jmeter.threads.JMeterThread - Thread started: Thread Group 1-521
15:45:17.356 [Thread Group 1-444] INFO  o.apache.jmeter.threads.JMeterThread - Thread started: Thread Group 1-444
15:45:17.193 [Thread Group 1-525] INFO  o.apache.jmeter.threads.JMeterThread - Thread started: Thread Group 1-525
15:45:17.181 [Thread Group 1-505] INFO  o.apache.jmeter.threads.JMeterThread - Thread started: Thread Group 1-505
15:45:17.181 [Thread Group 1-508] INFO  o.apache.jmeter.threads.JMeterThread - Thread started: Thread Group 1-508
15:45:17.181 [Thread Group 1-528] INFO  o.apache.jmeter.threads.JMeterThread - Thread started: Thread Group 1-528
15:45:17.181 [Thread Group 1-474] INFO  o.apache.jmeter.threads.JMeterThread - Thread started: Thread Group 1-474
15:45:17.181 [Thread Group 1-475] INFO  o.apache.jmeter.threads.JMeterThread - Thread started: Thread Group 1-475
15:45:17.181 [Thread Group 1-487] INFO  o.apache.jmeter.threads.JMeterThread - Thread started: Thread Group 1-487
15:45:17.180 [Thread Group 1-478] INFO  o.apache.jmeter.threads.JMeterThread - Thread started: Thread Group 1-478
15:45:17.630 [Thread Group 1-560] INFO  o.apache.jmeter.threads.JMeterThread - Thread started: Thread Group 1-560
15:45:17.630 [Thread Group 1-561] INFO  o.apache.jmeter.threads.JMeterThread - Thread started: Thread Group 1-561
15:45:17.630 [Thread Group 1-564] INFO  o.apache.jmeter.threads.JMeterThread - Thread started: Thread Group 1-564
15:45:17.631 [Thread Group 1-565] INFO  o.apache.jmeter.threads.JMeterThread - Thread started: Thread Group 1-565
15:45:17.632 [Thread Group 1-569] INFO  o.apache.jmeter.threads.JMeterThread - Thread started: Thread Group 1-569
15:45:17.632 [Thread Group 1-568] INFO  o.apache.jmeter.threads.JMeterThread - Thread started: Thread Group 1-568
15:45:17.180 [Thread Group 1-479] INFO  o.apache.jmeter.threads.JMeterThread - Thread started: Thread Group 1-479
15:45:17.178 [Thread Group 1-494] INFO  o.apache.jmeter.threads.JMeterThread - Thread started: Thread Group 1-494
15:45:17.177 [Thread Group 1-482] INFO  o.apache.jmeter.threads.JMeterThread - Thread started: Thread Group 1-482
15:45:17.177 [Thread Group 1-483] INFO  o.apache.jmeter.threads.JMeterThread - Thread started: Thread Group 1-483
15:45:17.177 [Thread Group 1-518] INFO  o.apache.jmeter.threads.JMeterThread - Thread started: Thread Group 1-518
15:45:17.177 [Thread Group 1-486] INFO  o.apache.jmeter.threads.JMeterThread - Thread started: Thread Group 1-486
15:45:17.177 [Thread Group 1-490] INFO  o.apache.jmeter.threads.JMeterThread - Thread started: Thread Group 1-490
15:45:17.177 [Thread Group 1-491] INFO  o.apache.jmeter.threads.JMeterThread - Thread started: Thread Group 1-491
15:45:17.177 [Thread Group 1-503] INFO  o.apache.jmeter.threads.JMeterThread - Thread started: Thread Group 1-503
15:45:17.177 [Thread Group 1-507] INFO  o.apache.jmeter.threads.JMeterThread - Thread started: Thread Group 1-507
15:45:17.177 [Thread Group 1-502] INFO  o.apache.jmeter.threads.JMeterThread - Thread started: Thread Group 1-502
15:45:17.177 [Thread Group 1-495] INFO  o.apache.jmeter.threads.JMeterThread - Thread started: Thread Group 1-495
15:45:17.177 [Thread Group 1-499] INFO  o.apache.jmeter.threads.JMeterThread - Thread started: Thread Group 1-499
15:45:17.177 [Thread Group 1-498] INFO  o.apache.jmeter.threads.JMeterThread - Thread started: Thread Group 1-498
15:45:17.177 [Thread Group 1-514] INFO  o.apache.jmeter.threads.JMeterThread - Thread started: Thread Group 1-514
15:45:17.177 [Thread Group 1-511] INFO  o.apache.jmeter.threads.JMeterThread - Thread started: Thread Group 1-511
15:45:17.177 [Thread Group 1-506] INFO  o.apache.jmeter.threads.JMeterThread - Thread started: Thread Group 1-506
15:45:17.177 [Thread Group 1-519] INFO  o.apache.jmeter.threads.JMeterThread - Thread started: Thread Group 1-519
15:45:17.177 [Thread Group 1-522] INFO  o.apache.jmeter.threads.JMeterThread - Thread started: Thread Group 1-522
15:45:17.176 [Thread Group 1-535] INFO  o.apache.jmeter.threads.JMeterThread - Thread started: Thread Group 1-535
15:45:17.176 [Thread Group 1-534] INFO  o.apache.jmeter.threads.JMeterThread - Thread started: Thread Group 1-534
15:45:17.691 [Thread Group 1-566] INFO  o.apache.jmeter.threads.JMeterThread - Thread started: Thread Group 1-566
15:45:17.701 [Thread Group 1-567] INFO  o.apache.jmeter.threads.JMeterThread - Thread started: Thread Group 1-567
15:45:17.706 [Thread Group 1-570] INFO  o.apache.jmeter.threads.JMeterThread - Thread started: Thread Group 1-570
15:45:17.737 [Thread Group 1-571] INFO  o.apache.jmeter.threads.JMeterThread - Thread started: Thread Group 1-571
15:45:17.738 [Thread Group 1-574] INFO  o.apache.jmeter.threads.JMeterThread - Thread started: Thread Group 1-574
15:45:17.738 [Thread Group 1-575] INFO  o.apache.jmeter.threads.JMeterThread - Thread started: Thread Group 1-575
15:45:17.743 [Thread Group 1-578] INFO  o.apache.jmeter.threads.JMeterThread - Thread started: Thread Group 1-578
15:45:17.748 [Thread Group 1-579] INFO  o.apache.jmeter.threads.JMeterThread - Thread started: Thread Group 1-579
15:45:17.752 [Thread Group 1-557] INFO  o.apache.jmeter.threads.JMeterThread - Thread started: Thread Group 1-557
15:45:17.166 [Thread Group 1-533] INFO  o.apache.jmeter.threads.JMeterThread - Thread started: Thread Group 1-533
15:45:17.163 [Thread Group 1-532] INFO  o.apache.jmeter.threads.JMeterThread - Thread started: Thread Group 1-532
15:45:17.966 [Thread Group 1-585] INFO  o.apache.jmeter.threads.JMeterThread - Thread started: Thread Group 1-585
15:45:17.977 [Thread Group 1-588] INFO  o.apache.jmeter.threads.JMeterThread - Thread started: Thread Group 1-588
15:45:17.977 [Thread Group 1-589] INFO  o.apache.jmeter.threads.JMeterThread - Thread started: Thread Group 1-589
15:45:17.980 [Thread Group 1-592] INFO  o.apache.jmeter.threads.JMeterThread - Thread started: Thread Group 1-592
15:45:17.981 [Thread Group 1-596] INFO  o.apache.jmeter.threads.JMeterThread - Thread started: Thread Group 1-596
15:45:17.987 [Thread Group 1-597] INFO  o.apache.jmeter.threads.JMeterThread - Thread started: Thread Group 1-597
15:45:17.096 [Thread Group 1-527] INFO  o.apache.jmeter.threads.JMeterThread - Thread started: Thread Group 1-527
15:45:17.094 [Thread Group 1-524] INFO  o.apache.jmeter.threads.JMeterThread - Thread started: Thread Group 1-524
15:45:17.075 [Thread Group 1-529] INFO  o.apache.jmeter.threads.JMeterThread - Thread started: Thread Group 1-529
15:45:17.055 [Thread Group 1-520] INFO  o.apache.jmeter.threads.JMeterThread - Thread started: Thread Group 1-520
15:45:17.055 [Thread Group 1-513] INFO  o.apache.jmeter.threads.JMeterThread - Thread started: Thread Group 1-513
15:45:17.055 [Thread Group 1-517] INFO  o.apache.jmeter.threads.JMeterThread - Thread started: Thread Group 1-517
15:45:17.051 [Thread Group 1-512] INFO  o.apache.jmeter.threads.JMeterThread - Thread started: Thread Group 1-512
15:45:17.042 [Thread Group 1-515] INFO  o.apache.jmeter.threads.JMeterThread - Thread started: Thread Group 1-515
15:45:18.056 [Thread Group 1-600] INFO  o.apache.jmeter.threads.JMeterThread - Thread started: Thread Group 1-600
15:45:17.042 [Thread Group 1-510] INFO  o.apache.jmeter.threads.JMeterThread - Thread started: Thread Group 1-510
15:45:16.945 [Thread Group 1-500] INFO  o.apache.jmeter.threads.JMeterThread - Thread started: Thread Group 1-500
15:45:16.944 [Thread Group 1-446] INFO  o.apache.jmeter.threads.JMeterThread - Thread started: Thread Group 1-446
15:45:16.944 [Thread Group 1-438] INFO  o.apache.jmeter.threads.JMeterThread - Thread started: Thread Group 1-438
15:45:16.944 [Thread Group 1-439] INFO  o.apache.jmeter.threads.JMeterThread - Thread started: Thread Group 1-439
15:45:16.897 [Thread Group 1-497] INFO  o.apache.jmeter.threads.JMeterThread - Thread started: Thread Group 1-497
15:45:18.178 [Thread Group 1-603] INFO  o.apache.jmeter.threads.JMeterThread - Thread started: Thread Group 1-603
15:45:18.179 [Thread Group 1-607] INFO  o.apache.jmeter.threads.JMeterThread - Thread started: Thread Group 1-607
15:45:16.879 [Thread Group 1-496] INFO  o.apache.jmeter.threads.JMeterThread - Thread started: Thread Group 1-496
15:45:18.182 [Thread Group 1-610] INFO  o.apache.jmeter.threads.JMeterThread - Thread started: Thread Group 1-610
15:45:18.182 [Thread Group 1-606] INFO  o.apache.jmeter.threads.JMeterThread - Thread started: Thread Group 1-606
15:45:18.182 [Thread Group 1-599] INFO  o.apache.jmeter.threads.JMeterThread - Thread started: Thread Group 1-599
15:45:18.183 [Thread Group 1-598] INFO  o.apache.jmeter.threads.JMeterThread - Thread started: Thread Group 1-598
15:45:16.868 [Thread Group 1-493] INFO  o.apache.jmeter.threads.JMeterThread - Thread started: Thread Group 1-493
15:45:16.868 [Thread Group 1-492] INFO  o.apache.jmeter.threads.JMeterThread - Thread started: Thread Group 1-492
15:45:16.833 [Thread Group 1-489] INFO  o.apache.jmeter.threads.JMeterThread - Thread started: Thread Group 1-489
15:45:16.833 [Thread Group 1-488] INFO  o.apache.jmeter.threads.JMeterThread - Thread started: Thread Group 1-488
15:45:16.833 [Thread Group 1-485] INFO  o.apache.jmeter.threads.JMeterThread - Thread started: Thread Group 1-485
15:45:16.833 [Thread Group 1-484] INFO  o.apache.jmeter.threads.JMeterThread - Thread started: Thread Group 1-484
15:45:16.832 [Thread Group 1-481] INFO  o.apache.jmeter.threads.JMeterThread - Thread started: Thread Group 1-481
15:45:18.185 [Thread Group 1-604] INFO  o.apache.jmeter.threads.JMeterThread - Thread started: Thread Group 1-604
15:45:16.832 [Thread Group 1-480] INFO  o.apache.jmeter.threads.JMeterThread - Thread started: Thread Group 1-480
15:45:18.186 [Thread Group 1-605] INFO  o.apache.jmeter.threads.JMeterThread - Thread started: Thread Group 1-605
15:45:16.831 [Thread Group 1-477] INFO  o.apache.jmeter.threads.JMeterThread - Thread started: Thread Group 1-477
15:45:16.831 [Thread Group 1-476] INFO  o.apache.jmeter.threads.JMeterThread - Thread started: Thread Group 1-476
15:45:18.188 [Thread Group 1-601] INFO  o.apache.jmeter.threads.JMeterThread - Thread started: Thread Group 1-601
15:45:16.495 [Thread Group 1-473] INFO  o.apache.jmeter.threads.JMeterThread - Thread started: Thread Group 1-473
15:45:16.495 [Thread Group 1-472] INFO  o.apache.jmeter.threads.JMeterThread - Thread started: Thread Group 1-472
15:45:16.494 [Thread Group 1-469] INFO  o.apache.jmeter.threads.JMeterThread - Thread started: Thread Group 1-469
15:45:16.492 [Thread Group 1-468] INFO  o.apache.jmeter.threads.JMeterThread - Thread started: Thread Group 1-468
15:45:16.486 [Thread Group 1-465] INFO  o.apache.jmeter.threads.JMeterThread - Thread started: Thread Group 1-465
15:45:16.485 [Thread Group 1-464] INFO  o.apache.jmeter.threads.JMeterThread - Thread started: Thread Group 1-464
15:45:16.476 [Thread Group 1-443] INFO  o.apache.jmeter.threads.JMeterThread - Thread started: Thread Group 1-443
15:45:16.452 [Thread Group 1-471] INFO  o.apache.jmeter.threads.JMeterThread - Thread started: Thread Group 1-471
15:45:16.439 [Thread Group 1-470] INFO  o.apache.jmeter.threads.JMeterThread - Thread started: Thread Group 1-470
15:45:18.192 [Thread Group 1-595] INFO  o.apache.jmeter.threads.JMeterThread - Thread started: Thread Group 1-595
15:45:16.418 [Thread Group 1-467] INFO  o.apache.jmeter.threads.JMeterThread - Thread started: Thread Group 1-467
15:45:16.418 [Thread Group 1-466] INFO  o.apache.jmeter.threads.JMeterThread - Thread started: Thread Group 1-466
15:45:16.418 [Thread Group 1-463] INFO  o.apache.jmeter.threads.JMeterThread - Thread started: Thread Group 1-463
15:45:16.418 [Thread Group 1-462] INFO  o.apache.jmeter.threads.JMeterThread - Thread started: Thread Group 1-462
15:45:16.418 [Thread Group 1-459] INFO  o.apache.jmeter.threads.JMeterThread - Thread started: Thread Group 1-459
15:45:16.417 [Thread Group 1-458] INFO  o.apache.jmeter.threads.JMeterThread - Thread started: Thread Group 1-458
15:45:16.334 [Thread Group 1-461] INFO  o.apache.jmeter.threads.JMeterThread - Thread started: Thread Group 1-461
15:45:16.324 [Thread Group 1-460] INFO  o.apache.jmeter.threads.JMeterThread - Thread started: Thread Group 1-460
15:45:18.281 [Thread Group 1-616] INFO  o.apache.jmeter.threads.JMeterThread - Thread started: Thread Group 1-616
15:45:16.293 [Thread Group 1-457] INFO  o.apache.jmeter.threads.JMeterThread - Thread started: Thread Group 1-457
15:45:18.282 [Thread Group 1-614] INFO  o.apache.jmeter.threads.JMeterThread - Thread started: Thread Group 1-614
15:45:16.293 [Thread Group 1-456] INFO  o.apache.jmeter.threads.JMeterThread - Thread started: Thread Group 1-456
15:45:16.272 [Thread Group 1-436] INFO  o.apache.jmeter.threads.JMeterThread - Thread started: Thread Group 1-436
15:45:16.271 [Thread Group 1-437] INFO  o.apache.jmeter.threads.JMeterThread - Thread started: Thread Group 1-437
15:45:16.269 [Thread Group 1-440] INFO  o.apache.jmeter.threads.JMeterThread - Thread started: Thread Group 1-440
15:45:16.267 [Thread Group 1-455] INFO  o.apache.jmeter.threads.JMeterThread - Thread started: Thread Group 1-455
15:45:16.265 [Thread Group 1-441] INFO  o.apache.jmeter.threads.JMeterThread - Thread started: Thread Group 1-441
15:45:16.222 [Thread Group 1-430] INFO  o.apache.jmeter.threads.JMeterThread - Thread started: Thread Group 1-430
15:45:16.215 [Thread Group 1-451] INFO  o.apache.jmeter.threads.JMeterThread - Thread started: Thread Group 1-451
15:45:16.202 [Thread Group 1-450] INFO  o.apache.jmeter.threads.JMeterThread - Thread started: Thread Group 1-450
15:45:16.185 [Thread Group 1-447] INFO  o.apache.jmeter.threads.JMeterThread - Thread started: Thread Group 1-447
15:45:18.244 [Thread Group 1-609] INFO  o.apache.jmeter.threads.JMeterThread - Thread started: Thread Group 1-609
15:45:18.244 [Thread Group 1-612] INFO  o.apache.jmeter.threads.JMeterThread - Thread started: Thread Group 1-612
15:45:18.241 [Thread Group 1-613] INFO  o.apache.jmeter.threads.JMeterThread - Thread started: Thread Group 1-613
15:45:18.095 [Thread Group 1-586] INFO  o.apache.jmeter.threads.JMeterThread - Thread started: Thread Group 1-586
15:45:18.095 [Thread Group 1-587] INFO  o.apache.jmeter.threads.JMeterThread - Thread started: Thread Group 1-587
15:45:18.095 [Thread Group 1-590] INFO  o.apache.jmeter.threads.JMeterThread - Thread started: Thread Group 1-590
15:45:18.095 [Thread Group 1-591] INFO  o.apache.jmeter.threads.JMeterThread - Thread started: Thread Group 1-591
15:45:18.095 [Thread Group 1-594] INFO  o.apache.jmeter.threads.JMeterThread - Thread started: Thread Group 1-594
15:45:17.848 [Thread Group 1-584] INFO  o.apache.jmeter.threads.JMeterThread - Thread started: Thread Group 1-584
15:45:17.827 [Thread Group 1-582] INFO  o.apache.jmeter.threads.JMeterThread - Thread started: Thread Group 1-582
15:45:17.812 [Thread Group 1-581] INFO  o.apache.jmeter.threads.JMeterThread - Thread started: Thread Group 1-581
15:45:17.807 [Thread Group 1-580] INFO  o.apache.jmeter.threads.JMeterThread - Thread started: Thread Group 1-580
15:45:17.807 [Thread Group 1-572] INFO  o.apache.jmeter.threads.JMeterThread - Thread started: Thread Group 1-572
15:45:17.807 [Thread Group 1-573] INFO  o.apache.jmeter.threads.JMeterThread - Thread started: Thread Group 1-573
15:45:17.807 [Thread Group 1-576] INFO  o.apache.jmeter.threads.JMeterThread - Thread started: Thread Group 1-576
15:45:17.799 [Thread Group 1-577] INFO  o.apache.jmeter.threads.JMeterThread - Thread started: Thread Group 1-577
15:45:17.785 [Thread Group 1-583] INFO  o.apache.jmeter.threads.JMeterThread - Thread started: Thread Group 1-583
15:45:17.530 [Thread Group 1-550] INFO  o.apache.jmeter.threads.JMeterThread - Thread started: Thread Group 1-550
15:45:17.530 [Thread Group 1-544] INFO  o.apache.jmeter.threads.JMeterThread - Thread started: Thread Group 1-544
15:45:17.530 [Thread Group 1-545] INFO  o.apache.jmeter.threads.JMeterThread - Thread started: Thread Group 1-545
15:45:17.513 [Thread Group 1-563] INFO  o.apache.jmeter.threads.JMeterThread - Thread started: Thread Group 1-563
15:45:17.495 [Thread Group 1-562] INFO  o.apache.jmeter.threads.JMeterThread - Thread started: Thread Group 1-562
15:45:17.486 [Thread Group 1-559] INFO  o.apache.jmeter.threads.JMeterThread - Thread started: Thread Group 1-559
15:45:17.486 [Thread Group 1-558] INFO  o.apache.jmeter.threads.JMeterThread - Thread started: Thread Group 1-558
15:45:17.476 [Thread Group 1-555] INFO  o.apache.jmeter.threads.JMeterThread - Thread started: Thread Group 1-555
15:45:17.476 [Thread Group 1-554] INFO  o.apache.jmeter.threads.JMeterThread - Thread started: Thread Group 1-554
15:45:17.472 [Thread Group 1-551] INFO  o.apache.jmeter.threads.JMeterThread - Thread started: Thread Group 1-551
15:45:18.414 [Thread Group 1-615] INFO  o.apache.jmeter.threads.JMeterThread - Thread started: Thread Group 1-615
15:45:18.415 [Thread Group 1-618] INFO  o.apache.jmeter.threads.JMeterThread - Thread started: Thread Group 1-618
15:45:18.415 [Thread Group 1-619] INFO  o.apache.jmeter.threads.JMeterThread - Thread started: Thread Group 1-619
[...]
15:45:32.949 [Thread Group 1-472] INFO  o.apache.jmeter.threads.JMeterThread - Thread finished: Thread Group 1-472
15:45:33.061 [Thread Group 1-139] INFO  o.apache.jmeter.threads.JMeterThread - Thread is done: Thread Group 1-139
15:45:33.062 [Thread Group 1-139] INFO  o.apache.jmeter.threads.JMeterThread - Thread finished: Thread Group 1-139
15:45:33.063 [Thread Group 1-709] INFO  o.apache.jmeter.threads.JMeterThread - Thread is done: Thread Group 1-709
15:45:33.063 [Thread Group 1-665] INFO  o.apache.jmeter.threads.JMeterThread - Thread is done: Thread Group 1-665
15:45:33.063 [Thread Group 1-709] INFO  o.apache.jmeter.threads.JMeterThread - Thread finished: Thread Group 1-709
15:45:33.063 [Thread Group 1-665] INFO  o.apache.jmeter.threads.JMeterThread - Thread finished: Thread Group 1-665
15:45:33.114 [Thread Group 1-319] INFO  o.apache.jmeter.threads.JMeterThread - Thread is done: Thread Group 1-319
15:45:33.114 [Thread Group 1-319] INFO  o.apache.jmeter.threads.JMeterThread - Thread finished: Thread Group 1-319
15:45:33.114 [Thread Group 1-51] INFO  o.apache.jmeter.threads.JMeterThread - Thread is done: Thread Group 1-51
15:45:33.114 [Thread Group 1-51] INFO  o.apache.jmeter.threads.JMeterThread - Thread finished: Thread Group 1-51
15:45:33.156 [Thread Group 1-667] INFO  o.apache.jmeter.threads.JMeterThread - Thread is done: Thread Group 1-667
15:45:33.156 [Thread Group 1-667] INFO  o.apache.jmeter.threads.JMeterThread - Thread finished: Thread Group 1-667
15:45:33.156 [Thread Group 1-170] INFO  o.apache.jmeter.threads.JMeterThread - Thread is done: Thread Group 1-170
15:45:33.156 [Thread Group 1-170] INFO  o.apache.jmeter.threads.JMeterThread - Thread finished: Thread Group 1-170
15:45:33.249 [Thread Group 1-690] INFO  o.apache.jmeter.threads.JMeterThread - Thread is done: Thread Group 1-690
15:45:33.249 [Thread Group 1-690] INFO  o.apache.jmeter.threads.JMeterThread - Thread finished: Thread Group 1-690
15:45:33.249 [Thread Group 1-794] INFO  o.apache.jmeter.threads.JMeterThread - Thread is done: Thread Group 1-794
15:45:33.249 [Thread Group 1-767] INFO  o.apache.jmeter.threads.JMeterThread - Thread is done: Thread Group 1-767
15:45:33.249 [Thread Group 1-794] INFO  o.apache.jmeter.threads.JMeterThread - Thread finished: Thread Group 1-794
15:45:33.249 [Thread Group 1-767] INFO  o.apache.jmeter.threads.JMeterThread - Thread finished: Thread Group 1-767
15:45:33.259 [Thread Group 1-66] INFO  o.apache.jmeter.threads.JMeterThread - Thread is done: Thread Group 1-66
15:45:33.259 [Thread Group 1-66] INFO  o.apache.jmeter.threads.JMeterThread - Thread finished: Thread Group 1-66
15:45:33.311 [Thread Group 1-664] INFO  o.apache.jmeter.threads.JMeterThread - Thread is done: Thread Group 1-664
15:45:33.311 [Thread Group 1-664] INFO  o.apache.jmeter.threads.JMeterThread - Thread finished: Thread Group 1-664
15:45:33.333 [Thread Group 1-663] INFO  o.apache.jmeter.threads.JMeterThread - Thread is done: Thread Group 1-663
15:45:33.333 [Thread Group 1-663] INFO  o.apache.jmeter.threads.JMeterThread - Thread finished: Thread Group 1-663
15:45:33.382 [Thread Group 1-704] INFO  o.apache.jmeter.threads.JMeterThread - Thread is done: Thread Group 1-704
15:45:33.382 [Thread Group 1-704] INFO  o.apache.jmeter.threads.JMeterThread - Thread finished: Thread Group 1-704
15:45:33.509 [Thread Group 1-798] INFO  o.apache.jmeter.threads.JMeterThread - Thread is done: Thread Group 1-798
15:45:33.509 [Thread Group 1-798] INFO  o.apache.jmeter.threads.JMeterThread - Thread finished: Thread Group 1-798
15:45:33.509 [Thread Group 1-788] INFO  o.apache.jmeter.threads.JMeterThread - Thread is done: Thread Group 1-788
15:45:33.509 [Thread Group 1-788] INFO  o.apache.jmeter.threads.JMeterThread - Thread finished: Thread Group 1-788
15:45:33.572 [Thread Group 1-797] INFO  o.apache.jmeter.threads.JMeterThread - Thread is done: Thread Group 1-797
15:45:33.572 [Thread Group 1-764] INFO  o.apache.jmeter.threads.JMeterThread - Thread is done: Thread Group 1-764
15:45:33.572 [Thread Group 1-797] INFO  o.apache.jmeter.threads.JMeterThread - Thread finished: Thread Group 1-797
15:45:33.572 [Thread Group 1-764] INFO  o.apache.jmeter.threads.JMeterThread - Thread finished: Thread Group 1-764
15:45:33.572 [Thread Group 1-707] INFO  o.apache.jmeter.threads.JMeterThread - Thread is done: Thread Group 1-707
15:45:33.572 [Thread Group 1-707] INFO  o.apache.jmeter.threads.JMeterThread - Thread finished: Thread Group 1-707
15:45:33.572 [Thread Group 1-756] INFO  o.apache.jmeter.threads.JMeterThread - Thread is done: Thread Group 1-756
15:45:33.572 [Thread Group 1-756] INFO  o.apache.jmeter.threads.JMeterThread - Thread finished: Thread Group 1-756
15:45:33.572 [Thread Group 1-796] INFO  o.apache.jmeter.threads.JMeterThread - Thread is done: Thread Group 1-796
15:45:33.572 [Thread Group 1-773] INFO  o.apache.jmeter.threads.JMeterThread - Thread is done: Thread Group 1-773
15:45:33.572 [Thread Group 1-796] INFO  o.apache.jmeter.threads.JMeterThread - Thread finished: Thread Group 1-796
15:45:33.572 [Thread Group 1-773] INFO  o.apache.jmeter.threads.JMeterThread - Thread finished: Thread Group 1-773
15:45:33.572 [Thread Group 1-800] INFO  o.apache.jmeter.threads.JMeterThread - Thread is done: Thread Group 1-800
15:45:33.572 [Thread Group 1-800] INFO  o.apache.jmeter.threads.JMeterThread - Thread finished: Thread Group 1-800
15:45:33.592 [Thread Group 1-774] INFO  o.apache.jmeter.threads.JMeterThread - Thread is done: Thread Group 1-774
15:45:33.592 [Thread Group 1-774] INFO  o.apache.jmeter.threads.JMeterThread - Thread finished: Thread Group 1-774
15:45:33.592 [Thread Group 1-79] INFO  o.apache.jmeter.threads.JMeterThread - Thread is done: Thread Group 1-79
15:45:33.592 [Thread Group 1-79] INFO  o.apache.jmeter.threads.JMeterThread - Thread finished: Thread Group 1-79
15:45:33.592 [Thread Group 1-736] INFO  o.apache.jmeter.threads.JMeterThread - Thread is done: Thread Group 1-736
15:45:33.592 [Thread Group 1-736] INFO  o.apache.jmeter.threads.JMeterThread - Thread finished: Thread Group 1-736
15:45:33.671 [Thread Group 1-341] INFO  o.apache.jmeter.threads.JMeterThread - Thread is done: Thread Group 1-341
15:45:33.671 [Thread Group 1-341] INFO  o.apache.jmeter.threads.JMeterThread - Thread finished: Thread Group 1-341
15:45:33.671 [Thread Group 1-720] INFO  o.apache.jmeter.threads.JMeterThread - Thread is done: Thread Group 1-720
15:45:33.671 [Thread Group 1-720] INFO  o.apache.jmeter.threads.JMeterThread - Thread finished: Thread Group 1-720
15:45:33.671 [Thread Group 1-533] INFO  o.apache.jmeter.threads.JMeterThread - Thread is done: Thread Group 1-533
15:45:33.671 [Thread Group 1-533] INFO  o.apache.jmeter.threads.JMeterThread - Thread finished: Thread Group 1-533
15:45:33.808 [Thread Group 1-789] INFO  o.apache.jmeter.threads.JMeterThread - Thread is done: Thread Group 1-789
15:45:33.808 [Thread Group 1-789] INFO  o.apache.jmeter.threads.JMeterThread - Thread finished: Thread Group 1-789
15:45:33.857 [Thread Group 1-716] INFO  o.apache.jmeter.threads.JMeterThread - Thread is done: Thread Group 1-716
15:45:33.857 [Thread Group 1-716] INFO  o.apache.jmeter.threads.JMeterThread - Thread finished: Thread Group 1-716
15:45:33.857 [pool-2-thread-1] INFO  o.a.j.engine.StandardJMeterEngine - Notifying test listeners of end of test
15:45:33.857 [pool-2-thread-1] INFO  o.apache.jmeter.reporters.Summariser - summary +   1493 in 00:00:04 =  388.0/s Avg:   503 Min:    89 Max: 16379 Err:  1460 (97.79%) Active: 0 Started: 800 Finished: 800
summary +   1493 in 00:00:04 =  388.0/s Avg:   503 Min:    89 Max: 16379 Err:  1460 (97.79%) Active: 0 Started: 800 Finished: 800
15:45:33.857 [pool-2-thread-1] INFO  o.apache.jmeter.reporters.Summariser - summary =   4800 in 00:00:24 =  201.5/s Avg:  1636 Min:    89 Max: 16379 Err:  4696 (97.83%)
summary =   4800 in 00:00:24 =  201.5/s Avg:  1636 Min:    89 Max: 16379 Err:  4696 (97.83%)
15:45:33.893 [pool-2-thread-1] INFO  o.a.j.r.dashboard.ReportGenerator - ReportGenerator will use for Parsing the separator: ','
15:45:33.908 [pool-2-thread-1] INFO  o.a.j.r.dashboard.ReportGenerator - Will only generate report from results file: src/test/resources/jmeter/outputs/2021-10-21T15.45.08.877028/result.jtl
15:45:33.909 [pool-2-thread-1] INFO  o.a.j.r.dashboard.ReportGenerator - Reading report generator properties from: C:\Users\MartinS\OneDrive - 2i Limited\Jmeter_framework\generated-framework\src\test\resources\jmeter\bin\reportgenerator.properties
15:45:33.909 [pool-2-thread-1] INFO  o.a.j.r.dashboard.ReportGenerator - Merging with JMeter properties
15:45:33.925 [pool-2-thread-1] INFO  o.a.j.r.c.ReportGeneratorConfiguration - Property 'jmeter.reportgenerator.temp_dir' not found, using default value 'temp' instead.
15:45:33.925 [pool-2-thread-1] INFO  o.a.j.r.c.ReportGeneratorConfiguration - Property 'jmeter.reportgenerator.apdex_per_transaction' not found, using default value 'null' instead.
15:45:33.925 [pool-2-thread-1] INFO  o.a.j.r.c.ReportGeneratorConfiguration - apdex_per_transaction is empty, not APDEX per transaction customization
15:45:33.925 [pool-2-thread-1] INFO  o.a.j.r.c.ReportGeneratorConfiguration - Property 'jmeter.reportgenerator.sample_filter' not found, using default value 'null' instead.
15:45:33.925 [pool-2-thread-1] INFO  o.a.j.r.c.ReportGeneratorConfiguration - Property 'jmeter.reportgenerator.report_title' not found, using default value 'null' instead.
15:45:33.925 [pool-2-thread-1] INFO  o.a.j.r.c.ReportGeneratorConfiguration - Property 'jmeter.reportgenerator.start_date' not found, using default value 'null' instead.
15:45:33.925 [pool-2-thread-1] INFO  o.a.j.r.c.ReportGeneratorConfiguration - Property 'jmeter.reportgenerator.end_date' not found, using default value 'null' instead.
15:45:33.925 [pool-2-thread-1] INFO  o.a.j.r.c.ReportGeneratorConfiguration - Property 'jmeter.reportgenerator.date_format' not found, using default value 'null' instead.
15:45:33.943 [pool-2-thread-1] INFO  o.a.j.r.c.ReportGeneratorConfiguration - Will use date range start date: null, end date: null
15:45:33.943 [pool-2-thread-1] INFO  o.a.j.r.c.ReportGeneratorConfiguration - Property 'jmeter.reportgenerator.graph.activeThreadsOverTime.exclude_controllers' not found, using default value 'false' instead.
15:45:33.943 [pool-2-thread-1] INFO  o.a.j.r.c.ReportGeneratorConfiguration - Property 'jmeter.reportgenerator.graph.timeVsThreads.exclude_controllers' not found, using default value 'false' instead.
15:45:33.943 [pool-2-thread-1] INFO  o.a.j.r.c.ReportGeneratorConfiguration - Property 'jmeter.reportgenerator.graph.responseTimeDistribution.exclude_controllers' not found, using default value 'false' instead.
15:45:33.943 [pool-2-thread-1] INFO  o.a.j.r.c.ReportGeneratorConfiguration - Property 'jmeter.reportgenerator.graph.transactionsPerSecond.exclude_controllers' not found, using default value 'false' instead.
15:45:33.943 [pool-2-thread-1] INFO  o.a.j.r.c.ReportGeneratorConfiguration - Property 'jmeter.reportgenerator.graph.responseTimePercentiles.exclude_controllers' not found, using default value 'false' instead.
15:45:33.943 [pool-2-thread-1] INFO  o.a.j.r.c.ReportGeneratorConfiguration - Property 'jmeter.reportgenerator.graph.responseTimePercentilesOverTime.exclude_controllers' not found, using default value 'false' instead.
15:45:33.943 [pool-2-thread-1] INFO  o.a.j.r.c.ReportGeneratorConfiguration - Property 'jmeter.reportgenerator.graph.responseTimesOverTime.exclude_controllers' not found, using default value 'false' instead.
15:45:33.943 [pool-2-thread-1] INFO  o.a.j.r.c.ReportGeneratorConfiguration - Property 'jmeter.reportgenerator.graph.connectTimeOverTime.exclude_controllers' not found, using default value 'false' instead.
15:45:33.943 [pool-2-thread-1] INFO  o.a.j.r.c.ReportGeneratorConfiguration - Property 'jmeter.reportgenerator.graph.latenciesOverTime.exclude_controllers' not found, using default value 'false' instead.
15:45:33.943 [pool-2-thread-1] INFO  o.a.j.r.c.ReportGeneratorConfiguration - Property 'jmeter.reportgenerator.exporter.html.filters_only_sample_series' not found, using default value 'true' instead.
15:45:33.943 [pool-2-thread-1] INFO  o.a.j.r.c.ReportGeneratorConfiguration - Property 'jmeter.reportgenerator.exporter.html.series_filter' not found, using default value '' instead.
15:45:33.943 [pool-2-thread-1] INFO  o.a.j.r.c.ReportGeneratorConfiguration - Property 'jmeter.reportgenerator.exporter.html.show_controllers_only' not found, using default value 'false' instead.
15:45:34.013 [pool-2-thread-1] INFO  o.a.j.r.p.NormalizerSampleConsumer - Using format, 'ms', to parse timeStamp field
15:45:34.538 [pool-2-thread-1] INFO  o.a.j.r.p.AbstractSampleConsumer - class org.apache.jmeter.report.processor.AggregateConsumer#stopProducing(): beginDate produced 0 samples
15:45:34.538 [pool-2-thread-1] INFO  o.a.j.r.p.AbstractSampleConsumer - class org.apache.jmeter.report.processor.AggregateConsumer#stopProducing(): endDate produced 0 samples
15:45:34.538 [pool-2-thread-1] INFO  o.a.j.r.p.AbstractSampleConsumer - class org.apache.jmeter.report.processor.ApdexSummaryConsumer#stopProducing(): apdexSummary produced 0 samples
15:45:34.538 [pool-2-thread-1] INFO  o.a.j.r.p.AbstractSampleConsumer - class org.apache.jmeter.report.processor.RequestsSummaryConsumer#stopProducing(): requestsSummary produced 0 samples
15:45:34.558 [pool-2-thread-1] INFO  o.a.j.r.p.AbstractSampleConsumer - class org.apache.jmeter.report.processor.StatisticsSummaryConsumer#stopProducing(): statisticsSummary produced 0 samples
15:45:34.574 [pool-2-thread-1] INFO  o.a.j.r.p.AbstractSampleConsumer - class org.apache.jmeter.report.processor.Top5ErrorsBySamplerConsumer#stopProducing(): top5ErrorsBySampler produced 0 samples
15:45:34.574 [pool-2-thread-1] INFO  o.a.j.r.p.AbstractSampleConsumer - class org.apache.jmeter.report.processor.ErrorsSummaryConsumer#stopProducing(): errorsSummary produced 0 samples
15:45:34.574 [pool-2-thread-1] INFO  o.a.j.r.p.AbstractSampleConsumer - class org.apache.jmeter.report.processor.graph.impl.HitsPerSecondGraphConsumer#stopProducing(): hitsPerSecond produced 0 samples
15:45:34.694 [pool-2-thread-1] INFO  o.a.j.r.p.AbstractSampleConsumer - class org.apache.jmeter.report.processor.graph.impl.LatencyVSRequestGraphConsumer#stopProducing(): latencyVsRequest produced 0 samples
15:45:34.694 [pool-2-thread-1] INFO  o.a.j.r.p.AbstractSampleConsumer - class org.apache.jmeter.report.processor.graph.impl.SyntheticResponseTimeDistributionGraphConsumer#stopProducing(): syntheticResponseTimeDistribution produced 0 samples
15:45:34.694 [pool-2-thread-1] INFO  o.a.j.r.p.AbstractSampleConsumer - class org.apache.jmeter.report.processor.graph.impl.BytesThroughputGraphConsumer#stopProducing(): bytesThroughputOverTime produced 0 samples
15:45:34.694 [pool-2-thread-1] INFO  o.a.j.r.p.AbstractSampleConsumer - class org.apache.jmeter.report.processor.graph.impl.CodesPerSecondGraphConsumer#stopProducing(): codesPerSecond produced 0 samples
15:45:34.756 [pool-2-thread-1] INFO  o.a.j.r.p.AbstractSampleConsumer - class org.apache.jmeter.report.processor.graph.impl.ResponseTimeVSRequestGraphConsumer#stopProducing(): responseTimeVsRequest produced 0 samples
15:45:34.759 [pool-2-thread-1] INFO  o.a.j.r.p.AbstractSampleConsumer - class org.apache.jmeter.report.processor.FilterConsumer#stopProducing(): startIntervalControlerFilter produced 36596 samples
15:45:34.759 [pool-2-thread-1] INFO  o.a.j.r.p.AbstractSampleConsumer - class org.apache.jmeter.report.processor.graph.impl.ActiveThreadsGraphConsumer#stopProducing(): activeThreadsOverTime produced 0 samples
15:45:34.759 [pool-2-thread-1] INFO  o.a.j.r.p.AbstractSampleConsumer - class org.apache.jmeter.report.processor.graph.impl.TimeVSThreadGraphConsumer#stopProducing(): timeVsThreads produced 0 samples
15:45:34.762 [pool-2-thread-1] INFO  o.a.j.r.p.AbstractSampleConsumer - class org.apache.jmeter.report.processor.graph.impl.ResponseTimeDistributionGraphConsumer#stopProducing(): responseTimeDistribution produced 0 samples
15:45:34.762 [pool-2-thread-1] INFO  o.a.j.r.p.AbstractSampleConsumer - class org.apache.jmeter.report.processor.graph.impl.TransactionsPerSecondGraphConsumer#stopProducing(): transactionsPerSecond produced 0 samples
15:45:34.762 [pool-2-thread-1] INFO  o.a.j.r.p.AbstractSampleConsumer - class org.apache.jmeter.report.processor.graph.impl.ResponseTimePercentilesGraphConsumer#stopProducing(): responseTimePercentiles produced 0 samples
15:45:34.768 [pool-2-thread-1] INFO  o.a.j.r.p.AbstractSampleConsumer - class org.apache.jmeter.report.processor.graph.impl.ResponseTimePercentilesOverTimeGraphConsumer#stopProducing(): responseTimePercentilesOverTime produced 0 samples
15:45:34.768 [pool-2-thread-1] INFO  o.a.j.r.p.AbstractSampleConsumer - class org.apache.jmeter.report.processor.graph.impl.ResponseTimeOverTimeGraphConsumer#stopProducing(): responseTimesOverTime produced 0 samples
15:45:34.768 [pool-2-thread-1] INFO  o.a.j.r.p.AbstractSampleConsumer - class org.apache.jmeter.report.processor.graph.impl.ConnectTimeOverTimeGraphConsumer#stopProducing(): connectTimeOverTime produced 0 samples
15:45:34.768 [pool-2-thread-1] INFO  o.a.j.r.p.AbstractSampleConsumer - class org.apache.jmeter.report.processor.graph.impl.LatencyOverTimeGraphConsumer#stopProducing(): latenciesOverTime produced 0 samples
15:45:34.770 [pool-2-thread-1] INFO  o.a.j.r.p.AbstractSampleConsumer - class org.apache.jmeter.report.processor.FilterConsumer#stopProducing(): nameFilter produced 73192 samples
15:45:34.770 [pool-2-thread-1] INFO  o.a.j.r.p.AbstractSampleConsumer - class org.apache.jmeter.report.processor.FilterConsumer#stopProducing(): dateRangeFilter produced 15684 samples
15:45:34.770 [pool-2-thread-1] INFO  o.a.j.r.p.AbstractSampleConsumer - class org.apache.jmeter.report.processor.NormalizerSampleConsumer#stopProducing(): normalizer produced 5228 samples
15:45:34.771 [pool-2-thread-1] INFO  o.a.j.r.p.CsvFileSampleSource - produce(): 5228 samples produced in 705ms on channel 0
15:45:34.771 [pool-2-thread-1] INFO  o.a.j.r.dashboard.ReportGenerator - Exporting data using exporter:'html' of className:'org.apache.jmeter.report.dashboard.HtmlTemplateExporter'
15:45:34.771 [pool-2-thread-1] INFO  o.a.j.r.d.HtmlTemplateExporter - Will generate dashboard in folder: C:\Users\MartinS\OneDrive - 2i Limited\Jmeter_framework\generated-framework\src\test\resources\jmeter\outputs\2021-10-21T15.45.08.877028
15:45:35.831 [pool-2-thread-1] INFO  o.a.j.r.d.HtmlTemplateExporter - Report will be generated in: C:\Users\MartinS\OneDrive - 2i Limited\Jmeter_framework\generated-framework\src\test\resources\jmeter\outputs\2021-10-21T15.45.08.877028, creating folder structure
15:45:35.831 [pool-2-thread-1] INFO  o.a.j.r.dashboard.TemplateVisitor - Copying folder from 'src\test\resources\jmeter\bin\report-template' to 'src\test\resources\jmeter\outputs\2021-10-21T15.45.08.877028', got message: src\test\resources\jmeter\outputs\2021-10-21T15.45.08.877028, found non empty folder with following content [src\test\resources\jmeter\outputs\2021-10-21T15.45.08.877028\result.jtl], will be ignored
  &amp#27;[32mThen &amp#27;[0m&amp#27;[32mthe JMX file: "&amp#27;[0m&amp#27;[32m&amp#27;[1mView Results Tree.jmx&amp#27;[0m&amp#27;[32m" is executed&amp#27;[0m                            &amp#27;[90m# jmeter.stepdefinitions.JmeterSteps.theTestIsExecuted(java.lang.String)&amp#27;[0m
15:45:38.173 [pool-2-thread-1] INFO   - 
  _____   ___   ___   _____     ___     _     ___   ___   ___   ___  
 |_   _| | __| / __| |_   _|   | _ \   /_\   / __| / __| | __| |   \ 
   | |   | _|  \__ \   | |     |  _/  / _ \  \__ \ \__ \ | _|  | |) |
   |_|   |___| |___/   |_|     |_|   /_/ \_\ |___/ |___/ |___| |___/ 

Performance testing using a preconfigured JMX file
----------------------------------------------------------------------
]]></system-out>
  </testcase>
</testsuite>